{"D:\\New folder\\ICS-Guard\\backend\\src\\config\\db.js": {"path":"D:\\New folder\\ICS-Guard\\backend\\src\\config\\db.js","statementMap":{"0":{"start":{"line":3,"column":18},"end":{"line":13,"column":1}},"1":{"start":{"line":4,"column":2},"end":{"line":12,"column":3}},"2":{"start":{"line":5,"column":21},"end":{"line":5,"column":83}},"3":{"start":{"line":6,"column":4},"end":{"line":6,"column":103}},"4":{"start":{"line":7,"column":4},"end":{"line":7,"column":37}},"5":{"start":{"line":8,"column":4},"end":{"line":8,"column":62}},"6":{"start":{"line":10,"column":4},"end":{"line":10,"column":74}},"7":{"start":{"line":11,"column":4},"end":{"line":11,"column":20}}},"fnMap":{"0":{"name":"(anonymous_0)","decl":{"start":{"line":3,"column":18},"end":{"line":3,"column":19}},"loc":{"start":{"line":3,"column":30},"end":{"line":13,"column":1}},"line":3}},"branchMap":{"0":{"loc":{"start":{"line":5,"column":21},"end":{"line":5,"column":83}},"type":"binary-expr","locations":[{"start":{"line":5,"column":21},"end":{"line":5,"column":42}},{"start":{"line":5,"column":46},"end":{"line":5,"column":83}}],"line":5}},"s":{"0":19,"1":0,"2":0,"3":0,"4":0,"5":0,"6":0,"7":0},"f":{"0":0},"b":{"0":[0,0]},"inputSourceMap":null,"_coverageSchema":"1a1c01bbd47fc00a2c39e90264f33305004495a9","hash":"387198f7aec893f612141f17e145a3a6e3188d48"}
,"D:\\New folder\\ICS-Guard\\backend\\src\\config\\redis.js": {"path":"D:\\New folder\\ICS-Guard\\backend\\src\\config\\redis.js","statementMap":{"0":{"start":{"line":6,"column":19},"end":{"line":6,"column":49}},"1":{"start":{"line":7,"column":18},"end":{"line":7,"column":42}},"2":{"start":{"line":8,"column":15},"end":{"line":8,"column":57}},"3":{"start":{"line":10,"column":18},"end":{"line":10,"column":67}},"4":{"start":{"line":11,"column":0},"end":{"line":11,"column":63}},"5":{"start":{"line":13,"column":17},"end":{"line":13,"column":21}},"6":{"start":{"line":14,"column":18},"end":{"line":14,"column":23}},"7":{"start":{"line":17,"column":19},"end":{"line":25,"column":1}},"8":{"start":{"line":19,"column":25},"end":{"line":19,"column":73}},"9":{"start":{"line":20,"column":27},"end":{"line":20,"column":31}},"10":{"start":{"line":21,"column":19},"end":{"line":21,"column":23}},"11":{"start":{"line":27,"column":0},"end":{"line":69,"column":1}},"12":{"start":{"line":28,"column":16},"end":{"line":28,"column":46}},"13":{"start":{"line":29,"column":24},"end":{"line":39,"column":3}},"14":{"start":{"line":32,"column":6},"end":{"line":36,"column":7}},"15":{"start":{"line":33,"column":8},"end":{"line":33,"column":95}},"16":{"start":{"line":34,"column":8},"end":{"line":34,"column":27}},"17":{"start":{"line":35,"column":8},"end":{"line":35,"column":21}},"18":{"start":{"line":37,"column":6},"end":{"line":37,"column":18}},"19":{"start":{"line":41,"column":2},"end":{"line":50,"column":3}},"20":{"start":{"line":42,"column":4},"end":{"line":42,"column":29}},"21":{"start":{"line":43,"column":4},"end":{"line":49,"column":5}},"22":{"start":{"line":44,"column":6},"end":{"line":44,"column":94}},"23":{"start":{"line":45,"column":6},"end":{"line":45,"column":51}},"24":{"start":{"line":47,"column":6},"end":{"line":47,"column":123}},"25":{"start":{"line":48,"column":6},"end":{"line":48,"column":47}},"26":{"start":{"line":52,"column":2},"end":{"line":55,"column":5}},"27":{"start":{"line":57,"column":2},"end":{"line":60,"column":5}},"28":{"start":{"line":58,"column":4},"end":{"line":58,"column":66}},"29":{"start":{"line":59,"column":4},"end":{"line":59,"column":23}},"30":{"start":{"line":62,"column":2},"end":{"line":65,"column":5}},"31":{"start":{"line":63,"column":4},"end":{"line":63,"column":58}},"32":{"start":{"line":64,"column":4},"end":{"line":64,"column":24}},"33":{"start":{"line":67,"column":2},"end":{"line":67,"column":69}},"34":{"start":{"line":68,"column":2},"end":{"line":68,"column":21}},"35":{"start":{"line":72,"column":20},"end":{"line":152,"column":1}},"36":{"start":{"line":74,"column":4},"end":{"line":76,"column":5}},"37":{"start":{"line":75,"column":6},"end":{"line":75,"column":36}},"38":{"start":{"line":79,"column":4},"end":{"line":88,"column":5}},"39":{"start":{"line":80,"column":6},"end":{"line":85,"column":7}},"40":{"start":{"line":81,"column":8},"end":{"line":81,"column":35}},"41":{"start":{"line":83,"column":8},"end":{"line":83,"column":85}},"42":{"start":{"line":84,"column":8},"end":{"line":84,"column":27}},"43":{"start":{"line":87,"column":6},"end":{"line":87,"column":33}},"44":{"start":{"line":91,"column":21},"end":{"line":91,"column":60}},"45":{"start":{"line":92,"column":4},"end":{"line":99,"column":5}},"46":{"start":{"line":93,"column":6},"end":{"line":98,"column":7}},"47":{"start":{"line":94,"column":8},"end":{"line":94,"column":54}},"48":{"start":{"line":96,"column":8},"end":{"line":96,"column":86}},"49":{"start":{"line":97,"column":8},"end":{"line":97,"column":27}},"50":{"start":{"line":102,"column":16},"end":{"line":102,"column":49}},"51":{"start":{"line":103,"column":19},"end":{"line":103,"column":71}},"52":{"start":{"line":105,"column":4},"end":{"line":107,"column":5}},"53":{"start":{"line":106,"column":6},"end":{"line":106,"column":29}},"54":{"start":{"line":108,"column":4},"end":{"line":110,"column":5}},"55":{"start":{"line":109,"column":6},"end":{"line":109,"column":25}},"56":{"start":{"line":111,"column":4},"end":{"line":113,"column":5}},"57":{"start":{"line":112,"column":6},"end":{"line":112,"column":17}},"58":{"start":{"line":114,"column":4},"end":{"line":114,"column":16}},"59":{"start":{"line":117,"column":4},"end":{"line":124,"column":5}},"60":{"start":{"line":118,"column":6},"end":{"line":123,"column":7}},"61":{"start":{"line":119,"column":8},"end":{"line":119,"column":41}},"62":{"start":{"line":121,"column":8},"end":{"line":121,"column":27}},"63":{"start":{"line":122,"column":8},"end":{"line":122,"column":20}},"64":{"start":{"line":125,"column":4},"end":{"line":125,"column":16}},"65":{"start":{"line":128,"column":4},"end":{"line":134,"column":5}},"66":{"start":{"line":129,"column":6},"end":{"line":133,"column":7}},"67":{"start":{"line":130,"column":8},"end":{"line":130,"column":52}},"68":{"start":{"line":132,"column":8},"end":{"line":132,"column":27}},"69":{"start":{"line":137,"column":4},"end":{"line":143,"column":5}},"70":{"start":{"line":138,"column":6},"end":{"line":142,"column":7}},"71":{"start":{"line":139,"column":8},"end":{"line":139,"column":34}},"72":{"start":{"line":141,"column":8},"end":{"line":141,"column":27}},"73":{"start":{"line":146,"column":4},"end":{"line":150,"column":5}},"74":{"start":{"line":147,"column":6},"end":{"line":149,"column":22}},"75":{"start":{"line":148,"column":8},"end":{"line":148,"column":32}}},"fnMap":{"0":{"name":"(anonymous_0)","decl":{"start":{"line":18,"column":6},"end":{"line":18,"column":7}},"loc":{"start":{"line":18,"column":26},"end":{"line":18,"column":28}},"line":18},"1":{"name":"(anonymous_1)","decl":{"start":{"line":19,"column":11},"end":{"line":19,"column":12}},"loc":{"start":{"line":19,"column":23},"end":{"line":19,"column":75}},"line":19},"2":{"name":"(anonymous_2)","decl":{"start":{"line":20,"column":15},"end":{"line":20,"column":16}},"loc":{"start":{"line":20,"column":27},"end":{"line":20,"column":31}},"line":20},"3":{"name":"(anonymous_3)","decl":{"start":{"line":21,"column":7},"end":{"line":21,"column":8}},"loc":{"start":{"line":21,"column":19},"end":{"line":21,"column":23}},"line":21},"4":{"name":"(anonymous_4)","decl":{"start":{"line":22,"column":9},"end":{"line":22,"column":10}},"loc":{"start":{"line":22,"column":21},"end":{"line":22,"column":23}},"line":22},"5":{"name":"(anonymous_5)","decl":{"start":{"line":23,"column":7},"end":{"line":23,"column":8}},"loc":{"start":{"line":23,"column":19},"end":{"line":23,"column":21}},"line":23},"6":{"name":"(anonymous_6)","decl":{"start":{"line":24,"column":8},"end":{"line":24,"column":9}},"loc":{"start":{"line":24,"column":20},"end":{"line":24,"column":22}},"line":24},"7":{"name":"(anonymous_7)","decl":{"start":{"line":31,"column":23},"end":{"line":31,"column":24}},"loc":{"start":{"line":31,"column":36},"end":{"line":38,"column":5}},"line":31},"8":{"name":"(anonymous_8)","decl":{"start":{"line":57,"column":25},"end":{"line":57,"column":26}},"loc":{"start":{"line":57,"column":34},"end":{"line":60,"column":3}},"line":57},"9":{"name":"(anonymous_9)","decl":{"start":{"line":62,"column":27},"end":{"line":62,"column":28}},"loc":{"start":{"line":62,"column":33},"end":{"line":65,"column":3}},"line":62},"10":{"name":"(anonymous_10)","decl":{"start":{"line":73,"column":6},"end":{"line":73,"column":7}},"loc":{"start":{"line":73,"column":26},"end":{"line":77,"column":3}},"line":73},"11":{"name":"(anonymous_11)","decl":{"start":{"line":78,"column":11},"end":{"line":78,"column":12}},"loc":{"start":{"line":78,"column":23},"end":{"line":89,"column":3}},"line":78},"12":{"name":"(anonymous_12)","decl":{"start":{"line":90,"column":15},"end":{"line":90,"column":16}},"loc":{"start":{"line":90,"column":31},"end":{"line":115,"column":3}},"line":90},"13":{"name":"(anonymous_13)","decl":{"start":{"line":116,"column":7},"end":{"line":116,"column":8}},"loc":{"start":{"line":116,"column":22},"end":{"line":126,"column":3}},"line":116},"14":{"name":"(anonymous_14)","decl":{"start":{"line":127,"column":9},"end":{"line":127,"column":10}},"loc":{"start":{"line":127,"column":40},"end":{"line":135,"column":3}},"line":127},"15":{"name":"(anonymous_15)","decl":{"start":{"line":136,"column":7},"end":{"line":136,"column":8}},"loc":{"start":{"line":136,"column":22},"end":{"line":144,"column":3}},"line":136},"16":{"name":"(anonymous_16)","decl":{"start":{"line":145,"column":8},"end":{"line":145,"column":9}},"loc":{"start":{"line":145,"column":20},"end":{"line":151,"column":3}},"line":145}},"branchMap":{"0":{"loc":{"start":{"line":10,"column":18},"end":{"line":10,"column":67}},"type":"binary-expr","locations":[{"start":{"line":10,"column":18},"end":{"line":10,"column":39}},{"start":{"line":10,"column":43},"end":{"line":10,"column":67}}],"line":10},"1":{"loc":{"start":{"line":32,"column":6},"end":{"line":36,"column":7}},"type":"if","locations":[{"start":{"line":32,"column":6},"end":{"line":36,"column":7}},{"start":{},"end":{}}],"line":32},"2":{"loc":{"start":{"line":41,"column":2},"end":{"line":50,"column":3}},"type":"if","locations":[{"start":{"line":41,"column":2},"end":{"line":50,"column":3}},{"start":{},"end":{}}],"line":41},"3":{"loc":{"start":{"line":43,"column":4},"end":{"line":49,"column":5}},"type":"if","locations":[{"start":{"line":43,"column":4},"end":{"line":49,"column":5}},{"start":{"line":46,"column":11},"end":{"line":49,"column":5}}],"line":43},"4":{"loc":{"start":{"line":74,"column":4},"end":{"line":76,"column":5}},"type":"if","locations":[{"start":{"line":74,"column":4},"end":{"line":76,"column":5}},{"start":{},"end":{}}],"line":74},"5":{"loc":{"start":{"line":74,"column":8},"end":{"line":74,"column":34}},"type":"binary-expr","locations":[{"start":{"line":74,"column":8},"end":{"line":74,"column":18}},{"start":{"line":74,"column":22},"end":{"line":74,"column":34}}],"line":74},"6":{"loc":{"start":{"line":79,"column":4},"end":{"line":88,"column":5}},"type":"if","locations":[{"start":{"line":79,"column":4},"end":{"line":88,"column":5}},{"start":{"line":86,"column":11},"end":{"line":88,"column":5}}],"line":79},"7":{"loc":{"start":{"line":79,"column":8},"end":{"line":79,"column":34}},"type":"binary-expr","locations":[{"start":{"line":79,"column":8},"end":{"line":79,"column":18}},{"start":{"line":79,"column":22},"end":{"line":79,"column":34}}],"line":79},"8":{"loc":{"start":{"line":91,"column":21},"end":{"line":91,"column":60}},"type":"cond-expr","locations":[{"start":{"line":91,"column":46},"end":{"line":91,"column":53}},{"start":{"line":91,"column":56},"end":{"line":91,"column":60}}],"line":91},"9":{"loc":{"start":{"line":92,"column":4},"end":{"line":99,"column":5}},"type":"if","locations":[{"start":{"line":92,"column":4},"end":{"line":99,"column":5}},{"start":{},"end":{}}],"line":92},"10":{"loc":{"start":{"line":92,"column":8},"end":{"line":92,"column":55}},"type":"binary-expr","locations":[{"start":{"line":92,"column":8},"end":{"line":92,"column":18}},{"start":{"line":92,"column":22},"end":{"line":92,"column":34}},{"start":{"line":92,"column":38},"end":{"line":92,"column":55}}],"line":92},"11":{"loc":{"start":{"line":103,"column":19},"end":{"line":103,"column":71}},"type":"cond-expr","locations":[{"start":{"line":103,"column":33},"end":{"line":103,"column":66}},{"start":{"line":103,"column":69},"end":{"line":103,"column":71}}],"line":103},"12":{"loc":{"start":{"line":105,"column":4},"end":{"line":107,"column":5}},"type":"if","locations":[{"start":{"line":105,"column":4},"end":{"line":107,"column":5}},{"start":{},"end":{}}],"line":105},"13":{"loc":{"start":{"line":105,"column":8},"end":{"line":105,"column":45}},"type":"binary-expr","locations":[{"start":{"line":105,"column":8},"end":{"line":105,"column":24}},{"start":{"line":105,"column":28},"end":{"line":105,"column":45}}],"line":105},"14":{"loc":{"start":{"line":108,"column":4},"end":{"line":110,"column":5}},"type":"if","locations":[{"start":{"line":108,"column":4},"end":{"line":110,"column":5}},{"start":{},"end":{}}],"line":108},"15":{"loc":{"start":{"line":108,"column":8},"end":{"line":108,"column":43}},"type":"binary-expr","locations":[{"start":{"line":108,"column":8},"end":{"line":108,"column":25}},{"start":{"line":108,"column":29},"end":{"line":108,"column":43}}],"line":108},"16":{"loc":{"start":{"line":111,"column":4},"end":{"line":113,"column":5}},"type":"if","locations":[{"start":{"line":111,"column":4},"end":{"line":113,"column":5}},{"start":{},"end":{}}],"line":111},"17":{"loc":{"start":{"line":117,"column":4},"end":{"line":124,"column":5}},"type":"if","locations":[{"start":{"line":117,"column":4},"end":{"line":124,"column":5}},{"start":{},"end":{}}],"line":117},"18":{"loc":{"start":{"line":117,"column":8},"end":{"line":117,"column":55}},"type":"binary-expr","locations":[{"start":{"line":117,"column":8},"end":{"line":117,"column":18}},{"start":{"line":117,"column":22},"end":{"line":117,"column":34}},{"start":{"line":117,"column":38},"end":{"line":117,"column":55}}],"line":117},"19":{"loc":{"start":{"line":128,"column":4},"end":{"line":134,"column":5}},"type":"if","locations":[{"start":{"line":128,"column":4},"end":{"line":134,"column":5}},{"start":{},"end":{}}],"line":128},"20":{"loc":{"start":{"line":128,"column":8},"end":{"line":128,"column":55}},"type":"binary-expr","locations":[{"start":{"line":128,"column":8},"end":{"line":128,"column":18}},{"start":{"line":128,"column":22},"end":{"line":128,"column":34}},{"start":{"line":128,"column":38},"end":{"line":128,"column":55}}],"line":128},"21":{"loc":{"start":{"line":137,"column":4},"end":{"line":143,"column":5}},"type":"if","locations":[{"start":{"line":137,"column":4},"end":{"line":143,"column":5}},{"start":{},"end":{}}],"line":137},"22":{"loc":{"start":{"line":137,"column":8},"end":{"line":137,"column":55}},"type":"binary-expr","locations":[{"start":{"line":137,"column":8},"end":{"line":137,"column":18}},{"start":{"line":137,"column":22},"end":{"line":137,"column":34}},{"start":{"line":137,"column":38},"end":{"line":137,"column":55}}],"line":137},"23":{"loc":{"start":{"line":146,"column":4},"end":{"line":150,"column":5}},"type":"if","locations":[{"start":{"line":146,"column":4},"end":{"line":150,"column":5}},{"start":{},"end":{}}],"line":146},"24":{"loc":{"start":{"line":146,"column":8},"end":{"line":146,"column":55}},"type":"binary-expr","locations":[{"start":{"line":146,"column":8},"end":{"line":146,"column":18}},{"start":{"line":146,"column":22},"end":{"line":146,"column":34}},{"start":{"line":146,"column":38},"end":{"line":146,"column":55}}],"line":146}},"s":{"0":5,"1":5,"2":5,"3":5,"4":5,"5":5,"6":5,"7":5,"8":0,"9":0,"10":0,"11":5,"12":5,"13":5,"14":0,"15":0,"16":0,"17":0,"18":0,"19":5,"20":0,"21":0,"22":0,"23":0,"24":0,"25":0,"26":5,"27":5,"28":0,"29":0,"30":5,"31":0,"32":0,"33":0,"34":0,"35":5,"36":0,"37":0,"38":0,"39":0,"40":0,"41":0,"42":0,"43":0,"44":5,"45":5,"46":0,"47":0,"48":0,"49":0,"50":5,"51":5,"52":5,"53":2,"54":3,"55":3,"56":0,"57":0,"58":0,"59":0,"60":0,"61":0,"62":0,"63":0,"64":0,"65":0,"66":0,"67":0,"68":0,"69":0,"70":0,"71":0,"72":0,"73":0,"74":0,"75":0},"f":{"0":0,"1":0,"2":0,"3":0,"4":0,"5":0,"6":0,"7":0,"8":0,"9":0,"10":0,"11":0,"12":5,"13":0,"14":0,"15":0,"16":0},"b":{"0":[5,5],"1":[0,0],"2":[0,5],"3":[0,0],"4":[0,0],"5":[0,0],"6":[0,0],"7":[0,0],"8":[0,5],"9":[0,5],"10":[5,5,5],"11":[5,0],"12":[2,3],"13":[5,2],"14":[3,0],"15":[3,0],"16":[0,0],"17":[0,0],"18":[0,0,0],"19":[0,0],"20":[0,0,0],"21":[0,0],"22":[0,0,0],"23":[0,0],"24":[0,0,0]},"inputSourceMap":null,"_coverageSchema":"1a1c01bbd47fc00a2c39e90264f33305004495a9","hash":"7dcabcee203a0ace4c9a7cda0bdb3a0200e41042"}
,"D:\\New folder\\ICS-Guard\\backend\\src\\controllers\\aiController.js": {"path":"D:\\New folder\\ICS-Guard\\backend\\src\\controllers\\aiController.js","statementMap":{"0":{"start":{"line":4,"column":26},"end":{"line":17,"column":1}},"1":{"start":{"line":5,"column":22},"end":{"line":5,"column":30}},"2":{"start":{"line":7,"column":2},"end":{"line":9,"column":3}},"3":{"start":{"line":8,"column":4},"end":{"line":8,"column":86}},"4":{"start":{"line":11,"column":2},"end":{"line":16,"column":3}},"5":{"start":{"line":12,"column":18},"end":{"line":12,"column":54}},"6":{"start":{"line":13,"column":4},"end":{"line":13,"column":70}},"7":{"start":{"line":15,"column":4},"end":{"line":15,"column":79}}},"fnMap":{"0":{"name":"(anonymous_0)","decl":{"start":{"line":4,"column":26},"end":{"line":4,"column":27}},"loc":{"start":{"line":4,"column":46},"end":{"line":17,"column":1}},"line":4}},"branchMap":{"0":{"loc":{"start":{"line":7,"column":2},"end":{"line":9,"column":3}},"type":"if","locations":[{"start":{"line":7,"column":2},"end":{"line":9,"column":3}},{"start":{},"end":{}}],"line":7},"1":{"loc":{"start":{"line":7,"column":6},"end":{"line":7,"column":64}},"type":"binary-expr","locations":[{"start":{"line":7,"column":6},"end":{"line":7,"column":14}},{"start":{"line":7,"column":18},"end":{"line":7,"column":45}},{"start":{"line":7,"column":49},"end":{"line":7,"column":64}}],"line":7}},"s":{"0":1,"1":3,"2":3,"3":1,"4":2,"5":2,"6":2,"7":0},"f":{"0":3},"b":{"0":[1,2],"1":[3,2,2]},"inputSourceMap":null,"_coverageSchema":"1a1c01bbd47fc00a2c39e90264f33305004495a9","hash":"536f2dd430667f547fc9581daced75797b5cd6bc"}
,"D:\\New folder\\ICS-Guard\\backend\\src\\controllers\\alertController.js": {"path":"D:\\New folder\\ICS-Guard\\backend\\src\\controllers\\alertController.js","statementMap":{"0":{"start":{"line":5,"column":28},"end":{"line":49,"column":1}},"1":{"start":{"line":6,"column":2},"end":{"line":48,"column":3}},"2":{"start":{"line":7,"column":84},"end":{"line":7,"column":93}},"3":{"start":{"line":9,"column":16},"end":{"line":9,"column":18}},"4":{"start":{"line":10,"column":4},"end":{"line":17,"column":5}},"5":{"start":{"line":11,"column":26},"end":{"line":11,"column":49}},"6":{"start":{"line":12,"column":6},"end":{"line":16,"column":8}},"7":{"start":{"line":19,"column":4},"end":{"line":21,"column":5}},"8":{"start":{"line":20,"column":6},"end":{"line":20,"column":28}},"9":{"start":{"line":23,"column":4},"end":{"line":25,"column":5}},"10":{"start":{"line":24,"column":6},"end":{"line":24,"column":32}},"11":{"start":{"line":27,"column":4},"end":{"line":29,"column":5}},"12":{"start":{"line":28,"column":6},"end":{"line":28,"column":34}},"13":{"start":{"line":31,"column":22},"end":{"line":31,"column":46}},"14":{"start":{"line":32,"column":17},"end":{"line":32,"column":58}},"15":{"start":{"line":33,"column":18},"end":{"line":33,"column":36}},"16":{"start":{"line":35,"column":19},"end":{"line":39,"column":19}},"17":{"start":{"line":41,"column":18},"end":{"line":41,"column":51}},"18":{"start":{"line":42,"column":22},"end":{"line":42,"column":89}},"19":{"start":{"line":44,"column":4},"end":{"line":44,"column":105}},"20":{"start":{"line":46,"column":4},"end":{"line":46,"column":48}},"21":{"start":{"line":47,"column":4},"end":{"line":47,"column":71}},"22":{"start":{"line":51,"column":28},"end":{"line":65,"column":1}},"23":{"start":{"line":52,"column":2},"end":{"line":64,"column":3}},"24":{"start":{"line":53,"column":18},"end":{"line":54,"column":55}},"25":{"start":{"line":56,"column":4},"end":{"line":58,"column":5}},"26":{"start":{"line":57,"column":6},"end":{"line":57,"column":62}},"27":{"start":{"line":60,"column":4},"end":{"line":60,"column":71}},"28":{"start":{"line":62,"column":4},"end":{"line":62,"column":48}},"29":{"start":{"line":63,"column":4},"end":{"line":63,"column":70}},"30":{"start":{"line":67,"column":33},"end":{"line":100,"column":1}},"31":{"start":{"line":68,"column":2},"end":{"line":99,"column":3}},"32":{"start":{"line":69,"column":23},"end":{"line":69,"column":31}},"33":{"start":{"line":71,"column":26},"end":{"line":71,"column":79}},"34":{"start":{"line":72,"column":4},"end":{"line":74,"column":5}},"35":{"start":{"line":73,"column":6},"end":{"line":73,"column":70}},"36":{"start":{"line":76,"column":23},"end":{"line":76,"column":33}},"37":{"start":{"line":77,"column":4},"end":{"line":83,"column":5}},"38":{"start":{"line":78,"column":6},"end":{"line":78,"column":42}},"39":{"start":{"line":79,"column":6},"end":{"line":79,"column":71}},"40":{"start":{"line":81,"column":6},"end":{"line":81,"column":36}},"41":{"start":{"line":82,"column":6},"end":{"line":82,"column":36}},"42":{"start":{"line":85,"column":18},"end":{"line":89,"column":5}},"43":{"start":{"line":91,"column":4},"end":{"line":93,"column":5}},"44":{"start":{"line":92,"column":6},"end":{"line":92,"column":62}},"45":{"start":{"line":95,"column":4},"end":{"line":95,"column":76}},"46":{"start":{"line":97,"column":4},"end":{"line":97,"column":53}},"47":{"start":{"line":98,"column":4},"end":{"line":98,"column":78}},"48":{"start":{"line":102,"column":27},"end":{"line":115,"column":1}},"49":{"start":{"line":103,"column":2},"end":{"line":114,"column":3}},"50":{"start":{"line":104,"column":18},"end":{"line":104,"column":62}},"51":{"start":{"line":106,"column":4},"end":{"line":108,"column":5}},"52":{"start":{"line":107,"column":6},"end":{"line":107,"column":62}},"53":{"start":{"line":110,"column":4},"end":{"line":110,"column":68}},"54":{"start":{"line":112,"column":4},"end":{"line":112,"column":47}},"55":{"start":{"line":113,"column":4},"end":{"line":113,"column":71}},"56":{"start":{"line":117,"column":36},"end":{"line":130,"column":1}},"57":{"start":{"line":118,"column":2},"end":{"line":129,"column":3}},"58":{"start":{"line":119,"column":20},"end":{"line":119,"column":28}},"59":{"start":{"line":120,"column":4},"end":{"line":122,"column":5}},"60":{"start":{"line":121,"column":6},"end":{"line":121,"column":83}},"61":{"start":{"line":124,"column":19},"end":{"line":124,"column":64}},"62":{"start":{"line":125,"column":4},"end":{"line":125,"column":102}},"63":{"start":{"line":127,"column":4},"end":{"line":127,"column":56}},"64":{"start":{"line":128,"column":4},"end":{"line":128,"column":72}}},"fnMap":{"0":{"name":"(anonymous_0)","decl":{"start":{"line":5,"column":28},"end":{"line":5,"column":29}},"loc":{"start":{"line":5,"column":48},"end":{"line":49,"column":1}},"line":5},"1":{"name":"(anonymous_1)","decl":{"start":{"line":51,"column":28},"end":{"line":51,"column":29}},"loc":{"start":{"line":51,"column":48},"end":{"line":65,"column":1}},"line":51},"2":{"name":"(anonymous_2)","decl":{"start":{"line":67,"column":33},"end":{"line":67,"column":34}},"loc":{"start":{"line":67,"column":53},"end":{"line":100,"column":1}},"line":67},"3":{"name":"(anonymous_3)","decl":{"start":{"line":102,"column":27},"end":{"line":102,"column":28}},"loc":{"start":{"line":102,"column":47},"end":{"line":115,"column":1}},"line":102},"4":{"name":"(anonymous_4)","decl":{"start":{"line":117,"column":36},"end":{"line":117,"column":37}},"loc":{"start":{"line":117,"column":56},"end":{"line":130,"column":1}},"line":117}},"branchMap":{"0":{"loc":{"start":{"line":7,"column":56},"end":{"line":7,"column":64}},"type":"default-arg","locations":[{"start":{"line":7,"column":63},"end":{"line":7,"column":64}}],"line":7},"1":{"loc":{"start":{"line":7,"column":66},"end":{"line":7,"column":79}},"type":"default-arg","locations":[{"start":{"line":7,"column":77},"end":{"line":7,"column":79}}],"line":7},"2":{"loc":{"start":{"line":10,"column":4},"end":{"line":17,"column":5}},"type":"if","locations":[{"start":{"line":10,"column":4},"end":{"line":17,"column":5}},{"start":{},"end":{}}],"line":10},"3":{"loc":{"start":{"line":19,"column":4},"end":{"line":21,"column":5}},"type":"if","locations":[{"start":{"line":19,"column":4},"end":{"line":21,"column":5}},{"start":{},"end":{}}],"line":19},"4":{"loc":{"start":{"line":23,"column":4},"end":{"line":25,"column":5}},"type":"if","locations":[{"start":{"line":23,"column":4},"end":{"line":25,"column":5}},{"start":{},"end":{}}],"line":23},"5":{"loc":{"start":{"line":27,"column":4},"end":{"line":29,"column":5}},"type":"if","locations":[{"start":{"line":27,"column":4},"end":{"line":29,"column":5}},{"start":{},"end":{}}],"line":27},"6":{"loc":{"start":{"line":31,"column":22},"end":{"line":31,"column":46}},"type":"cond-expr","locations":[{"start":{"line":31,"column":40},"end":{"line":31,"column":41}},{"start":{"line":31,"column":44},"end":{"line":31,"column":46}}],"line":31},"7":{"loc":{"start":{"line":56,"column":4},"end":{"line":58,"column":5}},"type":"if","locations":[{"start":{"line":56,"column":4},"end":{"line":58,"column":5}},{"start":{},"end":{}}],"line":56},"8":{"loc":{"start":{"line":72,"column":4},"end":{"line":74,"column":5}},"type":"if","locations":[{"start":{"line":72,"column":4},"end":{"line":74,"column":5}},{"start":{},"end":{}}],"line":72},"9":{"loc":{"start":{"line":72,"column":8},"end":{"line":72,"column":50}},"type":"binary-expr","locations":[{"start":{"line":72,"column":8},"end":{"line":72,"column":15}},{"start":{"line":72,"column":19},"end":{"line":72,"column":50}}],"line":72},"10":{"loc":{"start":{"line":77,"column":4},"end":{"line":83,"column":5}},"type":"if","locations":[{"start":{"line":77,"column":4},"end":{"line":83,"column":5}},{"start":{"line":80,"column":11},"end":{"line":83,"column":5}}],"line":77},"11":{"loc":{"start":{"line":77,"column":8},"end":{"line":77,"column":60}},"type":"binary-expr","locations":[{"start":{"line":77,"column":8},"end":{"line":77,"column":29}},{"start":{"line":77,"column":33},"end":{"line":77,"column":60}}],"line":77},"12":{"loc":{"start":{"line":79,"column":31},"end":{"line":79,"column":70}},"type":"cond-expr","locations":[{"start":{"line":79,"column":42},"end":{"line":79,"column":59}},{"start":{"line":79,"column":62},"end":{"line":79,"column":70}}],"line":79},"13":{"loc":{"start":{"line":91,"column":4},"end":{"line":93,"column":5}},"type":"if","locations":[{"start":{"line":91,"column":4},"end":{"line":93,"column":5}},{"start":{},"end":{}}],"line":91},"14":{"loc":{"start":{"line":106,"column":4},"end":{"line":108,"column":5}},"type":"if","locations":[{"start":{"line":106,"column":4},"end":{"line":108,"column":5}},{"start":{},"end":{}}],"line":106},"15":{"loc":{"start":{"line":120,"column":4},"end":{"line":122,"column":5}},"type":"if","locations":[{"start":{"line":120,"column":4},"end":{"line":122,"column":5}},{"start":{},"end":{}}],"line":120},"16":{"loc":{"start":{"line":120,"column":8},"end":{"line":120,"column":55}},"type":"binary-expr","locations":[{"start":{"line":120,"column":8},"end":{"line":120,"column":12}},{"start":{"line":120,"column":16},"end":{"line":120,"column":35}},{"start":{"line":120,"column":39},"end":{"line":120,"column":55}}],"line":120}},"s":{"0":1,"1":1,"2":1,"3":1,"4":1,"5":0,"6":0,"7":1,"8":0,"9":1,"10":0,"11":1,"12":0,"13":1,"14":1,"15":1,"16":1,"17":1,"18":1,"19":1,"20":0,"21":0,"22":1,"23":1,"24":1,"25":1,"26":1,"27":0,"28":0,"29":0,"30":1,"31":2,"32":2,"33":2,"34":2,"35":1,"36":1,"37":1,"38":0,"39":0,"40":1,"41":1,"42":1,"43":1,"44":0,"45":1,"46":0,"47":0,"48":1,"49":0,"50":0,"51":0,"52":0,"53":0,"54":0,"55":0,"56":1,"57":0,"58":0,"59":0,"60":0,"61":0,"62":0,"63":0,"64":0},"f":{"0":1,"1":1,"2":2,"3":0,"4":0},"b":{"0":[1],"1":[1],"2":[0,1],"3":[0,1],"4":[0,1],"5":[0,1],"6":[0,1],"7":[1,0],"8":[1,1],"9":[2,2],"10":[0,1],"11":[1,1],"12":[0,0],"13":[0,1],"14":[0,0],"15":[0,0],"16":[0,0,0]},"inputSourceMap":null,"_coverageSchema":"1a1c01bbd47fc00a2c39e90264f33305004495a9","hash":"38c8a13296b0b98b07b301932d56484832b90ba2"}
,"D:\\New folder\\ICS-Guard\\backend\\src\\controllers\\attackController.js": {"path":"D:\\New folder\\ICS-Guard\\backend\\src\\controllers\\attackController.js","statementMap":{"0":{"start":{"line":6,"column":28},"end":{"line":24,"column":1}},"1":{"start":{"line":7,"column":37},"end":{"line":7,"column":45}},"2":{"start":{"line":9,"column":2},"end":{"line":11,"column":3}},"3":{"start":{"line":10,"column":4},"end":{"line":10,"column":83}},"4":{"start":{"line":13,"column":2},"end":{"line":23,"column":3}},"5":{"start":{"line":14,"column":20},"end":{"line":14,"column":81}},"6":{"start":{"line":15,"column":4},"end":{"line":19,"column":5}},"7":{"start":{"line":16,"column":6},"end":{"line":16,"column":103}},"8":{"start":{"line":18,"column":6},"end":{"line":18,"column":89}},"9":{"start":{"line":21,"column":4},"end":{"line":21,"column":54}},"10":{"start":{"line":22,"column":4},"end":{"line":22,"column":72}},"11":{"start":{"line":26,"column":32},"end":{"line":69,"column":1}},"12":{"start":{"line":27,"column":2},"end":{"line":68,"column":3}},"13":{"start":{"line":28,"column":61},"end":{"line":28,"column":70}},"14":{"start":{"line":30,"column":16},"end":{"line":30,"column":18}},"15":{"start":{"line":33,"column":4},"end":{"line":35,"column":5}},"16":{"start":{"line":34,"column":6},"end":{"line":34,"column":24}},"17":{"start":{"line":38,"column":4},"end":{"line":46,"column":5}},"18":{"start":{"line":39,"column":26},"end":{"line":39,"column":49}},"19":{"start":{"line":40,"column":6},"end":{"line":45,"column":8}},"20":{"start":{"line":49,"column":23},"end":{"line":49,"column":77}},"21":{"start":{"line":51,"column":23},"end":{"line":51,"column":41}},"22":{"start":{"line":52,"column":24},"end":{"line":52,"column":46}},"23":{"start":{"line":53,"column":17},"end":{"line":53,"column":47}},"24":{"start":{"line":55,"column":18},"end":{"line":55,"column":52}},"25":{"start":{"line":56,"column":20},"end":{"line":59,"column":25}},"26":{"start":{"line":61,"column":20},"end":{"line":61,"column":98}},"27":{"start":{"line":62,"column":22},"end":{"line":62,"column":88}},"28":{"start":{"line":64,"column":4},"end":{"line":64,"column":109}},"29":{"start":{"line":66,"column":4},"end":{"line":66,"column":66}},"30":{"start":{"line":67,"column":4},"end":{"line":67,"column":82}},"31":{"start":{"line":71,"column":34},"end":{"line":82,"column":1}},"32":{"start":{"line":72,"column":2},"end":{"line":81,"column":3}},"33":{"start":{"line":73,"column":19},"end":{"line":73,"column":64}},"34":{"start":{"line":74,"column":4},"end":{"line":76,"column":5}},"35":{"start":{"line":75,"column":6},"end":{"line":75,"column":63}},"36":{"start":{"line":77,"column":4},"end":{"line":77,"column":69}},"37":{"start":{"line":79,"column":4},"end":{"line":79,"column":54}},"38":{"start":{"line":80,"column":4},"end":{"line":80,"column":72}},"39":{"start":{"line":84,"column":43},"end":{"line":96,"column":1}},"40":{"start":{"line":85,"column":2},"end":{"line":95,"column":3}},"41":{"start":{"line":86,"column":20},"end":{"line":86,"column":28}},"42":{"start":{"line":87,"column":4},"end":{"line":89,"column":5}},"43":{"start":{"line":88,"column":6},"end":{"line":88,"column":84}},"44":{"start":{"line":90,"column":19},"end":{"line":90,"column":65}},"45":{"start":{"line":91,"column":4},"end":{"line":91,"column":103}},"46":{"start":{"line":93,"column":4},"end":{"line":93,"column":63}},"47":{"start":{"line":94,"column":4},"end":{"line":94,"column":73}}},"fnMap":{"0":{"name":"(anonymous_0)","decl":{"start":{"line":6,"column":28},"end":{"line":6,"column":29}},"loc":{"start":{"line":6,"column":48},"end":{"line":24,"column":1}},"line":6},"1":{"name":"(anonymous_1)","decl":{"start":{"line":26,"column":32},"end":{"line":26,"column":33}},"loc":{"start":{"line":26,"column":52},"end":{"line":69,"column":1}},"line":26},"2":{"name":"(anonymous_2)","decl":{"start":{"line":71,"column":34},"end":{"line":71,"column":35}},"loc":{"start":{"line":71,"column":54},"end":{"line":82,"column":1}},"line":71},"3":{"name":"(anonymous_3)","decl":{"start":{"line":84,"column":43},"end":{"line":84,"column":44}},"loc":{"start":{"line":84,"column":63},"end":{"line":96,"column":1}},"line":84}},"branchMap":{"0":{"loc":{"start":{"line":9,"column":2},"end":{"line":11,"column":3}},"type":"if","locations":[{"start":{"line":9,"column":2},"end":{"line":11,"column":3}},{"start":{},"end":{}}],"line":9},"1":{"loc":{"start":{"line":9,"column":6},"end":{"line":9,"column":32}},"type":"binary-expr","locations":[{"start":{"line":9,"column":6},"end":{"line":9,"column":16}},{"start":{"line":9,"column":20},"end":{"line":9,"column":32}}],"line":9},"2":{"loc":{"start":{"line":15,"column":4},"end":{"line":19,"column":5}},"type":"if","locations":[{"start":{"line":15,"column":4},"end":{"line":19,"column":5}},{"start":{"line":17,"column":11},"end":{"line":19,"column":5}}],"line":15},"3":{"loc":{"start":{"line":28,"column":33},"end":{"line":28,"column":41}},"type":"default-arg","locations":[{"start":{"line":28,"column":40},"end":{"line":28,"column":41}}],"line":28},"4":{"loc":{"start":{"line":28,"column":43},"end":{"line":28,"column":56}},"type":"default-arg","locations":[{"start":{"line":28,"column":54},"end":{"line":28,"column":56}}],"line":28},"5":{"loc":{"start":{"line":33,"column":4},"end":{"line":35,"column":5}},"type":"if","locations":[{"start":{"line":33,"column":4},"end":{"line":35,"column":5}},{"start":{},"end":{}}],"line":33},"6":{"loc":{"start":{"line":33,"column":8},"end":{"line":33,"column":30}},"type":"binary-expr","locations":[{"start":{"line":33,"column":8},"end":{"line":33,"column":12}},{"start":{"line":33,"column":16},"end":{"line":33,"column":30}}],"line":33},"7":{"loc":{"start":{"line":38,"column":4},"end":{"line":46,"column":5}},"type":"if","locations":[{"start":{"line":38,"column":4},"end":{"line":46,"column":5}},{"start":{},"end":{}}],"line":38},"8":{"loc":{"start":{"line":49,"column":23},"end":{"line":49,"column":77}},"type":"cond-expr","locations":[{"start":{"line":49,"column":41},"end":{"line":49,"column":57}},{"start":{"line":49,"column":60},"end":{"line":49,"column":77}}],"line":49},"9":{"loc":{"start":{"line":61,"column":59},"end":{"line":61,"column":88}},"type":"binary-expr","locations":[{"start":{"line":61,"column":59},"end":{"line":61,"column":70}},{"start":{"line":61,"column":74},"end":{"line":61,"column":88}}],"line":61},"10":{"loc":{"start":{"line":74,"column":4},"end":{"line":76,"column":5}},"type":"if","locations":[{"start":{"line":74,"column":4},"end":{"line":76,"column":5}},{"start":{},"end":{}}],"line":74},"11":{"loc":{"start":{"line":87,"column":4},"end":{"line":89,"column":5}},"type":"if","locations":[{"start":{"line":87,"column":4},"end":{"line":89,"column":5}},{"start":{},"end":{}}],"line":87},"12":{"loc":{"start":{"line":87,"column":8},"end":{"line":87,"column":55}},"type":"binary-expr","locations":[{"start":{"line":87,"column":8},"end":{"line":87,"column":12}},{"start":{"line":87,"column":16},"end":{"line":87,"column":35}},{"start":{"line":87,"column":39},"end":{"line":87,"column":55}}],"line":87}},"s":{"0":2,"1":6,"2":6,"3":1,"4":5,"5":5,"6":5,"7":5,"8":0,"9":0,"10":0,"11":2,"12":1,"13":1,"14":1,"15":1,"16":0,"17":1,"18":0,"19":0,"20":1,"21":1,"22":1,"23":1,"24":1,"25":1,"26":1,"27":1,"28":1,"29":0,"30":0,"31":2,"32":0,"33":0,"34":0,"35":0,"36":0,"37":0,"38":0,"39":2,"40":0,"41":0,"42":0,"43":0,"44":0,"45":0,"46":0,"47":0},"f":{"0":6,"1":1,"2":0,"3":0},"b":{"0":[1,5],"1":[6,5],"2":[5,0],"3":[1],"4":[1],"5":[0,1],"6":[1,0],"7":[0,1],"8":[0,1],"9":[1,1],"10":[0,0],"11":[0,0],"12":[0,0,0]},"inputSourceMap":null,"_coverageSchema":"1a1c01bbd47fc00a2c39e90264f33305004495a9","hash":"2c5e0e38f89bba35c78a5c80690eb37f71d02432"}
,"D:\\New folder\\ICS-Guard\\backend\\src\\controllers\\auditController.js": {"path":"D:\\New folder\\ICS-Guard\\backend\\src\\controllers\\auditController.js","statementMap":{"0":{"start":{"line":5,"column":28},"end":{"line":112,"column":1}},"1":{"start":{"line":6,"column":2},"end":{"line":111,"column":3}},"2":{"start":{"line":7,"column":69},"end":{"line":7,"column":78}},"3":{"start":{"line":9,"column":16},"end":{"line":9,"column":18}},"4":{"start":{"line":12,"column":4},"end":{"line":14,"column":5}},"5":{"start":{"line":13,"column":6},"end":{"line":13,"column":28}},"6":{"start":{"line":16,"column":4},"end":{"line":24,"column":5}},"7":{"start":{"line":17,"column":20},"end":{"line":17,"column":65}},"8":{"start":{"line":18,"column":22},"end":{"line":18,"column":43}},"9":{"start":{"line":18,"column":37},"end":{"line":18,"column":42}},"10":{"start":{"line":19,"column":25},"end":{"line":19,"column":63}},"11":{"start":{"line":19,"column":40},"end":{"line":19,"column":47}},"12":{"start":{"line":19,"column":61},"end":{"line":19,"column":62}},"13":{"start":{"line":20,"column":6},"end":{"line":23,"column":8}},"14":{"start":{"line":27,"column":4},"end":{"line":45,"column":5}},"15":{"start":{"line":28,"column":26},"end":{"line":28,"column":49}},"16":{"start":{"line":29,"column":6},"end":{"line":44,"column":7}},"17":{"start":{"line":30,"column":8},"end":{"line":36,"column":11}},"18":{"start":{"line":37,"column":8},"end":{"line":37,"column":25}},"19":{"start":{"line":39,"column":8},"end":{"line":43,"column":10}},"20":{"start":{"line":48,"column":23},"end":{"line":48,"column":77}},"21":{"start":{"line":50,"column":23},"end":{"line":50,"column":41}},"22":{"start":{"line":51,"column":24},"end":{"line":51,"column":46}},"23":{"start":{"line":52,"column":17},"end":{"line":52,"column":47}},"24":{"start":{"line":54,"column":18},"end":{"line":54,"column":54}},"25":{"start":{"line":55,"column":17},"end":{"line":60,"column":13}},"26":{"start":{"line":63,"column":26},"end":{"line":65,"column":41}},"27":{"start":{"line":64,"column":21},"end":{"line":64,"column":60}},"28":{"start":{"line":65,"column":18},"end":{"line":65,"column":40}},"29":{"start":{"line":67,"column":28},"end":{"line":67,"column":30}},"30":{"start":{"line":68,"column":4},"end":{"line":74,"column":5}},"31":{"start":{"line":69,"column":24},"end":{"line":69,"column":115}},"32":{"start":{"line":70,"column":6},"end":{"line":73,"column":13}},"33":{"start":{"line":71,"column":8},"end":{"line":71,"column":31}},"34":{"start":{"line":72,"column":8},"end":{"line":72,"column":19}},"35":{"start":{"line":76,"column":26},"end":{"line":102,"column":6}},"36":{"start":{"line":77,"column":17},"end":{"line":77,"column":27}},"37":{"start":{"line":79,"column":6},"end":{"line":81,"column":7}},"38":{"start":{"line":80,"column":8},"end":{"line":80,"column":57}},"39":{"start":{"line":83,"column":26},"end":{"line":83,"column":44}},"40":{"start":{"line":84,"column":6},"end":{"line":87,"column":7}},"41":{"start":{"line":85,"column":8},"end":{"line":85,"column":53}},"42":{"start":{"line":86,"column":8},"end":{"line":86,"column":32}},"43":{"start":{"line":89,"column":6},"end":{"line":101,"column":8}},"44":{"start":{"line":104,"column":20},"end":{"line":104,"column":94}},"45":{"start":{"line":105,"column":22},"end":{"line":105,"column":94}},"46":{"start":{"line":107,"column":4},"end":{"line":107,"column":108}},"47":{"start":{"line":109,"column":4},"end":{"line":109,"column":48}},"48":{"start":{"line":110,"column":4},"end":{"line":110,"column":78}},"49":{"start":{"line":114,"column":29},"end":{"line":163,"column":1}},"50":{"start":{"line":115,"column":2},"end":{"line":162,"column":3}},"51":{"start":{"line":116,"column":67},"end":{"line":116,"column":76}},"52":{"start":{"line":118,"column":16},"end":{"line":118,"column":18}},"53":{"start":{"line":119,"column":4},"end":{"line":125,"column":5}},"54":{"start":{"line":120,"column":26},"end":{"line":120,"column":49}},"55":{"start":{"line":121,"column":6},"end":{"line":124,"column":8}},"56":{"start":{"line":127,"column":25},"end":{"line":127,"column":39}},"57":{"start":{"line":128,"column":4},"end":{"line":128,"column":33}},"58":{"start":{"line":129,"column":4},"end":{"line":129,"column":29}},"59":{"start":{"line":130,"column":4},"end":{"line":130,"column":33}},"60":{"start":{"line":131,"column":4},"end":{"line":131,"column":31}},"61":{"start":{"line":132,"column":4},"end":{"line":132,"column":30}},"62":{"start":{"line":134,"column":4},"end":{"line":136,"column":7}},"63":{"start":{"line":135,"column":6},"end":{"line":135,"column":60}},"64":{"start":{"line":135,"column":29},"end":{"line":135,"column":60}},"65":{"start":{"line":138,"column":21},"end":{"line":138,"column":38}},"66":{"start":{"line":139,"column":4},"end":{"line":143,"column":5}},"67":{"start":{"line":140,"column":6},"end":{"line":140,"column":36}},"68":{"start":{"line":141,"column":11},"end":{"line":143,"column":5}},"69":{"start":{"line":142,"column":6},"end":{"line":142,"column":37}},"70":{"start":{"line":145,"column":23},"end":{"line":145,"column":41}},"71":{"start":{"line":146,"column":24},"end":{"line":146,"column":46}},"72":{"start":{"line":147,"column":17},"end":{"line":147,"column":47}},"73":{"start":{"line":149,"column":18},"end":{"line":149,"column":55}},"74":{"start":{"line":150,"column":20},"end":{"line":153,"column":25}},"75":{"start":{"line":155,"column":20},"end":{"line":155,"column":101}},"76":{"start":{"line":156,"column":22},"end":{"line":156,"column":88}},"77":{"start":{"line":158,"column":4},"end":{"line":158,"column":111}},"78":{"start":{"line":160,"column":4},"end":{"line":160,"column":49}},"79":{"start":{"line":161,"column":4},"end":{"line":161,"column":79}},"80":{"start":{"line":165,"column":25},"end":{"line":184,"column":1}},"81":{"start":{"line":166,"column":24},"end":{"line":166,"column":32}},"82":{"start":{"line":168,"column":2},"end":{"line":170,"column":3}},"83":{"start":{"line":169,"column":4},"end":{"line":169,"column":66}},"84":{"start":{"line":172,"column":2},"end":{"line":183,"column":3}},"85":{"start":{"line":173,"column":19},"end":{"line":173,"column":59}},"86":{"start":{"line":175,"column":4},"end":{"line":177,"column":5}},"87":{"start":{"line":176,"column":6},"end":{"line":176,"column":82}},"88":{"start":{"line":179,"column":4},"end":{"line":179,"column":98}},"89":{"start":{"line":181,"column":4},"end":{"line":181,"column":45}},"90":{"start":{"line":182,"column":4},"end":{"line":182,"column":77}},"91":{"start":{"line":186,"column":30},"end":{"line":197,"column":1}},"92":{"start":{"line":187,"column":2},"end":{"line":196,"column":3}},"93":{"start":{"line":188,"column":16},"end":{"line":188,"column":63}},"94":{"start":{"line":189,"column":4},"end":{"line":191,"column":5}},"95":{"start":{"line":190,"column":6},"end":{"line":190,"column":66}},"96":{"start":{"line":192,"column":4},"end":{"line":192,"column":72}},"97":{"start":{"line":194,"column":4},"end":{"line":194,"column":50}},"98":{"start":{"line":195,"column":4},"end":{"line":195,"column":75}},"99":{"start":{"line":199,"column":39},"end":{"line":211,"column":1}},"100":{"start":{"line":200,"column":2},"end":{"line":210,"column":3}},"101":{"start":{"line":201,"column":20},"end":{"line":201,"column":28}},"102":{"start":{"line":202,"column":4},"end":{"line":204,"column":5}},"103":{"start":{"line":203,"column":6},"end":{"line":203,"column":87}},"104":{"start":{"line":205,"column":19},"end":{"line":205,"column":67}},"105":{"start":{"line":206,"column":4},"end":{"line":206,"column":106}},"106":{"start":{"line":208,"column":4},"end":{"line":208,"column":59}},"107":{"start":{"line":209,"column":4},"end":{"line":209,"column":76}}},"fnMap":{"0":{"name":"(anonymous_0)","decl":{"start":{"line":5,"column":28},"end":{"line":5,"column":29}},"loc":{"start":{"line":5,"column":48},"end":{"line":112,"column":1}},"line":5},"1":{"name":"(anonymous_1)","decl":{"start":{"line":18,"column":32},"end":{"line":18,"column":33}},"loc":{"start":{"line":18,"column":37},"end":{"line":18,"column":42}},"line":18},"2":{"name":"(anonymous_2)","decl":{"start":{"line":19,"column":35},"end":{"line":19,"column":36}},"loc":{"start":{"line":19,"column":40},"end":{"line":19,"column":47}},"line":19},"3":{"name":"(anonymous_3)","decl":{"start":{"line":19,"column":56},"end":{"line":19,"column":57}},"loc":{"start":{"line":19,"column":61},"end":{"line":19,"column":62}},"line":19},"4":{"name":"(anonymous_4)","decl":{"start":{"line":64,"column":14},"end":{"line":64,"column":15}},"loc":{"start":{"line":64,"column":21},"end":{"line":64,"column":60}},"line":64},"5":{"name":"(anonymous_5)","decl":{"start":{"line":65,"column":11},"end":{"line":65,"column":12}},"loc":{"start":{"line":65,"column":18},"end":{"line":65,"column":40}},"line":65},"6":{"name":"(anonymous_6)","decl":{"start":{"line":70,"column":43},"end":{"line":70,"column":44}},"loc":{"start":{"line":70,"column":58},"end":{"line":73,"column":7}},"line":70},"7":{"name":"(anonymous_7)","decl":{"start":{"line":76,"column":35},"end":{"line":76,"column":36}},"loc":{"start":{"line":76,"column":42},"end":{"line":102,"column":5}},"line":76},"8":{"name":"(anonymous_8)","decl":{"start":{"line":114,"column":29},"end":{"line":114,"column":30}},"loc":{"start":{"line":114,"column":49},"end":{"line":163,"column":1}},"line":114},"9":{"name":"(anonymous_9)","decl":{"start":{"line":134,"column":38},"end":{"line":134,"column":39}},"loc":{"start":{"line":134,"column":45},"end":{"line":136,"column":5}},"line":134},"10":{"name":"(anonymous_10)","decl":{"start":{"line":165,"column":25},"end":{"line":165,"column":26}},"loc":{"start":{"line":165,"column":45},"end":{"line":184,"column":1}},"line":165},"11":{"name":"(anonymous_11)","decl":{"start":{"line":186,"column":30},"end":{"line":186,"column":31}},"loc":{"start":{"line":186,"column":50},"end":{"line":197,"column":1}},"line":186},"12":{"name":"(anonymous_12)","decl":{"start":{"line":199,"column":39},"end":{"line":199,"column":40}},"loc":{"start":{"line":199,"column":59},"end":{"line":211,"column":1}},"line":199}},"branchMap":{"0":{"loc":{"start":{"line":7,"column":41},"end":{"line":7,"column":49}},"type":"default-arg","locations":[{"start":{"line":7,"column":48},"end":{"line":7,"column":49}}],"line":7},"1":{"loc":{"start":{"line":7,"column":51},"end":{"line":7,"column":64}},"type":"default-arg","locations":[{"start":{"line":7,"column":62},"end":{"line":7,"column":64}}],"line":7},"2":{"loc":{"start":{"line":12,"column":4},"end":{"line":14,"column":5}},"type":"if","locations":[{"start":{"line":12,"column":4},"end":{"line":14,"column":5}},{"start":{},"end":{}}],"line":12},"3":{"loc":{"start":{"line":12,"column":8},"end":{"line":12,"column":34}},"type":"binary-expr","locations":[{"start":{"line":12,"column":8},"end":{"line":12,"column":14}},{"start":{"line":12,"column":18},"end":{"line":12,"column":34}}],"line":12},"4":{"loc":{"start":{"line":16,"column":4},"end":{"line":24,"column":5}},"type":"if","locations":[{"start":{"line":16,"column":4},"end":{"line":24,"column":5}},{"start":{},"end":{}}],"line":16},"5":{"loc":{"start":{"line":16,"column":8},"end":{"line":16,"column":30}},"type":"binary-expr","locations":[{"start":{"line":16,"column":8},"end":{"line":16,"column":12}},{"start":{"line":16,"column":16},"end":{"line":16,"column":30}}],"line":16},"6":{"loc":{"start":{"line":27,"column":4},"end":{"line":45,"column":5}},"type":"if","locations":[{"start":{"line":27,"column":4},"end":{"line":45,"column":5}},{"start":{},"end":{}}],"line":27},"7":{"loc":{"start":{"line":29,"column":6},"end":{"line":44,"column":7}},"type":"if","locations":[{"start":{"line":29,"column":6},"end":{"line":44,"column":7}},{"start":{"line":38,"column":13},"end":{"line":44,"column":7}}],"line":29},"8":{"loc":{"start":{"line":48,"column":23},"end":{"line":48,"column":77}},"type":"cond-expr","locations":[{"start":{"line":48,"column":41},"end":{"line":48,"column":57}},{"start":{"line":48,"column":60},"end":{"line":48,"column":77}}],"line":48},"9":{"loc":{"start":{"line":64,"column":21},"end":{"line":64,"column":60}},"type":"binary-expr","locations":[{"start":{"line":64,"column":21},"end":{"line":64,"column":32}},{"start":{"line":64,"column":36},"end":{"line":64,"column":60}}],"line":64},"10":{"loc":{"start":{"line":68,"column":4},"end":{"line":74,"column":5}},"type":"if","locations":[{"start":{"line":68,"column":4},"end":{"line":74,"column":5}},{"start":{},"end":{}}],"line":68},"11":{"loc":{"start":{"line":79,"column":6},"end":{"line":81,"column":7}},"type":"if","locations":[{"start":{"line":79,"column":6},"end":{"line":81,"column":7}},{"start":{},"end":{}}],"line":79},"12":{"loc":{"start":{"line":79,"column":10},"end":{"line":79,"column":43}},"type":"binary-expr","locations":[{"start":{"line":79,"column":10},"end":{"line":79,"column":15}},{"start":{"line":79,"column":19},"end":{"line":79,"column":43}}],"line":79},"13":{"loc":{"start":{"line":84,"column":6},"end":{"line":87,"column":7}},"type":"if","locations":[{"start":{"line":84,"column":6},"end":{"line":87,"column":7}},{"start":{},"end":{}}],"line":84},"14":{"loc":{"start":{"line":91,"column":16},"end":{"line":91,"column":44}},"type":"cond-expr","locations":[{"start":{"line":91,"column":23},"end":{"line":91,"column":31}},{"start":{"line":91,"column":34},"end":{"line":91,"column":44}}],"line":91},"15":{"loc":{"start":{"line":92,"column":18},"end":{"line":92,"column":53}},"type":"cond-expr","locations":[{"start":{"line":92,"column":25},"end":{"line":92,"column":38}},{"start":{"line":92,"column":41},"end":{"line":92,"column":53}}],"line":92},"16":{"loc":{"start":{"line":93,"column":15},"end":{"line":93,"column":67}},"type":"cond-expr","locations":[{"start":{"line":93,"column":22},"end":{"line":93,"column":32}},{"start":{"line":93,"column":36},"end":{"line":93,"column":66}}],"line":93},"17":{"loc":{"start":{"line":93,"column":36},"end":{"line":93,"column":66}},"type":"binary-expr","locations":[{"start":{"line":93,"column":36},"end":{"line":93,"column":60}},{"start":{"line":93,"column":64},"end":{"line":93,"column":66}}],"line":93},"18":{"loc":{"start":{"line":94,"column":14},"end":{"line":94,"column":41}},"type":"cond-expr","locations":[{"start":{"line":94,"column":21},"end":{"line":94,"column":30}},{"start":{"line":94,"column":33},"end":{"line":94,"column":41}}],"line":94},"19":{"loc":{"start":{"line":104,"column":59},"end":{"line":104,"column":87}},"type":"binary-expr","locations":[{"start":{"line":104,"column":59},"end":{"line":104,"column":70}},{"start":{"line":104,"column":74},"end":{"line":104,"column":87}}],"line":104},"20":{"loc":{"start":{"line":116,"column":27},"end":{"line":116,"column":35}},"type":"default-arg","locations":[{"start":{"line":116,"column":34},"end":{"line":116,"column":35}}],"line":116},"21":{"loc":{"start":{"line":116,"column":37},"end":{"line":116,"column":50}},"type":"default-arg","locations":[{"start":{"line":116,"column":48},"end":{"line":116,"column":50}}],"line":116},"22":{"loc":{"start":{"line":119,"column":4},"end":{"line":125,"column":5}},"type":"if","locations":[{"start":{"line":119,"column":4},"end":{"line":125,"column":5}},{"start":{},"end":{}}],"line":119},"23":{"loc":{"start":{"line":135,"column":6},"end":{"line":135,"column":60}},"type":"if","locations":[{"start":{"line":135,"column":6},"end":{"line":135,"column":60}},{"start":{},"end":{}}],"line":135},"24":{"loc":{"start":{"line":139,"column":4},"end":{"line":143,"column":5}},"type":"if","locations":[{"start":{"line":139,"column":4},"end":{"line":143,"column":5}},{"start":{"line":141,"column":11},"end":{"line":143,"column":5}}],"line":139},"25":{"loc":{"start":{"line":141,"column":11},"end":{"line":143,"column":5}},"type":"if","locations":[{"start":{"line":141,"column":11},"end":{"line":143,"column":5}},{"start":{},"end":{}}],"line":141},"26":{"loc":{"start":{"line":155,"column":59},"end":{"line":155,"column":87}},"type":"binary-expr","locations":[{"start":{"line":155,"column":59},"end":{"line":155,"column":70}},{"start":{"line":155,"column":74},"end":{"line":155,"column":87}}],"line":155},"27":{"loc":{"start":{"line":168,"column":2},"end":{"line":170,"column":3}},"type":"if","locations":[{"start":{"line":168,"column":2},"end":{"line":170,"column":3}},{"start":{},"end":{}}],"line":168},"28":{"loc":{"start":{"line":175,"column":4},"end":{"line":177,"column":5}},"type":"if","locations":[{"start":{"line":175,"column":4},"end":{"line":177,"column":5}},{"start":{},"end":{}}],"line":175},"29":{"loc":{"start":{"line":189,"column":4},"end":{"line":191,"column":5}},"type":"if","locations":[{"start":{"line":189,"column":4},"end":{"line":191,"column":5}},{"start":{},"end":{}}],"line":189},"30":{"loc":{"start":{"line":202,"column":4},"end":{"line":204,"column":5}},"type":"if","locations":[{"start":{"line":202,"column":4},"end":{"line":204,"column":5}},{"start":{},"end":{}}],"line":202},"31":{"loc":{"start":{"line":202,"column":8},"end":{"line":202,"column":55}},"type":"binary-expr","locations":[{"start":{"line":202,"column":8},"end":{"line":202,"column":12}},{"start":{"line":202,"column":16},"end":{"line":202,"column":35}},{"start":{"line":202,"column":39},"end":{"line":202,"column":55}}],"line":202}},"s":{"0":1,"1":1,"2":1,"3":1,"4":1,"5":0,"6":1,"7":0,"8":0,"9":0,"10":0,"11":0,"12":0,"13":0,"14":1,"15":0,"16":0,"17":0,"18":0,"19":0,"20":1,"21":1,"22":1,"23":1,"24":1,"25":1,"26":1,"27":1,"28":0,"29":1,"30":1,"31":0,"32":0,"33":0,"34":0,"35":1,"36":1,"37":1,"38":0,"39":1,"40":1,"41":0,"42":0,"43":1,"44":1,"45":1,"46":1,"47":0,"48":0,"49":1,"50":0,"51":0,"52":0,"53":0,"54":0,"55":0,"56":0,"57":0,"58":0,"59":0,"60":0,"61":0,"62":0,"63":0,"64":0,"65":0,"66":0,"67":0,"68":0,"69":0,"70":0,"71":0,"72":0,"73":0,"74":0,"75":0,"76":0,"77":0,"78":0,"79":0,"80":1,"81":1,"82":1,"83":1,"84":0,"85":0,"86":0,"87":0,"88":0,"89":0,"90":0,"91":1,"92":0,"93":0,"94":0,"95":0,"96":0,"97":0,"98":0,"99":1,"100":0,"101":0,"102":0,"103":0,"104":0,"105":0,"106":0,"107":0},"f":{"0":1,"1":0,"2":0,"3":0,"4":1,"5":0,"6":0,"7":1,"8":0,"9":0,"10":1,"11":0,"12":0},"b":{"0":[1],"1":[1],"2":[0,1],"3":[1,0],"4":[0,1],"5":[1,0],"6":[0,1],"7":[0,0],"8":[0,1],"9":[1,1],"10":[0,1],"11":[0,1],"12":[1,1],"13":[0,1],"14":[0,1],"15":[0,1],"16":[0,1],"17":[1,1],"18":[0,1],"19":[1,1],"20":[0],"21":[0],"22":[0,0],"23":[0,0],"24":[0,0],"25":[0,0],"26":[0,0],"27":[1,0],"28":[0,0],"29":[0,0],"30":[0,0],"31":[0,0,0]},"inputSourceMap":null,"_coverageSchema":"1a1c01bbd47fc00a2c39e90264f33305004495a9","hash":"90e43c79a3749d54bb352c9bb6cb1e9c41363a94"}
,"D:\\New folder\\ICS-Guard\\backend\\src\\controllers\\authController.js": {"path":"D:\\New folder\\ICS-Guard\\backend\\src\\controllers\\authController.js","statementMap":{"0":{"start":{"line":10,"column":18},"end":{"line":13,"column":1}},"1":{"start":{"line":11,"column":2},"end":{"line":11,"column":24}},"2":{"start":{"line":11,"column":14},"end":{"line":11,"column":24}},"3":{"start":{"line":12,"column":2},"end":{"line":12,"column":65}},"4":{"start":{"line":19,"column":25},"end":{"line":19,"column":34}},"5":{"start":{"line":20,"column":19},"end":{"line":20,"column":32}},"6":{"start":{"line":21,"column":25},"end":{"line":21,"column":26}},"7":{"start":{"line":24,"column":21},"end":{"line":29,"column":18}},"8":{"start":{"line":25,"column":14},"end":{"line":25,"column":24}},"9":{"start":{"line":26,"column":2},"end":{"line":28,"column":3}},"10":{"start":{"line":27,"column":4},"end":{"line":27,"column":58}},"11":{"start":{"line":27,"column":29},"end":{"line":27,"column":58}},"12":{"start":{"line":30,"column":0},"end":{"line":32,"column":1}},"13":{"start":{"line":31,"column":2},"end":{"line":31,"column":23}},"14":{"start":{"line":34,"column":28},"end":{"line":46,"column":1}},"15":{"start":{"line":35,"column":2},"end":{"line":45,"column":4}},"16":{"start":{"line":48,"column":29},"end":{"line":54,"column":1}},"17":{"start":{"line":49,"column":2},"end":{"line":53,"column":4}},"18":{"start":{"line":56,"column":21},"end":{"line":149,"column":1}},"19":{"start":{"line":57,"column":22},"end":{"line":57,"column":87}},"20":{"start":{"line":58,"column":2},"end":{"line":58,"column":113}},"21":{"start":{"line":59,"column":21},"end":{"line":59,"column":87}},"22":{"start":{"line":60,"column":23},"end":{"line":60,"column":31}},"23":{"start":{"line":61,"column":16},"end":{"line":61,"column":54}},"24":{"start":{"line":62,"column":20},"end":{"line":62,"column":49}},"25":{"start":{"line":64,"column":2},"end":{"line":66,"column":3}},"26":{"start":{"line":65,"column":4},"end":{"line":65,"column":103}},"27":{"start":{"line":68,"column":2},"end":{"line":148,"column":3}},"28":{"start":{"line":70,"column":17},"end":{"line":75,"column":6}},"29":{"start":{"line":78,"column":4},"end":{"line":93,"column":5}},"30":{"start":{"line":79,"column":18},"end":{"line":79,"column":28}},"31":{"start":{"line":80,"column":6},"end":{"line":92,"column":7}},"32":{"start":{"line":81,"column":28},"end":{"line":81,"column":88}},"33":{"start":{"line":82,"column":8},"end":{"line":82,"column":49}},"34":{"start":{"line":83,"column":8},"end":{"line":86,"column":11}},"35":{"start":{"line":87,"column":13},"end":{"line":92,"column":7}},"36":{"start":{"line":89,"column":8},"end":{"line":89,"column":49}},"37":{"start":{"line":90,"column":8},"end":{"line":90,"column":38}},"38":{"start":{"line":91,"column":8},"end":{"line":91,"column":26}},"39":{"start":{"line":95,"column":4},"end":{"line":106,"column":5}},"40":{"start":{"line":97,"column":6},"end":{"line":99,"column":7}},"41":{"start":{"line":98,"column":8},"end":{"line":98,"column":49}},"42":{"start":{"line":100,"column":6},"end":{"line":100,"column":47}},"43":{"start":{"line":102,"column":6},"end":{"line":105,"column":9}},"44":{"start":{"line":109,"column":26},"end":{"line":109,"column":50}},"45":{"start":{"line":110,"column":4},"end":{"line":113,"column":5}},"46":{"start":{"line":111,"column":6},"end":{"line":111,"column":32}},"47":{"start":{"line":112,"column":6},"end":{"line":112,"column":24}},"48":{"start":{"line":114,"column":4},"end":{"line":114,"column":38}},"49":{"start":{"line":117,"column":24},"end":{"line":117,"column":49}},"50":{"start":{"line":118,"column":25},"end":{"line":118,"column":51}},"51":{"start":{"line":121,"column":22},"end":{"line":121,"column":32}},"52":{"start":{"line":122,"column":4},"end":{"line":122,"column":49}},"53":{"start":{"line":125,"column":4},"end":{"line":129,"column":7}},"54":{"start":{"line":131,"column":4},"end":{"line":143,"column":7}},"55":{"start":{"line":146,"column":4},"end":{"line":146,"column":41}},"56":{"start":{"line":147,"column":4},"end":{"line":147,"column":102}},"57":{"start":{"line":151,"column":23},"end":{"line":232,"column":1}},"58":{"start":{"line":152,"column":23},"end":{"line":152,"column":70}},"59":{"start":{"line":154,"column":2},"end":{"line":156,"column":3}},"60":{"start":{"line":155,"column":4},"end":{"line":155,"column":97}},"61":{"start":{"line":158,"column":2},"end":{"line":231,"column":3}},"62":{"start":{"line":161,"column":4},"end":{"line":165,"column":5}},"63":{"start":{"line":162,"column":6},"end":{"line":162,"column":73}},"64":{"start":{"line":164,"column":6},"end":{"line":164,"column":107}},"65":{"start":{"line":168,"column":20},"end":{"line":168,"column":82}},"66":{"start":{"line":171,"column":4},"end":{"line":177,"column":5}},"67":{"start":{"line":172,"column":6},"end":{"line":175,"column":7}},"68":{"start":{"line":173,"column":8},"end":{"line":173,"column":132}},"69":{"start":{"line":174,"column":8},"end":{"line":174,"column":81}},"70":{"start":{"line":176,"column":6},"end":{"line":176,"column":120}},"71":{"start":{"line":180,"column":17},"end":{"line":180,"column":48}},"72":{"start":{"line":182,"column":16},"end":{"line":182,"column":26}},"73":{"start":{"line":183,"column":21},"end":{"line":183,"column":128}},"74":{"start":{"line":185,"column":4},"end":{"line":187,"column":5}},"75":{"start":{"line":186,"column":6},"end":{"line":186,"column":120}},"76":{"start":{"line":189,"column":26},"end":{"line":189,"column":50}},"77":{"start":{"line":190,"column":4},"end":{"line":193,"column":5}},"78":{"start":{"line":191,"column":6},"end":{"line":191,"column":32}},"79":{"start":{"line":192,"column":6},"end":{"line":192,"column":24}},"80":{"start":{"line":196,"column":4},"end":{"line":196,"column":27}},"81":{"start":{"line":197,"column":4},"end":{"line":197,"column":25}},"82":{"start":{"line":200,"column":27},"end":{"line":200,"column":52}},"83":{"start":{"line":201,"column":28},"end":{"line":201,"column":54}},"84":{"start":{"line":203,"column":22},"end":{"line":203,"column":32}},"85":{"start":{"line":204,"column":4},"end":{"line":204,"column":49}},"86":{"start":{"line":207,"column":4},"end":{"line":211,"column":7}},"87":{"start":{"line":213,"column":4},"end":{"line":226,"column":7}},"88":{"start":{"line":229,"column":4},"end":{"line":229,"column":49}},"89":{"start":{"line":230,"column":4},"end":{"line":230,"column":102}},"90":{"start":{"line":234,"column":22},"end":{"line":257,"column":1}},"91":{"start":{"line":235,"column":23},"end":{"line":235,"column":70}},"92":{"start":{"line":237,"column":2},"end":{"line":239,"column":3}},"93":{"start":{"line":238,"column":4},"end":{"line":238,"column":108}},"94":{"start":{"line":241,"column":2},"end":{"line":256,"column":3}},"95":{"start":{"line":243,"column":19},"end":{"line":246,"column":5}},"96":{"start":{"line":248,"column":4},"end":{"line":250,"column":5}},"97":{"start":{"line":249,"column":6},"end":{"line":249,"column":86}},"98":{"start":{"line":252,"column":4},"end":{"line":252,"column":73}},"99":{"start":{"line":254,"column":4},"end":{"line":254,"column":42}},"100":{"start":{"line":255,"column":4},"end":{"line":255,"column":102}},"101":{"start":{"line":259,"column":18},"end":{"line":270,"column":1}},"102":{"start":{"line":260,"column":2},"end":{"line":269,"column":3}},"103":{"start":{"line":261,"column":17},"end":{"line":261,"column":74}},"104":{"start":{"line":262,"column":4},"end":{"line":264,"column":5}},"105":{"start":{"line":263,"column":6},"end":{"line":263,"column":86}},"106":{"start":{"line":265,"column":4},"end":{"line":265,"column":42}},"107":{"start":{"line":267,"column":4},"end":{"line":267,"column":47}},"108":{"start":{"line":268,"column":4},"end":{"line":268,"column":102}},"109":{"start":{"line":272,"column":31},"end":{"line":321,"column":1}},"110":{"start":{"line":273,"column":49},"end":{"line":273,"column":57}},"111":{"start":{"line":274,"column":17},"end":{"line":274,"column":28}},"112":{"start":{"line":276,"column":2},"end":{"line":278,"column":3}},"113":{"start":{"line":277,"column":4},"end":{"line":277,"column":105}},"114":{"start":{"line":280,"column":2},"end":{"line":320,"column":3}},"115":{"start":{"line":281,"column":17},"end":{"line":281,"column":44}},"116":{"start":{"line":282,"column":4},"end":{"line":284,"column":5}},"117":{"start":{"line":283,"column":6},"end":{"line":283,"column":96}},"118":{"start":{"line":287,"column":4},"end":{"line":287,"column":60}},"119":{"start":{"line":288,"column":4},"end":{"line":288,"column":23}},"120":{"start":{"line":291,"column":4},"end":{"line":293,"column":5}},"121":{"start":{"line":292,"column":6},"end":{"line":292,"column":28}},"122":{"start":{"line":294,"column":4},"end":{"line":294,"column":61}},"123":{"start":{"line":295,"column":4},"end":{"line":295,"column":30}},"124":{"start":{"line":297,"column":4},"end":{"line":297,"column":22}},"125":{"start":{"line":300,"column":24},"end":{"line":300,"column":49}},"126":{"start":{"line":301,"column":25},"end":{"line":301,"column":51}},"127":{"start":{"line":303,"column":4},"end":{"line":315,"column":7}},"128":{"start":{"line":318,"column":4},"end":{"line":318,"column":51}},"129":{"start":{"line":319,"column":4},"end":{"line":319,"column":106}},"130":{"start":{"line":323,"column":24},"end":{"line":374,"column":1}},"131":{"start":{"line":324,"column":22},"end":{"line":324,"column":66}},"132":{"start":{"line":325,"column":2},"end":{"line":330,"column":3}},"133":{"start":{"line":326,"column":4},"end":{"line":329,"column":7}},"134":{"start":{"line":332,"column":57},"end":{"line":332,"column":65}},"135":{"start":{"line":333,"column":2},"end":{"line":335,"column":3}},"136":{"start":{"line":334,"column":4},"end":{"line":334,"column":114}},"137":{"start":{"line":337,"column":2},"end":{"line":373,"column":3}},"138":{"start":{"line":338,"column":25},"end":{"line":338,"column":79}},"139":{"start":{"line":339,"column":4},"end":{"line":341,"column":5}},"140":{"start":{"line":340,"column":6},"end":{"line":340,"column":103}},"141":{"start":{"line":343,"column":20},"end":{"line":343,"column":37}},"142":{"start":{"line":344,"column":4},"end":{"line":346,"column":5}},"143":{"start":{"line":345,"column":6},"end":{"line":345,"column":28}},"144":{"start":{"line":348,"column":4},"end":{"line":348,"column":41}},"145":{"start":{"line":350,"column":25},"end":{"line":350,"column":56}},"146":{"start":{"line":351,"column":20},"end":{"line":359,"column":6}},"147":{"start":{"line":361,"column":4},"end":{"line":369,"column":7}},"148":{"start":{"line":371,"column":4},"end":{"line":371,"column":44}},"149":{"start":{"line":372,"column":4},"end":{"line":372,"column":100}},"150":{"start":{"line":376,"column":27},"end":{"line":444,"column":1}},"151":{"start":{"line":377,"column":22},"end":{"line":377,"column":30}},"152":{"start":{"line":378,"column":2},"end":{"line":380,"column":3}},"153":{"start":{"line":379,"column":4},"end":{"line":379,"column":99}},"154":{"start":{"line":382,"column":2},"end":{"line":443,"column":3}},"155":{"start":{"line":383,"column":21},"end":{"line":383,"column":99}},"156":{"start":{"line":384,"column":33},"end":{"line":384,"column":46}},"157":{"start":{"line":386,"column":15},"end":{"line":386,"column":44}},"158":{"start":{"line":388,"column":4},"end":{"line":393,"column":5}},"159":{"start":{"line":389,"column":6},"end":{"line":392,"column":9}},"160":{"start":{"line":396,"column":16},"end":{"line":396,"column":26}},"161":{"start":{"line":397,"column":4},"end":{"line":403,"column":5}},"162":{"start":{"line":398,"column":26},"end":{"line":398,"column":86}},"163":{"start":{"line":399,"column":6},"end":{"line":402,"column":9}},"164":{"start":{"line":405,"column":4},"end":{"line":405,"column":38}},"165":{"start":{"line":407,"column":26},"end":{"line":407,"column":50}},"166":{"start":{"line":408,"column":4},"end":{"line":411,"column":5}},"167":{"start":{"line":409,"column":6},"end":{"line":409,"column":32}},"168":{"start":{"line":410,"column":6},"end":{"line":410,"column":24}},"169":{"start":{"line":413,"column":24},"end":{"line":413,"column":49}},"170":{"start":{"line":414,"column":25},"end":{"line":414,"column":51}},"171":{"start":{"line":416,"column":22},"end":{"line":416,"column":32}},"172":{"start":{"line":417,"column":4},"end":{"line":417,"column":49}},"173":{"start":{"line":419,"column":4},"end":{"line":423,"column":7}},"174":{"start":{"line":425,"column":4},"end":{"line":438,"column":7}},"175":{"start":{"line":441,"column":4},"end":{"line":441,"column":72}},"176":{"start":{"line":442,"column":4},"end":{"line":442,"column":96}},"177":{"start":{"line":449,"column":31},"end":{"line":493,"column":1}},"178":{"start":{"line":450,"column":29},"end":{"line":450,"column":37}},"179":{"start":{"line":452,"column":2},"end":{"line":454,"column":3}},"180":{"start":{"line":453,"column":4},"end":{"line":453,"column":98}},"181":{"start":{"line":457,"column":19},"end":{"line":457,"column":63}},"182":{"start":{"line":458,"column":2},"end":{"line":461,"column":3}},"183":{"start":{"line":459,"column":20},"end":{"line":459,"column":77}},"184":{"start":{"line":460,"column":4},"end":{"line":460,"column":124}},"185":{"start":{"line":464,"column":15},"end":{"line":464,"column":66}},"186":{"start":{"line":465,"column":20},"end":{"line":465,"column":43}},"187":{"start":{"line":466,"column":17},"end":{"line":466,"column":27}},"188":{"start":{"line":468,"column":2},"end":{"line":468,"column":89}},"189":{"start":{"line":470,"column":2},"end":{"line":492,"column":3}},"190":{"start":{"line":471,"column":4},"end":{"line":471,"column":84}},"191":{"start":{"line":473,"column":17},"end":{"line":477,"column":5}},"192":{"start":{"line":479,"column":4},"end":{"line":485,"column":5}},"193":{"start":{"line":480,"column":6},"end":{"line":480,"column":54}},"194":{"start":{"line":481,"column":6},"end":{"line":484,"column":9}},"195":{"start":{"line":487,"column":4},"end":{"line":487,"column":113}},"196":{"start":{"line":489,"column":4},"end":{"line":489,"column":67}},"197":{"start":{"line":490,"column":4},"end":{"line":490,"column":52}},"198":{"start":{"line":491,"column":4},"end":{"line":491,"column":109}},"199":{"start":{"line":498,"column":33},"end":{"line":530,"column":1}},"200":{"start":{"line":499,"column":35},"end":{"line":499,"column":43}},"201":{"start":{"line":501,"column":2},"end":{"line":503,"column":3}},"202":{"start":{"line":502,"column":4},"end":{"line":502,"column":106}},"203":{"start":{"line":505,"column":17},"end":{"line":505,"column":61}},"204":{"start":{"line":507,"column":2},"end":{"line":509,"column":3}},"205":{"start":{"line":508,"column":4},"end":{"line":508,"column":131}},"206":{"start":{"line":511,"column":2},"end":{"line":514,"column":3}},"207":{"start":{"line":512,"column":4},"end":{"line":512,"column":52}},"208":{"start":{"line":513,"column":4},"end":{"line":513,"column":121}},"209":{"start":{"line":516,"column":2},"end":{"line":516,"column":23}},"210":{"start":{"line":517,"column":2},"end":{"line":520,"column":3}},"211":{"start":{"line":518,"column":4},"end":{"line":518,"column":52}},"212":{"start":{"line":519,"column":4},"end":{"line":519,"column":125}},"213":{"start":{"line":522,"column":2},"end":{"line":525,"column":3}},"214":{"start":{"line":523,"column":17},"end":{"line":523,"column":51}},"215":{"start":{"line":524,"column":4},"end":{"line":524,"column":106}},"216":{"start":{"line":528,"column":2},"end":{"line":528,"column":50}},"217":{"start":{"line":529,"column":2},"end":{"line":529,"column":95}}},"fnMap":{"0":{"name":"(anonymous_0)","decl":{"start":{"line":10,"column":18},"end":{"line":10,"column":19}},"loc":{"start":{"line":10,"column":29},"end":{"line":13,"column":1}},"line":10},"1":{"name":"(anonymous_1)","decl":{"start":{"line":24,"column":33},"end":{"line":24,"column":34}},"loc":{"start":{"line":24,"column":39},"end":{"line":29,"column":1}},"line":24},"2":{"name":"(anonymous_2)","decl":{"start":{"line":34,"column":28},"end":{"line":34,"column":29}},"loc":{"start":{"line":34,"column":38},"end":{"line":46,"column":1}},"line":34},"3":{"name":"(anonymous_3)","decl":{"start":{"line":48,"column":29},"end":{"line":48,"column":30}},"loc":{"start":{"line":48,"column":39},"end":{"line":54,"column":1}},"line":48},"4":{"name":"(anonymous_4)","decl":{"start":{"line":56,"column":21},"end":{"line":56,"column":22}},"loc":{"start":{"line":56,"column":41},"end":{"line":149,"column":1}},"line":56},"5":{"name":"(anonymous_5)","decl":{"start":{"line":151,"column":23},"end":{"line":151,"column":24}},"loc":{"start":{"line":151,"column":43},"end":{"line":232,"column":1}},"line":151},"6":{"name":"(anonymous_6)","decl":{"start":{"line":234,"column":22},"end":{"line":234,"column":23}},"loc":{"start":{"line":234,"column":42},"end":{"line":257,"column":1}},"line":234},"7":{"name":"(anonymous_7)","decl":{"start":{"line":259,"column":18},"end":{"line":259,"column":19}},"loc":{"start":{"line":259,"column":38},"end":{"line":270,"column":1}},"line":259},"8":{"name":"(anonymous_8)","decl":{"start":{"line":272,"column":31},"end":{"line":272,"column":32}},"loc":{"start":{"line":272,"column":51},"end":{"line":321,"column":1}},"line":272},"9":{"name":"(anonymous_9)","decl":{"start":{"line":323,"column":24},"end":{"line":323,"column":25}},"loc":{"start":{"line":323,"column":44},"end":{"line":374,"column":1}},"line":323},"10":{"name":"(anonymous_10)","decl":{"start":{"line":376,"column":27},"end":{"line":376,"column":28}},"loc":{"start":{"line":376,"column":47},"end":{"line":444,"column":1}},"line":376},"11":{"name":"(anonymous_11)","decl":{"start":{"line":449,"column":31},"end":{"line":449,"column":32}},"loc":{"start":{"line":449,"column":51},"end":{"line":493,"column":1}},"line":449},"12":{"name":"(anonymous_12)","decl":{"start":{"line":498,"column":33},"end":{"line":498,"column":34}},"loc":{"start":{"line":498,"column":53},"end":{"line":530,"column":1}},"line":498}},"branchMap":{"0":{"loc":{"start":{"line":11,"column":2},"end":{"line":11,"column":24}},"type":"if","locations":[{"start":{"line":11,"column":2},"end":{"line":11,"column":24}},{"start":{},"end":{}}],"line":11},"1":{"loc":{"start":{"line":27,"column":4},"end":{"line":27,"column":58}},"type":"if","locations":[{"start":{"line":27,"column":4},"end":{"line":27,"column":58}},{"start":{},"end":{}}],"line":27},"2":{"loc":{"start":{"line":30,"column":0},"end":{"line":32,"column":1}},"type":"if","locations":[{"start":{"line":30,"column":0},"end":{"line":32,"column":1}},{"start":{},"end":{}}],"line":30},"3":{"loc":{"start":{"line":40,"column":20},"end":{"line":40,"column":78}},"type":"cond-expr","locations":[{"start":{"line":40,"column":54},"end":{"line":40,"column":58}},{"start":{"line":40,"column":61},"end":{"line":40,"column":78}}],"line":40},"4":{"loc":{"start":{"line":41,"column":22},"end":{"line":41,"column":79}},"type":"cond-expr","locations":[{"start":{"line":41,"column":41},"end":{"line":41,"column":72}},{"start":{"line":41,"column":75},"end":{"line":41,"column":79}}],"line":41},"5":{"loc":{"start":{"line":44,"column":17},"end":{"line":44,"column":55}},"type":"binary-expr","locations":[{"start":{"line":44,"column":17},"end":{"line":44,"column":46}},{"start":{"line":44,"column":50},"end":{"line":44,"column":55}}],"line":44},"6":{"loc":{"start":{"line":52,"column":17},"end":{"line":52,"column":57}},"type":"binary-expr","locations":[{"start":{"line":52,"column":17},"end":{"line":52,"column":47}},{"start":{"line":52,"column":51},"end":{"line":52,"column":57}}],"line":52},"7":{"loc":{"start":{"line":57,"column":22},"end":{"line":57,"column":87}},"type":"binary-expr","locations":[{"start":{"line":57,"column":22},"end":{"line":57,"column":39}},{"start":{"line":57,"column":43},"end":{"line":57,"column":69}},{"start":{"line":57,"column":73},"end":{"line":57,"column":87}}],"line":57},"8":{"loc":{"start":{"line":58,"column":45},"end":{"line":58,"column":111}},"type":"cond-expr","locations":[{"start":{"line":58,"column":79},"end":{"line":58,"column":97}},{"start":{"line":58,"column":100},"end":{"line":58,"column":111}}],"line":58},"9":{"loc":{"start":{"line":59,"column":21},"end":{"line":59,"column":87}},"type":"cond-expr","locations":[{"start":{"line":59,"column":55},"end":{"line":59,"column":73}},{"start":{"line":59,"column":76},"end":{"line":59,"column":87}}],"line":59},"10":{"loc":{"start":{"line":61,"column":16},"end":{"line":61,"column":54}},"type":"binary-expr","locations":[{"start":{"line":61,"column":16},"end":{"line":61,"column":22}},{"start":{"line":61,"column":26},"end":{"line":61,"column":54}}],"line":61},"11":{"loc":{"start":{"line":64,"column":2},"end":{"line":66,"column":3}},"type":"if","locations":[{"start":{"line":64,"column":2},"end":{"line":66,"column":3}},{"start":{},"end":{}}],"line":64},"12":{"loc":{"start":{"line":64,"column":6},"end":{"line":64,"column":30}},"type":"binary-expr","locations":[{"start":{"line":64,"column":6},"end":{"line":64,"column":17}},{"start":{"line":64,"column":21},"end":{"line":64,"column":30}}],"line":64},"13":{"loc":{"start":{"line":78,"column":4},"end":{"line":93,"column":5}},"type":"if","locations":[{"start":{"line":78,"column":4},"end":{"line":93,"column":5}},{"start":{},"end":{}}],"line":78},"14":{"loc":{"start":{"line":80,"column":6},"end":{"line":92,"column":7}},"type":"if","locations":[{"start":{"line":80,"column":6},"end":{"line":92,"column":7}},{"start":{"line":87,"column":13},"end":{"line":92,"column":7}}],"line":80},"15":{"loc":{"start":{"line":80,"column":10},"end":{"line":80,"column":109}},"type":"binary-expr","locations":[{"start":{"line":80,"column":10},"end":{"line":80,"column":29}},{"start":{"line":80,"column":33},"end":{"line":80,"column":66}},{"start":{"line":80,"column":70},"end":{"line":80,"column":109}}],"line":80},"16":{"loc":{"start":{"line":87,"column":13},"end":{"line":92,"column":7}},"type":"if","locations":[{"start":{"line":87,"column":13},"end":{"line":92,"column":7}},{"start":{},"end":{}}],"line":87},"17":{"loc":{"start":{"line":87,"column":17},"end":{"line":87,"column":73}},"type":"binary-expr","locations":[{"start":{"line":87,"column":17},"end":{"line":87,"column":36}},{"start":{"line":87,"column":40},"end":{"line":87,"column":73}}],"line":87},"18":{"loc":{"start":{"line":95,"column":4},"end":{"line":106,"column":5}},"type":"if","locations":[{"start":{"line":95,"column":4},"end":{"line":106,"column":5}},{"start":{},"end":{}}],"line":95},"19":{"loc":{"start":{"line":95,"column":8},"end":{"line":95,"column":70}},"type":"binary-expr","locations":[{"start":{"line":95,"column":8},"end":{"line":95,"column":13}},{"start":{"line":95,"column":17},"end":{"line":95,"column":70}}],"line":95},"20":{"loc":{"start":{"line":97,"column":6},"end":{"line":99,"column":7}},"type":"if","locations":[{"start":{"line":97,"column":6},"end":{"line":99,"column":7}},{"start":{},"end":{}}],"line":97},"21":{"loc":{"start":{"line":110,"column":4},"end":{"line":113,"column":5}},"type":"if","locations":[{"start":{"line":110,"column":4},"end":{"line":113,"column":5}},{"start":{},"end":{}}],"line":110},"22":{"loc":{"start":{"line":110,"column":8},"end":{"line":110,"column":52}},"type":"binary-expr","locations":[{"start":{"line":110,"column":8},"end":{"line":110,"column":21}},{"start":{"line":110,"column":25},"end":{"line":110,"column":52}}],"line":110},"23":{"loc":{"start":{"line":141,"column":22},"end":{"line":141,"column":80}},"type":"cond-expr","locations":[{"start":{"line":141,"column":56},"end":{"line":141,"column":60}},{"start":{"line":141,"column":63},"end":{"line":141,"column":80}}],"line":141},"24":{"loc":{"start":{"line":152,"column":23},"end":{"line":152,"column":70}},"type":"binary-expr","locations":[{"start":{"line":152,"column":23},"end":{"line":152,"column":44}},{"start":{"line":152,"column":48},"end":{"line":152,"column":70}}],"line":152},"25":{"loc":{"start":{"line":154,"column":2},"end":{"line":156,"column":3}},"type":"if","locations":[{"start":{"line":154,"column":2},"end":{"line":156,"column":3}},{"start":{},"end":{}}],"line":154},"26":{"loc":{"start":{"line":171,"column":4},"end":{"line":177,"column":5}},"type":"if","locations":[{"start":{"line":171,"column":4},"end":{"line":177,"column":5}},{"start":{},"end":{}}],"line":171},"27":{"loc":{"start":{"line":171,"column":8},"end":{"line":171,"column":79}},"type":"binary-expr","locations":[{"start":{"line":171,"column":8},"end":{"line":171,"column":16}},{"start":{"line":171,"column":20},"end":{"line":171,"column":35}},{"start":{"line":171,"column":39},"end":{"line":171,"column":79}}],"line":171},"28":{"loc":{"start":{"line":172,"column":6},"end":{"line":175,"column":7}},"type":"if","locations":[{"start":{"line":172,"column":6},"end":{"line":175,"column":7}},{"start":{},"end":{}}],"line":172},"29":{"loc":{"start":{"line":172,"column":10},"end":{"line":172,"column":36}},"type":"binary-expr","locations":[{"start":{"line":172,"column":10},"end":{"line":172,"column":17}},{"start":{"line":172,"column":21},"end":{"line":172,"column":36}}],"line":172},"30":{"loc":{"start":{"line":183,"column":21},"end":{"line":183,"column":128}},"type":"binary-expr","locations":[{"start":{"line":183,"column":21},"end":{"line":183,"column":25}},{"start":{"line":183,"column":29},"end":{"line":183,"column":48}},{"start":{"line":183,"column":52},"end":{"line":183,"column":85}},{"start":{"line":183,"column":89},"end":{"line":183,"column":128}}],"line":183},"31":{"loc":{"start":{"line":185,"column":4},"end":{"line":
[...]
oc":{"start":{"line":11,"column":6},"end":{"line":11,"column":51}},"type":"binary-expr","locations":[{"start":{"line":11,"column":6},"end":{"line":11,"column":17}},{"start":{"line":11,"column":21},"end":{"line":11,"column":51}}],"line":11},"2":{"loc":{"start":{"line":18,"column":4},"end":{"line":21,"column":5}},"type":"if","locations":[{"start":{"line":18,"column":4},"end":{"line":21,"column":5}},{"start":{},"end":{}}],"line":18},"3":{"loc":{"start":{"line":35,"column":4},"end":{"line":51,"column":5}},"type":"if","locations":[{"start":{"line":35,"column":4},"end":{"line":51,"column":5}},{"start":{"line":41,"column":11},"end":{"line":51,"column":5}}],"line":35},"4":{"loc":{"start":{"line":37,"column":6},"end":{"line":37,"column":53}},"type":"if","locations":[{"start":{"line":37,"column":6},"end":{"line":37,"column":53}},{"start":{},"end":{}}],"line":37},"5":{"loc":{"start":{"line":38,"column":17},"end":{"line":38,"column":47}},"type":"cond-expr","locations":[{"start":{"line":38,"column":32},"end":{"line":38,"column":36}},{"start":{"line":38,"column":39},"end":{"line":38,"column":47}}],"line":38},"6":{"loc":{"start":{"line":39,"column":16},"end":{"line":39,"column":43}},"type":"cond-expr","locations":[{"start":{"line":39,"column":30},"end":{"line":39,"column":33}},{"start":{"line":39,"column":36},"end":{"line":39,"column":43}}],"line":39},"7":{"loc":{"start":{"line":40,"column":16},"end":{"line":40,"column":34}},"type":"binary-expr","locations":[{"start":{"line":40,"column":16},"end":{"line":40,"column":19}},{"start":{"line":40,"column":23},"end":{"line":40,"column":34}}],"line":40},"8":{"loc":{"start":{"line":45,"column":6},"end":{"line":50,"column":7}},"type":"if","locations":[{"start":{"line":45,"column":6},"end":{"line":50,"column":7}},{"start":{},"end":{}}],"line":45},"9":{"loc":{"start":{"line":58,"column":4},"end":{"line":67,"column":5}},"type":"if","locations":[{"start":{"line":58,"column":4},"end":{"line":67,"column":5}},{"start":{"line":61,"column":11},"end":{"line":67,"column":5}}],"line":58},"10":{"loc":{"start":{"line":58,"column":8},"end":{"line":58,"column":139}},"type":"binary-expr","locations":[{"start":{"line":58,"column":8},"end":{"line":58,"column":35}},{"start":{"line":58,"column":39},"end":{"line":58,"column":72}},{"start":{"line":58,"column":76},"end":{"line":58,"column":103}},{"start":{"line":58,"column":107},"end":{"line":58,"column":139}}],"line":58},"11":{"loc":{"start":{"line":61,"column":11},"end":{"line":67,"column":5}},"type":"if","locations":[{"start":{"line":61,"column":11},"end":{"line":67,"column":5}},{"start":{"line":64,"column":11},"end":{"line":67,"column":5}}],"line":61},"12":{"loc":{"start":{"line":61,"column":15},"end":{"line":61,"column":111}},"type":"binary-expr","locations":[{"start":{"line":61,"column":15},"end":{"line":61,"column":43}},{"start":{"line":61,"column":47},"end":{"line":61,"column":73}},{"start":{"line":61,"column":77},"end":{"line":61,"column":111}}],"line":61},"13":{"loc":{"start":{"line":64,"column":11},"end":{"line":67,"column":5}},"type":"if","locations":[{"start":{"line":64,"column":11},"end":{"line":67,"column":5}},{"start":{},"end":{}}],"line":64},"14":{"loc":{"start":{"line":64,"column":15},"end":{"line":64,"column":129}},"type":"binary-expr","locations":[{"start":{"line":64,"column":15},"end":{"line":64,"column":42}},{"start":{"line":64,"column":46},"end":{"line":64,"column":74}},{"start":{"line":64,"column":78},"end":{"line":64,"column":108}},{"start":{"line":64,"column":112},"end":{"line":64,"column":129}}],"line":64},"15":{"loc":{"start":{"line":80,"column":6},"end":{"line":87,"column":7}},"type":"if","locations":[{"start":{"line":80,"column":6},"end":{"line":87,"column":7}},{"start":{},"end":{}}],"line":80},"16":{"loc":{"start":{"line":81,"column":8},"end":{"line":86,"column":39}},"type":"if","locations":[{"start":{"line":81,"column":8},"end":{"line":86,"column":39}},{"start":{"line":82,"column":13},"end":{"line":86,"column":39}}],"line":81},"17":{"loc":{"start":{"line":82,"column":13},"end":{"line":86,"column":39}},"type":"if","locations":[{"start":{"line":82,"column":13},"end":{"line":86,"column":39}},{"start":{"line":83,"column":13},"end":{"line":86,"column":39}}],"line":82},"18":{"loc":{"start":{"line":83,"column":13},"end":{"line":86,"column":39}},"type":"if","locations":[{"start":{"line":83,"column":13},"end":{"line":86,"column":39}},{"start":{"line":84,"column":13},"end":{"line":86,"column":39}}],"line":83},"19":{"loc":{"start":{"line":84,"column":13},"end":{"line":86,"column":39}},"type":"if","locations":[{"start":{"line":84,"column":13},"end":{"line":86,"column":39}},{"start":{"line":85,"column":13},"end":{"line":86,"column":39}}],"line":84},"20":{"loc":{"start":{"line":85,"column":13},"end":{"line":86,"column":39}},"type":"if","locations":[{"start":{"line":85,"column":13},"end":{"line":86,"column":39}},{"start":{"line":86,"column":13},"end":{"line":86,"column":39}}],"line":85},"21":{"loc":{"start":{"line":111,"column":2},"end":{"line":111,"column":63}},"type":"if","locations":[{"start":{"line":111,"column":2},"end":{"line":111,"column":63}},{"start":{},"end":{}}],"line":111},"22":{"loc":{"start":{"line":111,"column":6},"end":{"line":111,"column":51}},"type":"binary-expr","locations":[{"start":{"line":111,"column":6},"end":{"line":111,"column":17}},{"start":{"line":111,"column":21},"end":{"line":111,"column":51}}],"line":111},"23":{"loc":{"start":{"line":114,"column":2},"end":{"line":114,"column":34}},"type":"if","locations":[{"start":{"line":114,"column":2},"end":{"line":114,"column":34}},{"start":{},"end":{}}],"line":114},"24":{"loc":{"start":{"line":123,"column":6},"end":{"line":123,"column":52}},"type":"if","locations":[{"start":{"line":123,"column":6},"end":{"line":123,"column":52}},{"start":{},"end":{}}],"line":123},"25":{"loc":{"start":{"line":131,"column":8},"end":{"line":131,"column":25}},"type":"if","locations":[{"start":{"line":131,"column":8},"end":{"line":131,"column":25}},{"start":{},"end":{}}],"line":131},"26":{"loc":{"start":{"line":134,"column":8},"end":{"line":154,"column":9}},"type":"if","locations":[{"start":{"line":134,"column":8},"end":{"line":154,"column":9}},{"start":{"line":136,"column":15},"end":{"line":154,"column":9}}],"line":134},"27":{"loc":{"start":{"line":134,"column":12},"end":{"line":134,"column":59}},"type":"binary-expr","locations":[{"start":{"line":134,"column":12},"end":{"line":134,"column":34}},{"start":{"line":134,"column":38},"end":{"line":134,"column":59}}],"line":134},"28":{"loc":{"start":{"line":136,"column":15},"end":{"line":154,"column":9}},"type":"if","locations":[{"start":{"line":136,"column":15},"end":{"line":154,"column":9}},{"start":{"line":138,"column":15},"end":{"line":154,"column":9}}],"line":136},"29":{"loc":{"start":{"line":138,"column":15},"end":{"line":154,"column":9}},"type":"if","locations":[{"start":{"line":138,"column":15},"end":{"line":154,"column":9}},{"start":{"line":140,"column":15},"end":{"line":154,"column":9}}],"line":138},"30":{"loc":{"start":{"line":138,"column":19},"end":{"line":138,"column":64}},"type":"binary-expr","locations":[{"start":{"line":138,"column":19},"end":{"line":138,"column":40}},{"start":{"line":138,"column":44},"end":{"line":138,"column":64}}],"line":138},"31":{"loc":{"start":{"line":140,"column":15},"end":{"line":154,"column":9}},"type":"if","locations":[{"start":{"line":140,"column":15},"end":{"line":154,"column":9}},{"start":{"line":142,"column":15},"end":{"line":154,"column":9}}],"line":140},"32":{"loc":{"start":{"line":142,"column":15},"end":{"line":154,"column":9}},"type":"if","locations":[{"start":{"line":142,"column":15},"end":{"line":154,"column":9}},{"start":{"line":144,"column":15},"end":{"line":154,"column":9}}],"line":142},"33":{"loc":{"start":{"line":142,"column":19},"end":{"line":142,"column":59}},"type":"binary-expr","locations":[{"start":{"line":142,"column":19},"end":{"line":142,"column":39}},{"start":{"line":142,"column":43},"end":{"line":142,"column":59}}],"line":142},"34":{"loc":{"start":{"line":147,"column":10},"end":{"line":153,"column":11}},"type":"if","locations":[{"start":{"line":147,"column":10},"end":{"line":153,"column":11}},{"start":{},"end":{}}],"line":147},"35":{"loc":{"start":{"line":148,"column":12},"end":{"line":152,"column":13}},"type":"if","locations":[{"start":{"line":148,"column":12},"end":{"line":152,"column":13}},{"start":{"line":150,"column":19},"end":{"line":152,"column":13}}],"line":148},"36":{"loc":{"start":{"line":158,"column":6},"end":{"line":158,"column":65}},"type":"if","locations":[{"start":{"line":158,"column":6},"end":{"line":158,"column":65}},{"start":{},"end":{}}],"line":158},"37":{"loc":{"start":{"line":159,"column":6},"end":{"line":159,"column":49}},"type":"if","locations":[{"start":{"line":159,"column":6},"end":{"line":159,"column":49}},{"start":{},"end":{}}],"line":159},"38":{"loc":{"start":{"line":160,"column":6},"end":{"line":160,"column":55}},"type":"if","locations":[{"start":{"line":160,"column":6},"end":{"line":160,"column":55}},{"start":{},"end":{}}],"line":160},"39":{"loc":{"start":{"line":161,"column":6},"end":{"line":161,"column":53}},"type":"if","locations":[{"start":{"line":161,"column":6},"end":{"line":161,"column":53}},{"start":{},"end":{}}],"line":161},"40":{"loc":{"start":{"line":164,"column":6},"end":{"line":164,"column":83}},"type":"if","locations":[{"start":{"line":164,"column":6},"end":{"line":164,"column":83}},{"start":{},"end":{}}],"line":164},"41":{"loc":{"start":{"line":165,"column":6},"end":{"line":165,"column":78}},"type":"if","locations":[{"start":{"line":165,"column":6},"end":{"line":165,"column":78}},{"start":{},"end":{}}],"line":165}},"s":{"0":2,"1":1,"2":0,"3":1,"4":1,"5":1,"6":1,"7":1,"8":1,"9":1,"10":1,"11":1,"12":1,"13":1,"14":1,"15":1,"16":1,"17":0,"18":0,"19":0,"20":0,"21":0,"22":0,"23":1,"24":1,"25":1,"26":1,"27":1,"28":1,"29":1,"30":1,"31":1,"32":1,"33":0,"34":0,"35":1,"36":0,"37":0,"38":1,"39":1,"40":1,"41":1,"42":1,"43":1,"44":1,"45":1,"46":1,"47":1,"48":1,"49":0,"50":0,"51":0,"52":0,"53":0,"54":0,"55":0,"56":0,"57":0,"58":1,"59":0,"60":0,"61":2,"62":0,"63":0,"64":0,"65":0,"66":0,"67":0,"68":0,"69":0,"70":0,"71":0,"72":0,"73":0,"74":0,"75":0,"76":0,"77":0,"78":0,"79":0,"80":0,"81":0,"82":0,"83":0,"84":0,"85":0,"86":0,"87":0,"88":0,"89":0,"90":0,"91":0,"92":0,"93":0,"94":0,"95":0,"96":0,"97":0,"98":0,"99":0,"100":0,"101":0,"102":0,"103":0,"104":0,"105":0,"106":0,"107":0,"108":0,"109":0,"110":0,"111":0,"112":0,"113":0},"f":{"0":1,"1":0,"2":0,"3":0,"4":0,"5":0},"b":{"0":[0,1],"1":[1,1],"2":[1,0],"3":[0,1],"4":[0,0],"5":[0,0],"6":[0,0],"7":[0,0],"8":[1,0],"9":[0,1],"10":[1,1,1,1],"11":[0,1],"12":[1,1,1],"13":[1,0],"14":[1,1,1,1],"15":[1,0],"16":[1,0],"17":[0,0],"18":[0,0],"19":[0,0],"20":[0,0],"21":[0,0],"22":[0,0],"23":[0,0],"24":[0,0],"25":[0,0],"26":[0,0],"27":[0,0],"28":[0,0],"29":[0,0],"30":[0,0],"31":[0,0],"32":[0,0],"33":[0,0],"34":[0,0],"35":[0,0],"36":[0,0],"37":[0,0],"38":[0,0],"39":[0,0],"40":[0,0],"41":[0,0]},"inputSourceMap":null,"_coverageSchema":"1a1c01bbd47fc00a2c39e90264f33305004495a9","hash":"9e494abbb50d9a4e8e6911ed6ecd862154eafb6a"}
,"D:\\New folder\\ICS-Guard\\backend\\src\\utils\\pagination.js": {"path":"D:\\New folder\\ICS-Guard\\backend\\src\\utils\\pagination.js","statementMap":{"0":{"start":{"line":1,"column":32},"end":{"line":53,"column":1}},"1":{"start":{"line":2,"column":19},"end":{"line":2,"column":45}},"2":{"start":{"line":3,"column":15},"end":{"line":3,"column":58}},"3":{"start":{"line":4,"column":13},"end":{"line":4,"column":63}},"4":{"start":{"line":6,"column":19},"end":{"line":6,"column":79}},"5":{"start":{"line":6,"column":26},"end":{"line":6,"column":79}},"6":{"start":{"line":8,"column":16},"end":{"line":8,"column":18}},"7":{"start":{"line":11,"column":2},"end":{"line":16,"column":5}},"8":{"start":{"line":19,"column":2},"end":{"line":26,"column":3}},"9":{"start":{"line":19,"column":15},"end":{"line":19,"column":16}},"10":{"start":{"line":20,"column":4},"end":{"line":25,"column":7}},"11":{"start":{"line":29,"column":2},"end":{"line":34,"column":5}},"12":{"start":{"line":36,"column":2},"end":{"line":52,"column":4}}},"fnMap":{"0":{"name":"(anonymous_0)","decl":{"start":{"line":1,"column":32},"end":{"line":1,"column":33}},"loc":{"start":{"line":1,"column":78},"end":{"line":53,"column":1}},"line":1},"1":{"name":"(anonymous_1)","decl":{"start":{"line":6,"column":19},"end":{"line":6,"column":20}},"loc":{"start":{"line":6,"column":26},"end":{"line":6,"column":79}},"line":6}},"branchMap":{"0":{"loc":{"start":{"line":1,"column":61},"end":{"line":1,"column":73}},"type":"default-arg","locations":[{"start":{"line":1,"column":71},"end":{"line":1,"column":73}}],"line":1},"1":{"loc":{"start":{"line":3,"column":15},"end":{"line":3,"column":58}},"type":"cond-expr","locations":[{"start":{"line":3,"column":27},"end":{"line":3,"column":51}},{"start":{"line":3,"column":54},"end":{"line":3,"column":58}}],"line":3},"2":{"loc":{"start":{"line":4,"column":13},"end":{"line":4,"column":63}},"type":"cond-expr","locations":[{"start":{"line":4,"column":25},"end":{"line":4,"column":56}},{"start":{"line":4,"column":59},"end":{"line":4,"column":63}}],"line":4},"3":{"loc":{"start":{"line":6,"column":26},"end":{"line":6,"column":79}},"type":"cond-expr","locations":[{"start":{"line":6,"column":30},"end":{"line":6,"column":72}},{"start":{"line":6,"column":75},"end":{"line":6,"column":79}}],"line":6},"4":{"loc":{"start":{"line":12,"column":9},"end":{"line":12,"column":45}},"type":"cond-expr","locations":[{"start":{"line":12,"column":20},"end":{"line":12,"column":38}},{"start":{"line":12,"column":41},"end":{"line":12,"column":45}}],"line":12},"5":{"loc":{"start":{"line":14,"column":10},"end":{"line":14,"column":36}},"type":"cond-expr","locations":[{"start":{"line":14,"column":21},"end":{"line":14,"column":29}},{"start":{"line":14,"column":32},"end":{"line":14,"column":36}}],"line":14},"6":{"loc":{"start":{"line":30,"column":9},"end":{"line":30,"column":52}},"type":"cond-expr","locations":[{"start":{"line":30,"column":27},"end":{"line":30,"column":45}},{"start":{"line":30,"column":48},"end":{"line":30,"column":52}}],"line":30},"7":{"loc":{"start":{"line":32,"column":10},"end":{"line":32,"column":43}},"type":"cond-expr","locations":[{"start":{"line":32,"column":28},"end":{"line":32,"column":36}},{"start":{"line":32,"column":39},"end":{"line":32,"column":43}}],"line":32},"8":{"loc":{"start":{"line":45,"column":21},"end":{"line":45,"column":64}},"type":"cond-expr","locations":[{"start":{"line":45,"column":39},"end":{"line":45,"column":57}},{"start":{"line":45,"column":60},"end":{"line":45,"column":64}}],"line":45},"9":{"loc":{"start":{"line":48,"column":21},"end":{"line":48,"column":57}},"type":"cond-expr","locations":[{"start":{"line":48,"column":32},"end":{"line":48,"column":50}},{"start":{"line":48,"column":53},"end":{"line":48,"column":57}}],"line":48}},"s":{"0":8,"1":6,"2":6,"3":6,"4":6,"5":18,"6":6,"7":6,"8":6,"9":6,"10":6,"11":6,"12":6},"f":{"0":6,"1":18},"b":{"0":[2],"1":[6,0],"2":[6,0],"3":[18,0],"4":[0,6],"5":[0,6],"6":[0,6],"7":[0,6],"8":[0,6],"9":[0,6]},"inputSourceMap":null,"_coverageSchema":"1a1c01bbd47fc00a2c39e90264f33305004495a9","hash":"80bec3400ddf30cc1ef8bf8ca5340c2051ad1f23"}
,"D:\\New folder\\ICS-Guard\\backend\\src\\utils\\response.js": {"path":"D:\\New folder\\ICS-Guard\\backend\\src\\utils\\response.js","statementMap":{"0":{"start":{"line":1,"column":31},"end":{"line":8,"column":1}},"1":{"start":{"line":2,"column":19},"end":{"line":6,"column":3}},"2":{"start":{"line":7,"column":2},"end":{"line":7,"column":47}},"3":{"start":{"line":10,"column":29},"end":{"line":17,"column":1}},"4":{"start":{"line":11,"column":19},"end":{"line":15,"column":3}},"5":{"start":{"line":16,"column":2},"end":{"line":16,"column":47}},"6":{"start":{"line":19,"column":33},"end":{"line":27,"column":1}},"7":{"start":{"line":20,"column":19},"end":{"line":25,"column":3}},"8":{"start":{"line":26,"column":2},"end":{"line":26,"column":47}}},"fnMap":{"0":{"name":"(anonymous_0)","decl":{"start":{"line":1,"column":31},"end":{"line":1,"column":32}},"loc":{"start":{"line":1,"column":85},"end":{"line":8,"column":1}},"line":1},"1":{"name":"(anonymous_1)","decl":{"start":{"line":10,"column":29},"end":{"line":10,"column":30}},"loc":{"start":{"line":10,"column":89},"end":{"line":17,"column":1}},"line":10},"2":{"name":"(anonymous_2)","decl":{"start":{"line":19,"column":33},"end":{"line":19,"column":34}},"loc":{"start":{"line":19,"column":99},"end":{"line":27,"column":1}},"line":19}},"branchMap":{"0":{"loc":{"start":{"line":1,"column":43},"end":{"line":1,"column":62}},"type":"default-arg","locations":[{"start":{"line":1,"column":53},"end":{"line":1,"column":62}}],"line":1},"1":{"loc":{"start":{"line":1,"column":64},"end":{"line":1,"column":80}},"type":"default-arg","locations":[{"start":{"line":1,"column":77},"end":{"line":1,"column":80}}],"line":1},"2":{"loc":{"start":{"line":10,"column":35},"end":{"line":10,"column":52}},"type":"default-arg","locations":[{"start":{"line":10,"column":45},"end":{"line":10,"column":52}}],"line":10},"3":{"loc":{"start":{"line":10,"column":54},"end":{"line":10,"column":66}},"type":"default-arg","locations":[{"start":{"line":10,"column":62},"end":{"line":10,"column":66}}],"line":10},"4":{"loc":{"start":{"line":10,"column":68},"end":{"line":10,"column":84}},"type":"default-arg","locations":[{"start":{"line":10,"column":81},"end":{"line":10,"column":84}}],"line":10},"5":{"loc":{"start":{"line":19,"column":57},"end":{"line":19,"column":76}},"type":"default-arg","locations":[{"start":{"line":19,"column":67},"end":{"line":19,"column":76}}],"line":19},"6":{"loc":{"start":{"line":19,"column":78},"end":{"line":19,"column":94}},"type":"default-arg","locations":[{"start":{"line":19,"column":91},"end":{"line":19,"column":94}}],"line":19}},"s":{"0":9,"1":11,"2":11,"3":9,"4":9,"5":9,"6":9,"7":6,"8":6},"f":{"0":11,"1":9,"2":6},"b":{"0":[0],"1":[9],"2":[0],"3":[0],"4":[0],"5":[0],"6":[6]},"inputSourceMap":null,"_coverageSchema":"1a1c01bbd47fc00a2c39e90264f33305004495a9","hash":"c57491eeeb28ff1f8ab659bb336256b3f433921e"}
,"D:\\New folder\\ICS-Guard\\backend\\src\\utils\\roles.js": {"path":"D:\\New folder\\ICS-Guard\\backend\\src\\utils\\roles.js","statementMap":{"0":{"start":{"line":1,"column":21},"end":{"line":6,"column":2}},"1":{"start":{"line":8,"column":27},"end":{"line":8,"column":62}},"2":{"start":{"line":10,"column":24},"end":{"line":17,"column":2}},"3":{"start":{"line":19,"column":29},"end":{"line":23,"column":1}},"4":{"start":{"line":20,"column":2},"end":{"line":20,"column":44}},"5":{"start":{"line":20,"column":32},"end":{"line":20,"column":44}},"6":{"start":{"line":21,"column":21},"end":{"line":21,"column":46}},"7":{"start":{"line":22,"column":2},"end":{"line":22,"column":51}},"8":{"start":{"line":25,"column":27},"end":{"line":25,"column":78}},"9":{"start":{"line":25,"column":37},"end":{"line":25,"column":78}}},"fnMap":{"0":{"name":"(anonymous_0)","decl":{"start":{"line":19,"column":29},"end":{"line":19,"column":30}},"loc":{"start":{"line":19,"column":39},"end":{"line":23,"column":1}},"line":19},"1":{"name":"(anonymous_1)","decl":{"start":{"line":25,"column":27},"end":{"line":25,"column":28}},"loc":{"start":{"line":25,"column":37},"end":{"line":25,"column":78}},"line":25}},"branchMap":{"0":{"loc":{"start":{"line":20,"column":2},"end":{"line":20,"column":44}},"type":"if","locations":[{"start":{"line":20,"column":2},"end":{"line":20,"column":44}},{"start":{},"end":{}}],"line":20},"1":{"loc":{"start":{"line":22,"column":9},"end":{"line":22,"column":50}},"type":"binary-expr","locations":[{"start":{"line":22,"column":9},"end":{"line":22,"column":36}},{"start":{"line":22,"column":40},"end":{"line":22,"column":50}}],"line":22}},"s":{"0":4,"1":4,"2":4,"3":4,"4":6,"5":0,"6":6,"7":6,"8":4,"9":0},"f":{"0":6,"1":0},"b":{"0":[0,6],"1":[6,6]},"inputSourceMap":null,"_coverageSchema":"1a1c01bbd47fc00a2c39e90264f33305004495a9","hash":"a16f8f6667b18a5ecd015f3ba9c53288fbad1c37"}
}
