TN:
SF:src\config\db.js
FN:3,(anonymous_0)
FNF:1
FNH:0
FNDA:0,(anonymous_0)
DA:3,19
DA:4,0
DA:5,0
DA:6,0
DA:7,0
DA:8,0
DA:10,0
DA:11,0
LF:8
LH:1
BRDA:5,0,0,0
BRDA:5,0,1,0
BRF:2
BRH:0
end_of_record
TN:
SF:src\config\redis.js
FN:18,(anonymous_0)
FN:19,(anonymous_1)
FN:20,(anonymous_2)
FN:21,(anonymous_3)
FN:22,(anonymous_4)
FN:23,(anonymous_5)
FN:24,(anonymous_6)
FN:31,(anonymous_7)
FN:57,(anonymous_8)
FN:62,(anonymous_9)
FN:73,(anonymous_10)
FN:78,(anonymous_11)
FN:90,(anonymous_12)
FN:116,(anonymous_13)
FN:127,(anonymous_14)
FN:136,(anonymous_15)
FN:145,(anonymous_16)
FNF:17
FNH:1
FNDA:0,(anonymous_0)
FNDA:0,(anonymous_1)
FNDA:0,(anonymous_2)
FNDA:0,(anonymous_3)
FNDA:0,(anonymous_4)
FNDA:0,(anonymous_5)
FNDA:0,(anonymous_6)
FNDA:0,(anonymous_7)
FNDA:0,(anonymous_8)
FNDA:0,(anonymous_9)
FNDA:0,(anonymous_10)
FNDA:0,(anonymous_11)
FNDA:5,(anonymous_12)
FNDA:0,(anonymous_13)
FNDA:0,(anonymous_14)
FNDA:0,(anonymous_15)
FNDA:0,(anonymous_16)
DA:6,5
DA:7,5
DA:8,5
DA:10,5
DA:11,5
DA:13,5
DA:14,5
DA:17,5
DA:19,0
DA:20,0
DA:21,0
DA:27,5
DA:28,5
DA:29,5
DA:32,0
DA:33,0
DA:34,0
DA:35,0
DA:37,0
DA:41,5
DA:42,0
DA:43,0
DA:44,0
DA:45,0
DA:47,0
DA:48,0
DA:52,5
DA:57,5
DA:58,0
DA:59,0
DA:62,5
DA:63,0
DA:64,0
DA:67,0
DA:68,0
DA:72,5
DA:74,0
DA:75,0
DA:79,0
DA:80,0
DA:81,0
DA:83,0
DA:84,0
DA:87,0
DA:91,5
DA:92,5
DA:93,0
DA:94,0
DA:96,0
DA:97,0
DA:102,5
DA:103,5
DA:105,5
DA:106,2
DA:108,3
DA:109,3
DA:111,0
DA:112,0
DA:114,0
DA:117,0
DA:118,0
DA:119,0
DA:121,0
DA:122,0
DA:125,0
DA:128,0
DA:129,0
DA:130,0
DA:132,0
DA:137,0
DA:138,0
DA:139,0
DA:141,0
DA:146,0
DA:147,0
DA:148,0
LF:76
LH:24
BRDA:10,0,0,5
BRDA:10,0,1,5
BRDA:32,1,0,0
BRDA:32,1,1,0
BRDA:41,2,0,0
BRDA:41,2,1,5
BRDA:43,3,0,0
BRDA:43,3,1,0
BRDA:74,4,0,0
BRDA:74,4,1,0
BRDA:74,5,0,0
BRDA:74,5,1,0
BRDA:79,6,0,0
BRDA:79,6,1,0
BRDA:79,7,0,0
BRDA:79,7,1,0
BRDA:91,8,0,0
BRDA:91,8,1,5
BRDA:92,9,0,0
BRDA:92,9,1,5
BRDA:92,10,0,5
BRDA:92,10,1,5
BRDA:92,10,2,5
BRDA:103,11,0,5
BRDA:103,11,1,0
BRDA:105,12,0,2
BRDA:105,12,1,3
BRDA:105,13,0,5
BRDA:105,13,1,2
BRDA:108,14,0,3
BRDA:108,14,1,0
BRDA:108,15,0,3
BRDA:108,15,1,0
BRDA:111,16,0,0
BRDA:111,16,1,0
BRDA:117,17,0,0
BRDA:117,17,1,0
BRDA:117,18,0,0
BRDA:117,18,1,0
BRDA:117,18,2,0
BRDA:128,19,0,0
BRDA:128,19,1,0
BRDA:128,20,0,0
BRDA:128,20,1,0
BRDA:128,20,2,0
BRDA:137,21,0,0
BRDA:137,21,1,0
BRDA:137,22,0,0
BRDA:137,22,1,0
BRDA:137,22,2,0
BRDA:146,23,0,0
BRDA:146,23,1,0
BRDA:146,24,0,0
BRDA:146,24,1,0
BRDA:146,24,2,0
BRF:55
BRH:15
end_of_record
TN:
SF:src\controllers\aiController.js
FN:4,(anonymous_0)
FNF:1
FNH:1
FNDA:3,(anonymous_0)
DA:4,1
DA:5,3
DA:7,3
DA:8,1
DA:11,2
DA:12,2
DA:13,2
DA:15,0
LF:8
LH:7
BRDA:7,0,0,1
BRDA:7,0,1,2
BRDA:7,1,0,3
BRDA:7,1,1,2
BRDA:7,1,2,2
BRF:5
BRH:5
end_of_record
TN:
SF:src\controllers\alertController.js
FN:5,(anonymous_0)
FN:51,(anonymous_1)
FN:67,(anonymous_2)
FN:102,(anonymous_3)
FN:117,(anonymous_4)
FNF:5
FNH:3
FNDA:1,(anonymous_0)
FNDA:1,(anonymous_1)
FNDA:2,(anonymous_2)
FNDA:0,(anonymous_3)
FNDA:0,(anonymous_4)
DA:5,1
DA:6,1
DA:7,1
DA:9,1
DA:10,1
DA:11,0
DA:12,0
DA:19,1
DA:20,0
DA:23,1
DA:24,0
DA:27,1
DA:28,0
DA:31,1
DA:32,1
DA:33,1
DA:35,1
DA:41,1
DA:42,1
DA:44,1
DA:46,0
DA:47,0
DA:51,1
DA:52,1
DA:53,1
DA:56,1
DA:57,1
DA:60,0
DA:62,0
DA:63,0
DA:67,1
DA:68,2
DA:69,2
DA:71,2
DA:72,2
DA:73,1
DA:76,1
DA:77,1
DA:78,0
DA:79,0
DA:81,1
DA:82,1
DA:85,1
DA:91,1
DA:92,0
DA:95,1
DA:97,0
DA:98,0
DA:102,1
DA:103,0
DA:104,0
DA:106,0
DA:107,0
DA:110,0
DA:112,0
DA:113,0
DA:117,1
DA:118,0
DA:119,0
DA:120,0
DA:121,0
DA:124,0
DA:125,0
DA:127,0
DA:128,0
LF:65
LH:35
BRDA:7,0,0,1
BRDA:7,1,0,1
BRDA:10,2,0,0
BRDA:10,2,1,1
BRDA:19,3,0,0
BRDA:19,3,1,1
BRDA:23,4,0,0
BRDA:23,4,1,1
BRDA:27,5,0,0
BRDA:27,5,1,1
BRDA:31,6,0,0
BRDA:31,6,1,1
BRDA:56,7,0,1
BRDA:56,7,1,0
BRDA:72,8,0,1
BRDA:72,8,1,1
BRDA:72,9,0,2
BRDA:72,9,1,2
BRDA:77,10,0,0
BRDA:77,10,1,1
BRDA:77,11,0,1
BRDA:77,11,1,1
BRDA:79,12,0,0
BRDA:79,12,1,0
BRDA:91,13,0,0
BRDA:91,13,1,1
BRDA:106,14,0,0
BRDA:106,14,1,0
BRDA:120,15,0,0
BRDA:120,15,1,0
BRDA:120,16,0,0
BRDA:120,16,1,0
BRDA:120,16,2,0
BRF:33
BRH:16
end_of_record
TN:
SF:src\controllers\attackController.js
FN:6,(anonymous_0)
FN:26,(anonymous_1)
FN:71,(anonymous_2)
FN:84,(anonymous_3)
FNF:4
FNH:2
FNDA:6,(anonymous_0)
FNDA:1,(anonymous_1)
FNDA:0,(anonymous_2)
FNDA:0,(anonymous_3)
DA:6,2
DA:7,6
DA:9,6
DA:10,1
DA:13,5
DA:14,5
DA:15,5
DA:16,5
DA:18,0
DA:21,0
DA:22,0
DA:26,2
DA:27,1
DA:28,1
DA:30,1
DA:33,1
DA:34,0
DA:38,1
DA:39,0
DA:40,0
DA:49,1
DA:51,1
DA:52,1
DA:53,1
DA:55,1
DA:56,1
DA:61,1
DA:62,1
DA:64,1
DA:66,0
DA:67,0
DA:71,2
DA:72,0
DA:73,0
DA:74,0
DA:75,0
DA:77,0
DA:79,0
DA:80,0
DA:84,2
DA:85,0
DA:86,0
DA:87,0
DA:88,0
DA:90,0
DA:91,0
DA:93,0
DA:94,0
LF:48
LH:25
BRDA:9,0,0,1
BRDA:9,0,1,5
BRDA:9,1,0,6
BRDA:9,1,1,5
BRDA:15,2,0,5
BRDA:15,2,1,0
BRDA:28,3,0,1
BRDA:28,4,0,1
BRDA:33,5,0,0
BRDA:33,5,1,1
BRDA:33,6,0,1
BRDA:33,6,1,0
BRDA:38,7,0,0
BRDA:38,7,1,1
BRDA:49,8,0,0
BRDA:49,8,1,1
BRDA:61,9,0,1
BRDA:61,9,1,1
BRDA:74,10,0,0
BRDA:74,10,1,0
BRDA:87,11,0,0
BRDA:87,11,1,0
BRDA:87,12,0,0
BRDA:87,12,1,0
BRDA:87,12,2,0
BRF:25
BRH:13
end_of_record
TN:
SF:src\controllers\auditController.js
FN:5,(anonymous_0)
FN:18,(anonymous_1)
FN:19,(anonymous_2)
FN:19,(anonymous_3)
FN:64,(anonymous_4)
FN:65,(anonymous_5)
FN:70,(anonymous_6)
FN:76,(anonymous_7)
FN:114,(anonymous_8)
FN:134,(anonymous_9)
FN:165,(anonymous_10)
FN:186,(anonymous_11)
FN:199,(anonymous_12)
FNF:13
FNH:4
FNDA:1,(anonymous_0)
FNDA:0,(anonymous_1)
FNDA:0,(anonymous_2)
FNDA:0,(anonymous_3)
FNDA:1,(anonymous_4)
FNDA:0,(anonymous_5)
FNDA:0,(anonymous_6)
FNDA:1,(anonymous_7)
FNDA:0,(anonymous_8)
FNDA:0,(anonymous_9)
FNDA:1,(anonymous_10)
FNDA:0,(anonymous_11)
FNDA:0,(anonymous_12)
DA:5,1
DA:6,1
DA:7,1
DA:9,1
DA:12,1
DA:13,0
DA:16,1
DA:17,0
DA:18,0
DA:19,0
DA:20,0
DA:27,1
DA:28,0
DA:29,0
DA:30,0
DA:37,0
DA:39,0
DA:48,1
DA:50,1
DA:51,1
DA:52,1
DA:54,1
DA:55,1
DA:63,1
DA:64,1
DA:65,0
DA:67,1
DA:68,1
DA:69,0
DA:70,0
DA:71,0
DA:72,0
DA:76,1
DA:77,1
DA:79,1
DA:80,0
DA:83,1
DA:84,1
DA:85,0
DA:86,0
DA:89,1
DA:104,1
DA:105,1
DA:107,1
DA:109,0
DA:110,0
DA:114,1
DA:115,0
DA:116,0
DA:118,0
DA:119,0
DA:120,0
DA:121,0
DA:127,0
DA:128,0
DA:129,0
DA:130,0
DA:131,0
DA:132,0
DA:134,0
DA:135,0
DA:138,0
DA:139,0
DA:140,0
DA:141,0
DA:142,0
DA:145,0
DA:146,0
DA:147,0
DA:149,0
DA:150,0
DA:155,0
DA:156,0
DA:158,0
DA:160,0
DA:161,0
DA:165,1
DA:166,1
DA:168,1
DA:169,1
DA:172,0
DA:173,0
DA:175,0
DA:176,0
DA:179,0
DA:181,0
DA:182,0
DA:186,1
DA:187,0
DA:188,0
DA:189,0
DA:190,0
DA:192,0
DA:194,0
DA:195,0
DA:199,1
DA:200,0
DA:201,0
DA:202,0
DA:203,0
DA:205,0
DA:206,0
DA:208,0
DA:209,0
LF:104
LH:33
BRDA:7,0,0,1
BRDA:7,1,0,1
BRDA:12,2,0,0
BRDA:12,2,1,1
BRDA:12,3,0,1
BRDA:12,3,1,0
BRDA:16,4,0,0
BRDA:16,4,1,1
BRDA:16,5,0,1
BRDA:16,5,1,0
BRDA:27,6,0,0
BRDA:27,6,1,1
BRDA:29,7,0,0
BRDA:29,7,1,0
BRDA:48,8,0,0
BRDA:48,8,1,1
BRDA:64,9,0,1
BRDA:64,9,1,1
BRDA:68,10,0,0
BRDA:68,10,1,1
BRDA:79,11,0,0
BRDA:79,11,1,1
BRDA:79,12,0,1
BRDA:79,12,1,1
BRDA:84,13,0,0
BRDA:84,13,1,1
BRDA:91,14,0,0
BRDA:91,14,1,1
BRDA:92,15,0,0
BRDA:92,15,1,1
BRDA:93,16,0,0
BRDA:93,16,1,1
BRDA:93,17,0,1
BRDA:93,17,1,1
BRDA:94,18,0,0
BRDA:94,18,1,1
BRDA:104,19,0,1
BRDA:104,19,1,1
BRDA:116,20,0,0
BRDA:116,21,0,0
BRDA:119,22,0,0
BRDA:119,22,1,0
BRDA:135,23,0,0
BRDA:135,23,1,0
BRDA:139,24,0,0
BRDA:139,24,1,0
BRDA:141,25,0,0
BRDA:141,25,1,0
BRDA:155,26,0,0
BRDA:155,26,1,0
BRDA:168,27,0,1
BRDA:168,27,1,0
BRDA:175,28,0,0
BRDA:175,28,1,0
BRDA:189,29,0,0
BRDA:189,29,1,0
BRDA:202,30,0,0
BRDA:202,30,1,0
BRDA:202,31,0,0
BRDA:202,31,1,0
BRDA:202,31,2,0
BRF:61
BRH:24
end_of_record
TN:
SF:src\controllers\authController.js
FN:10,(anonymous_0)
FN:24,(anonymous_1)
FN:34,(anonymous_2)
FN:48,(anonymous_3)
FN:56,(anonymous_4)
FN:151,(anonymous_5)
FN:234,(anonymous_6)
FN:259,(anonymous_7)
FN:272,(anonymous_8)
FN:323,(anonymous_9)
FN:376,(anonymous_10)
FN:449,(anonymous_11)
FN:498,(anonymous_12)
FNF:13
FNH:5
FNDA:2,(anonymous_0)
FNDA:0,(anonymous_1)
FNDA:0,(anonymous_2)
FNDA:0,(anonymous_3)
FNDA:2,(anonymous_4)
FNDA:2,(anonymous_5)
FNDA:0,(anonymous_6)
FNDA:0,(anonymous_7)
FNDA:0,(anonymous_8)
FNDA:2,(anonymous_9)
FNDA:1,(anonymous_10)
FNDA:0,(anonymous_11)
FNDA:0,(anonymous_12)
DA:10,2
DA:11,2
DA:12,2
DA:19,2
DA:20,2
DA:21,2
DA:24,2
DA:25,0
DA:26,0
DA:27,0
DA:30,2
DA:31,2
DA:34,2
DA:35,0
DA:48,2
DA:49,0
DA:56,2
DA:57,2
DA:58,2
DA:59,2
DA:60,2
DA:61,2
DA:62,2
DA:64,2
DA:65,1
DA:68,1
DA:70,1
DA:78,1
DA:79,1
DA:80,1
DA:81,0
DA:82,0
DA:83,0
DA:87,1
DA:89,0
DA:90,0
DA:91,0
DA:95,1
DA:97,1
DA:98,1
DA:100,1
DA:102,1
DA:109,0
DA:110,0
DA:111,0
DA:112,0
DA:114,0
DA:117,0
DA:118,0
DA:121,0
DA:122,0
DA:125,0
DA:131,0
DA:146,0
DA:147,0
DA:151,2
DA:152,2
DA:154,2
DA:155,0
DA:158,2
DA:161,2
DA:162,2
DA:164,0
DA:168,2
DA:171,2
DA:172,2
DA:173,2
DA:174,2
DA:176,2
DA:180,0
DA:182,0
DA:183,0
DA:185,0
DA:186,0
DA:189,0
DA:190,0
DA:191,0
DA:192,0
DA:196,0
DA:197,0
DA:200,0
DA:201,0
DA:203,0
DA:204,0
DA:207,0
DA:213,0
DA:229,0
DA:230,0
DA:234,2
DA:235,0
DA:237,0
DA:238,0
DA:241,0
DA:243,0
DA:248,0
DA:249,0
DA:252,0
DA:254,0
DA:255,0
DA:259,2
DA:260,0
DA:261,0
DA:262,0
DA:263,0
DA:265,0
DA:267,0
DA:268,0
DA:272,2
DA:273,0
DA:274,0
DA:276,0
DA:277,0
DA:280,0
DA:281,0
DA:282,0
DA:283,0
DA:287,0
DA:288,0
DA:291,0
DA:292,0
DA:294,0
DA:295,0
DA:297,0
DA:300,0
DA:301,0
DA:303,0
DA:318,0
DA:319,0
DA:323,2
DA:324,2
DA:325,2
DA:326,1
DA:332,1
DA:333,1
DA:334,0
DA:337,1
DA:338,1
DA:339,1
DA:340,0
DA:343,1
DA:344,1
DA:345,1
DA:348,1
DA:350,1
DA:351,1
DA:361,1
DA:371,0
DA:372,0
DA:376,2
DA:377,1
DA:378,1
DA:379,0
DA:382,1
DA:383,1
DA:384,1
DA:386,1
DA:388,1
DA:389,1
DA:396,0
DA:397,0
DA:398,0
DA:399,0
DA:405,0
DA:407,0
DA:408,0
DA:409,0
DA:410,0
DA:413,0
DA:414,0
DA:416,0
DA:417,0
DA:419,0
DA:425,0
DA:441,0
DA:442,0
DA:449,2
DA:450,0
DA:452,0
DA:453,0
DA:457,0
DA:458,0
DA:459,0
DA:460,0
DA:464,0
DA:465,0
DA:466,0
DA:468,0
DA:470,0
DA:471,0
DA:473,0
DA:479,0
DA:480,0
DA:481,0
DA:487,0
DA:489,0
DA:490,0
DA:491,0
DA:498,2
DA:499,0
DA:501,0
DA:502,0
DA:505,0
DA:507,0
DA:508,0
DA:511,0
DA:512,0
DA:513,0
DA:516,0
DA:517,0
DA:518,0
DA:519,0
DA:522,0
DA:523,0
DA:524,0
DA:528,0
DA:529,0
LF:216
LH:73
BRDA:11,0,0,0
BRDA:11,0,1,2
BRDA:27,1,0,0
BRDA:27,1,1,0
BRDA:30,2,0,2
BRDA:30,2,1,0
BRDA:40,3,0,0
BRDA:40,3,1,0
BRDA:41,4,0,0
BRDA:41,4,1,0
BRDA:44,5,0,0
BRDA:44,5,1,0
BRDA:52,6,0,0
BRDA:52,6,1,0
BRDA:57,7,0,2
BRDA:57,7,1,0
BRDA:57,7,2,0
BRDA:58,8,0,2
BRDA:58,8,1,0
BRDA:59,9,0,2
BRDA:59,9,1,0
BRDA:61,10,0,2
BRDA:61,10,1,0
BRDA:64,11,0,1
BRDA:64,11,1,1
BRDA:64,12,0,2
BRDA:64,12,1,2
BRDA:78,13,0,1
BRDA:78,13,1,0
BRDA:80,14,0,0
BRDA:80,14,1,1
BRDA:80,15,0,1
BRDA:80,15,1,1
BRDA:80,15,2,0
BRDA:87,16,0,0
BRDA:87,16,1,1
BRDA:87,17,0,1
BRDA:87,17,1,1
BRDA:95,18,0,1
BRDA:95,18,1,0
BRDA:95,19,0,1
BRDA:95,19,1,1
BRDA:97,20,0,1
BRDA:97,20,1,0
BRDA:110,21,0,0
BRDA:110,21,1,0
BRDA:110,22,0,0
BRDA:110,22,1,0
BRDA:141,23,0,0
BRDA:141,23,1,0
BRDA:152,24,0,2
BRDA:152,24,1,0
BRDA:154,25,0,0
BRDA:154,25,1,2
BRDA:171,26,0,2
BRDA:171,26,1,0
BRDA:171,27,0,2
BRDA:171,27,1,2
BRDA:171,27,2,0
BRDA:172,28,0,2
BRDA:172,28,1,0
BRDA:172,29,0,2
BRDA:172,29,1,2
BRDA:183,30,0,0
BRDA:183,30,1,0
BRDA:183,30,2,0
BRDA:183,30,3,0
BRDA:185,31,0,0
BRDA:185,31,1,0
BRDA:185,32,0,0
BRDA:185,32,1,0
BRDA:185,32,2,0
BRDA:190,33,0,0
BRDA:190,33,1,0
BRDA:190,34,0,0
BRDA:190,34,1,0
BRDA:224,35,0,0
BRDA:224,35,1,0
BRDA:235,36,0,0
BRDA:235,36,1,0
BRDA:237,37,0,0
BRDA:237,37,1,0
BRDA:248,38,0,0
BRDA:248,38,1,0
BRDA:262,39,0,0
BRDA:262,39,1,0
BRDA:276,40,0,0
BRDA:276,40,1,0
BRDA:276,41,0,0
BRDA:276,41,1,0
BRDA:282,42,0,0
BRDA:282,42,1,0
BRDA:291,43,0,0
BRDA:291,43,1,0
BRDA:294,44,0,0
BRDA:294,44,1,0
BRDA:325,45,0,1
BRDA:325,45,1,1
BRDA:333,46,0,0
BRDA:333,46,1,1
BRDA:333,47,0,1
BRDA:333,47,1,1
BRDA:333,47,2,1
BRDA:339,48,0,0
BRDA:339,48,1,1
BRDA:343,49,0,1
BRDA:343,49,1,0
BRDA:344,50,0,1
BRDA:344,50,1,0
BRDA:355,51,0,1
BRDA:355,51,1,1
BRDA:378,52,0,0
BRDA:378,52,1,1
BRDA:388,53,0,1
BRDA:388,53,1,0
BRDA:397,54,0,0
BRDA:397,54,1,0
BRDA:397,55,0,0
BRDA:397,55,1,0
BRDA:397,55,2,0
BRDA:408,56,0,0
BRDA:408,56,1,0
BRDA:408,57,0,0
BRDA:408,57,1,0
BRDA:436,58,0,0
BRDA:436,58,1,0
BRDA:441,59,0,0
BRDA:441,59,1,0
BRDA:452,60,0,0
BRDA:452,60,1,0
BRDA:458,61,0,0
BRDA:458,61,1,0
BRDA:458,62,0,0
BRDA:458,62,1,0
BRDA:458,62,2,0
BRDA:479,63,0,0
BRDA:479,63,1,0
BRDA:501,64,0,0
BRDA:501,64,1,0
BRDA:501,65,0,0
BRDA:501,65,1,0
BRDA:507,66,0,0
BRDA:507,66,1,0
BRDA:511,67,0,0
BRDA:511,67,1,0
BRDA:517,68,0,0
BRDA:517,68,1,0
BRDA:522,69,0,0
BRDA:522,69,1,0
BRF:149
BRH:42
end_of_record
TN:
SF:src\controllers\cveController.js
FN:3,(anonymous_0)
FNF:1
FNH:1
FNDA:2,(anonymous_0)
DA:3,1
DA:4,2
DA:5,2
DA:7,1
DA:8,1
DA:9,1
DA:11,0
LF:7
LH:6
BRDA:5,0,0,1
BRDA:5,0,1,1
BRF:2
BRH:2
end_of_record
TN:
SF:src\controllers\dashboardController.js
FN:4,(anonymous_0)
FN:12,(anonymous_1)
FN:44,(anonymous_2)
FN:62,(anonymous_3)
FN:66,(anonymous_4)
FN:79,(anonymous_5)
FN:89,(anonymous_6)
FN:100,(anonymous_7)
FN:104,(anonymous_8)
FNF:9
FNH:6
FNDA:1,(anonymous_0)
FNDA:3,(anonymous_1)
FNDA:0,(anonymous_2)
FNDA:0,(anonymous_3)
FNDA:0,(anonymous_4)
FNDA:1,(anonymous_5)
FNDA:1,(anonymous_6)
FNDA:2,(anonymous_7)
FNDA:1,(anonymous_8)
DA:4,1
DA:5,1
DA:6,1
DA:8,1
DA:9,1
DA:10,1
DA:12,1
DA:13,3
DA:16,2
DA:17,2
DA:20,1
DA:21,1
DA:24,0
DA:25,0
DA:27,0
DA:31,1
DA:37,1
DA:39,0
DA:40,0
DA:44,1
DA:45,0
DA:46,0
DA:47,0
DA:48,0
DA:50,0
DA:54,0
DA:55,0
DA:56,0
DA:57,0
DA:58,0
DA:62,0
DA:63,0
DA:64,0
DA:65,0
DA:66,0
DA:67,0
DA:68,0
DA:72,0
DA:74,0
DA:75,0
DA:79,1
DA:80,1
DA:81,1
DA:82,1
DA:84,0
DA:85,0
DA:89,1
DA:90,1
DA:91,1
DA:93,1
DA:94,0
DA:100,2
DA:101,1
DA:103,1
DA:104,1
DA:107,1
DA:112,0
DA:113,0
LF:58
LH:28
BRDA:13,0,0,1
BRDA:13,0,1,2
BRDA:13,0,2,0
BRDA:13,0,3,1
BRDA:13,0,4,0
BRDA:13,0,5,0
BRDA:13,0,6,0
BRDA:66,1,0,0
BRDA:66,1,1,0
BRDA:67,2,0,0
BRDA:67,2,1,0
BRDA:93,3,0,0
BRDA:93,3,1,1
BRDA:100,4,0,2
BRDA:100,4,1,0
BRDA:104,5,0,1
BRDA:104,5,1,0
BRDA:104,6,0,1
BRDA:104,6,1,0
BRF:19
BRH:7
end_of_record
TN:
SF:src\controllers\deviceController.js
FN:12,(anonymous_0)
FN:72,(anonymous_1)
FN:85,(anonymous_2)
FN:99,(anonymous_3)
FN:197,(anonymous_4)
FN:282,(anonymous_5)
FN:309,(anonymous_6)
FN:325,(anonymous_7)
FN:351,(anonymous_8)
FN:402,(anonymous_9)
FN:452,(anonymous_10)
FN:477,(anonymous_11)
FN:498,(anonymous_12)
FN:594,(anonymous_13)
FNF:14
FNH:1
FNDA:0,(anonymous_0)
FNDA:0,(anonymous_1)
FNDA:0,(anonymous_2)
FNDA:1,(anonymous_3)
FNDA:0,(anonymous_4)
FNDA:0,(anonymous_5)
FNDA:0,(anonymous_6)
FNDA:0,(anonymous_7)
FNDA:0,(anonymous_8)
FNDA:0,(anonymous_9)
FNDA:0,(anonymous_10)
FNDA:0,(anonymous_11)
FNDA:0,(anonymous_12)
FNDA:0,(anonymous_13)
DA:12,1
DA:13,0
DA:14,0
DA:17,0
DA:19,0
DA:20,0
DA:21,0
DA:29,0
DA:30,0
DA:33,0
DA:34,0
DA:38,0
DA:39,0
DA:40,0
DA:42,0
DA:46,0
DA:47,0
DA:48,0
DA:51,0
DA:52,0
DA:58,0
DA:59,0
DA:61,0
DA:63,0
DA:64,0
DA:72,1
DA:73,0
DA:74,0
DA:78,0
DA:80,0
DA:81,0
DA:85,1
DA:86,0
DA:87,0
DA:88,0
DA:89,0
DA:90,0
DA:92,0
DA:94,0
DA:95,0
DA:99,1
DA:100,1
DA:102,1
DA:104,1
DA:105,0
DA:108,1
DA:109,1
DA:110,0
DA:113,1
DA:114,1
DA:115,0
DA:118,1
DA:119,1
DA:120,1
DA:121,1
DA:122,0
DA:125,1
DA:130,1
DA:140,1
DA:141,0
DA:144,1
DA:145,1
DA:164,1
DA:165,1
DA:166,0
DA:170,1
DA:172,1
DA:190,1
DA:192,0
DA:193,0
DA:197,1
DA:198,0
DA:199,0
DA:201,0
DA:202,0
DA:203,0
DA:204,0
DA:207,0
DA:208,0
DA:209,0
DA:212,0
DA:213,0
DA:214,0
DA:215,0
DA:216,0
DA:217,0
DA:219,0
DA:222,0
DA:231,0
DA:232,0
DA:233,0
DA:236,0
DA:237,0
DA:238,0
DA:240,0
DA:241,0
DA:242,0
DA:244,0
DA:245,0
DA:248,0
DA:250,0
DA:268,0
DA:269,0
DA:270,0
DA:271,0
DA:272,0
DA:275,0
DA:277,0
DA:278,0
DA:282,1
DA:283,0
DA:285,0
DA:286,0
DA:287,0
DA:288,0
DA:291,0
DA:294,0
DA:295,0
DA:296,0
DA:300,0
DA:302,0
DA:304,0
DA:305,0
DA:309,1
DA:310,0
DA:312,0
DA:313,0
DA:316,0
DA:317,0
DA:318,0
DA:320,0
DA:321,0
DA:325,1
DA:326,0
DA:327,0
DA:328,0
DA:330,0
DA:331,0
DA:332,0
DA:333,0
DA:336,0
DA:337,0
DA:341,0
DA:342,0
DA:344,0
DA:346,0
DA:347,0
DA:351,1
DA:352,0
DA:353,0
DA:354,0
DA:356,0
DA:357,0
DA:358,0
DA:359,0
DA:362,0
DA:363,0
DA:366,0
DA:367,0
DA:368,0
DA:370,0
DA:373,0
DA:382,0
DA:383,0
DA:385,0
DA:391,0
DA:395,0
DA:397,0
DA:398,0
DA:402,1
DA:403,0
DA:404,0
DA:405,0
DA:407,0
DA:408,0
DA:409,0
DA:410,0
DA:414,0
DA:415,0
DA:418,0
DA:420,0
DA:423,0
DA:432,0
DA:433,0
DA:435,0
DA:441,0
DA:445,0
DA:447,0
DA:448,0
DA:452,1
DA:453,0
DA:454,0
DA:455,0
DA:456,0
DA:457,0
DA:458,0
DA:461,0
DA:462,0
DA:464,0
DA:465,0
DA:468,0
DA:470,0
DA:472,0
DA:473,0
DA:477,1
DA:478,0
DA:479,0
DA:480,0
DA:481,0
DA:482,0
DA:483,0
DA:486,0
DA:488,0
DA:489,0
DA:491,0
DA:493,0
DA:494,0
DA:498,1
DA:499,0
DA:501,0
DA:502,0
DA:503,0
DA:504,0
DA:507,0
DA:508,0
DA:509,0
DA:510,0
DA:511,0
DA:512,0
DA:516,0
DA:517,0
DA:518,0
DA:521,0
DA:538,0
DA:539,0
DA:540,0
DA:545,0
DA:547,0
DA:548,0
DA:550,0
DA:551,0
DA:552,0
DA:553,0
DA:556,0
DA:557,0
DA:558,0
DA:559,0
DA:563,0
DA:564,0
DA:567,0
DA:568,0
DA:569,0
DA:573,0
DA:575,0
DA:577,0
DA:578,0
DA:580,0
DA:581,0
DA:582,0
DA:583,0
DA:586,0
DA:587,0
DA:588,0
DA:589,0
DA:592,0
DA:593,0
DA:594,0
DA:596,0
DA:598,0
DA:599,0
DA:600,0
DA:602,0
DA:604,0
DA:605,0
DA:608,0
LF:275
LH:34
BRDA:14,0,0,0
BRDA:14,1,0,0
BRDA:19,2,0,0
BRDA:19,2,1,0
BRDA:29,3,0,0
BRDA:29,3,1,0
BRDA:33,4,0,0
BRDA:33,4,1,0
BRDA:39,5,0,0
BRDA:39,5,1,0
BRDA:58,6,0,0
BRDA:58,6,1,0
BRDA:89,7,0,0
BRDA:89,7,1,0
BRDA:102,8,0,1
BRDA:102,8,1,1
BRDA:104,9,0,0
BRDA:104,9,1,1
BRDA:104,10,0,1
BRDA:104,10,1,1
BRDA:109,11,0,0
BRDA:109,11,1,1
BRDA:109,12,0,1
BRDA:109,12,1,1
BRDA:114,13,0,0
BRDA:114,13,1,1
BRDA:114,14,0,1
BRDA:114,14,1,0
BRDA:118,15,0,1
BRDA:118,15,1,1
BRDA:119,16,0,1
BRDA:119,16,1,1
BRDA:120,17,0,1
BRDA:120,17,1,0
BRDA:121,18,0,0
BRDA:121,18,1,1
BRDA:133,19,0,1
BRDA:133,19,1,0
BRDA:136,20,0,1
BRDA:136,20,1,1
BRDA:136,20,2,0
BRDA:137,21,0,1
BRDA:137,21,1,1
BRDA:140,22,0,0
BRDA:140,22,1,1
BRDA:147,23,0,1
BRDA:147,23,1,0
BRDA:149,24,0,1
BRDA:149,24,1,0
BRDA:150,25,0,1
BRDA:150,25,1,1
BRDA:150,25,2,0
BRDA:151,26,0,1
BRDA:151,26,1,0
BRDA:154,27,0,1
BRDA:154,27,1,1
BRDA:155,28,0,1
BRDA:155,28,1,1
BRDA:156,29,0,1
BRDA:156,29,1,1
BRDA:157,30,0,1
BRDA:157,30,1,1
BRDA:158,31,0,1
BRDA:158,31,1,1
BRDA:159,32,0,1
BRDA:159,32,1,1
BRDA:165,33,0,0
BRDA:165,33,1,1
BRDA:203,34,0,0
BRDA:203,34,1,0
BRDA:207,35,0,0
BRDA:207,35,1,0
BRDA:208,36,0,0
BRDA:208,36,1,0
BRDA:209,37,0,0
BRDA:209,37,1,0
BRDA:212,38,0,0
BRDA:212,38,1,0
BRDA:213,39,0,0
BRDA:213,39,1,0
BRDA:214,40,0,0
BRDA:214,40,1,0
BRDA:215,41,0,0
BRDA:215,41,1,0
BRDA:216,42,0,0
BRDA:216,42,1,0
BRDA:217,43,0,0
BRDA:217,43,1,0
BRDA:219,44,0,0
BRDA:219,44,1,0
BRDA:224,45,0,0
BRDA:224,45,1,0
BRDA:225,46,0,0
BRDA:225,46,1,0
BRDA:226,47,0,0
BRDA:226,47,1,0
BRDA:227,48,0,0
BRDA:227,48,1,0
BRDA:228,49,0,0
BRDA:228,49,1,0
BRDA:232,50,0,0
BRDA:232,50,1,0
BRDA:236,51,0,0
BRDA:236,51,1,0
BRDA:240,52,0,0
BRDA:240,52,1,0
BRDA:244,53,0,0
BRDA:244,53,1,0
BRDA:268,54,0,0
BRDA:268,54,1,0
BRDA:271,55,0,0
BRDA:271,55,1,0
BRDA:287,56,0,0
BRDA:287,56,1,0
BRDA:295,57,0,0
BRDA:295,57,1,0
BRDA:312,58,0,0
BRDA:312,58,1,0
BRDA:312,59,0,0
BRDA:312,59,1,0
BRDA:327,60,0,0
BRDA:327,60,1,0
BRDA:332,61,0,0
BRDA:332,61,1,0
BRDA:336,62,0,0
BRDA:336,62,1,0
BRDA:341,63,0,0
BRDA:341,63,1,0
BRDA:353,64,0,0
BRDA:353,64,1,0
BRDA:358,65,0,0
BRDA:358,65,1,0
BRDA:362,66,0,0
BRDA:362,66,1,0
BRDA:362,67,0,0
BRDA:362,67,1,0
BRDA:370,68,0,0
BRDA:370,68,1,0
BRDA:404,69,0,0
BRDA:404,69,1,0
BRDA:405,70,0,0
BRDA:405,70,1,0
BRDA:409,71,0,0
BRDA:409,71,1,0
BRDA:420,72,0,0
BRDA:420,72,1,0
BRDA:456,73,0,0
BRDA:456,73,1,0
BRDA:457,74,0,0
BRDA:457,74,1,0
BRDA:465,75,0,0
BRDA:465,75,1,0
BRDA:481,76,0,0
BRDA:481,76,1,0
BRDA:482,77,0,0
BRDA:482,77,1,0
BRDA:489,78,0,0
BRDA:489,78,1,0
BRDA:501,79,0,0
BRDA:501,79,1,0
BRDA:503,80,0,0
BRDA:503,80,1,0
BRDA:503,81,0,0
BRDA:503,81,1,0
BRDA:503,81,2,0
BRDA:503,81,3,0
BRDA:508,82,0,0
BRDA:508,82,1,0
BRDA:509,83,0,0
BRDA:509,83,1,0
BRDA:510,84,0,0
BRDA:510,84,1,0
BRDA:517,85,0,0
BRDA:517,85,1,0
BRDA:524,86,0,0
BRDA:524,86,1,0
BRDA:525,87,0,0
BRDA:525,87,1,0
BRDA:526,88,0,0
BRDA:526,88,1,0
BRDA:529,89,0,0
BRDA:529,89,1,0
BRDA:530,90,0,0
BRDA:530,90,1,0
BRDA:531,91,0,0
BRDA:531,91,1,0
BRDA:532,92,0,0
BRDA:532,92,1,0
BRDA:539,93,0,0
BRDA:539,93,1,0
BRDA:550,94,0,0
BRDA:550,94,1,0
BRDA:552,95,0,0
BRDA:552,95,1,0
BRDA:558,96,0,0
BRDA:558,96,1,0
BRDA:568,97,0,0
BRDA:568,97,1,0
BRDA:580,98,0,0
BRDA:580,98,1,0
BRDA:582,99,0,0
BRDA:582,99,1,0
BRDA:582,100,0,0
BRDA:582,100,1,0
BRDA:588,101,0,0
BRDA:588,101,1,0
BRDA:594,102,0,0
BRDA:594,102,1,0
BRDA:599,103,0,0
BRDA:599,103,1,0
BRF:210
BRH:40
end_of_record
TN:
SF:src\controllers\deviceLogController.js
FN:8,(anonymous_0)
FN:25,(anonymous_1)
FN:65,(anonymous_2)
FN:82,(anonymous_3)
FNF:4
FNH:4
FNDA:1,(anonymous_0)
FNDA:2,(anonymous_1)
FNDA:3,(anonymous_2)
FNDA:3,(anonymous_3)
DA:8,1
DA:9,1
DA:10,1
DA:12,1
DA:13,1
DA:14,1
DA:16,0
DA:17,0
DA:25,1
DA:26,2
DA:28,2
DA:29,2
DA:31,1
DA:37,1
DA:38,0
DA:41,1
DA:53,1
DA:60,1
DA:61,1
DA:62,1
DA:63,1
DA:65,1
DA:66,3
DA:67,3
DA:68,1
DA:69,2
DA:70,1
DA:71,1
DA:72,0
DA:73,1
DA:74,1
DA:76,0
DA:81,1
DA:82,3
DA:85,1
DA:100,0
DA:101,0
LF:37
LH:30
BRDA:10,0,0,1
BRDA:10,0,1,0
BRDA:13,1,0,1
BRDA:13,1,1,0
BRDA:13,2,0,1
BRDA:13,2,1,1
BRDA:29,3,0,1
BRDA:29,3,1,1
BRDA:37,4,0,0
BRDA:37,4,1,1
BRDA:45,5,0,1
BRDA:45,5,1,0
BRDA:47,6,0,1
BRDA:47,6,1,0
BRDA:48,7,0,1
BRDA:48,7,1,0
BRDA:49,8,0,1
BRDA:49,8,1,0
BRDA:66,9,0,3
BRDA:66,9,1,0
BRDA:67,10,0,1
BRDA:67,10,1,2
BRDA:67,11,0,3
BRDA:67,11,1,2
BRDA:69,12,0,1
BRDA:69,12,1,1
BRDA:71,13,0,0
BRDA:71,13,1,1
BRDA:71,14,0,1
BRDA:71,14,1,1
BRDA:73,15,0,1
BRDA:73,15,1,0
BRDA:81,16,0,1
BRDA:81,16,1,0
BRDA:82,17,0,3
BRDA:82,17,1,1
BRDA:88,18,0,1
BRDA:88,18,1,0
BRDA:89,19,0,1
BRDA:89,19,1,0
BRDA:90,20,0,1
BRDA:90,20,1,0
BRF:42
BRH:28
end_of_record
TN:
SF:src\controllers\incidentController.js
FN:9,(anonymous_0)
FN:57,(anonymous_1)
FN:77,(anonymous_2)
FN:128,(anonymous_3)
FN:139,(anonymous_4)
FN:160,(anonymous_5)
FN:208,(anonymous_6)
FN:240,(anonymous_7)
FN:288,(anonymous_8)
FN:307,(anonymous_9)
FNF:10
FNH:4
FNDA:1,(anonymous_0)
FNDA:1,(anonymous_1)
FNDA:0,(anonymous_2)
FNDA:0,(anonymous_3)
FNDA:0,(anonymous_4)
FNDA:0,(anonymous_5)
FNDA:1,(anonymous_6)
FNDA:1,(anonymous_7)
FNDA:0,(anonymous_8)
FNDA:0,(anonymous_9)
DA:7,1
DA:9,1
DA:10,1
DA:11,1
DA:13,1
DA:14,1
DA:15,0
DA:16,0
DA:22,1
DA:23,0
DA:26,1
DA:27,0
DA:30,1
DA:31,1
DA:32,0
DA:34,1
DA:37,1
DA:38,1
DA:39,1
DA:41,1
DA:42,1
DA:47,1
DA:48,1
DA:50,1
DA:52,0
DA:53,0
DA:57,1
DA:58,1
DA:59,1
DA:60,1
DA:61,1
DA:62,1
DA:65,0
DA:67,0
DA:72,0
DA:73,0
DA:77,1
DA:78,0
DA:80,0
DA:81,0
DA:82,0
DA:83,0
DA:87,0
DA:88,0
DA:89,0
DA:106,0
DA:107,0
DA:110,0
DA:118,0
DA:128,0
DA:139,0
DA:148,0
DA:150,0
DA:155,0
DA:156,0
DA:160,1
DA:161,0
DA:163,0
DA:164,0
DA:166,0
DA:167,0
DA:168,0
DA:171,0
DA:172,0
DA:173,0
DA:174,0
DA:178,0
DA:180,0
DA:182,0
DA:183,0
DA:186,0
DA:195,0
DA:198,0
DA:208,1
DA:209,1
DA:211,1
DA:212,0
DA:215,1
DA:216,1
DA:226,1
DA:233,1
DA:235,0
DA:236,0
DA:240,1
DA:241,1
DA:242,1
DA:244,1
DA:245,1
DA:246,1
DA:247,0
DA:250,1
DA:252,1
DA:253,1
DA:254,1
DA:256,1
DA:257,1
DA:258,1
DA:260,1
DA:261,0
DA:262,0
DA:264,1
DA:265,0
DA:266,0
DA:269,1
DA:271,1
DA:272,1
DA:281,1
DA:283,0
DA:284,0
DA:288,1
DA:289,0
DA:291,0
DA:292,0
DA:293,0
DA:294,0
DA:297,0
DA:298,0
DA:300,0
DA:302,0
DA:303,0
DA:307,1
DA:308,0
DA:310,0
DA:311,0
DA:314,0
DA:315,0
DA:316,0
DA:317,0
DA:319,0
DA:320,0
LF:130
LH:55
BRDA:7,0,0,1
BRDA:7,0,1,1
BRDA:11,1,0,1
BRDA:11,2,0,1
BRDA:14,3,0,0
BRDA:14,3,1,1
BRDA:22,4,0,0
BRDA:22,4,1,1
BRDA:26,5,0,0
BRDA:26,5,1,1
BRDA:31,6,0,0
BRDA:31,6,1,1
BRDA:47,7,0,1
BRDA:47,7,1,1
BRDA:61,8,0,1
BRDA:61,8,1,0
BRDA:82,9,0,0
BRDA:82,9,1,0
BRDA:88,10,0,0
BRDA:88,10,1,0
BRDA:112,11,0,0
BRDA:112,11,1,0
BRDA:124,12,0,0
BRDA:124,12,1,0
BRDA:125,13,0,0
BRDA:125,13,1,0
BRDA:130,14,0,0
BRDA:130,14,1,0
BRDA:136,15,0,0
BRDA:136,15,1,0
BRDA:137,16,0,0
BRDA:137,16,1,0
BRDA:138,17,0,0
BRDA:138,17,1,0
BRDA:139,18,0,0
BRDA:139,18,1,0
BRDA:140,19,0,0
BRDA:140,19,1,0
BRDA:141,20,0,0
BRDA:141,20,1,0
BRDA:143,21,0,0
BRDA:143,21,1,0
BRDA:164,22,0,0
BRDA:164,22,1,0
BRDA:167,23,0,0
BRDA:167,23,1,0
BRDA:167,24,0,0
BRDA:167,24,1,0
BRDA:172,25,0,0
BRDA:172,25,1,0
BRDA:174,26,0,0
BRDA:174,26,1,0
BRDA:211,27,0,0
BRDA:211,27,1,1
BRDA:211,28,0,1
BRDA:211,28,1,1
BRDA:219,29,0,1
BRDA:219,29,1,1
BRDA:220,30,0,1
BRDA:220,30,1,1
BRDA:221,31,0,1
BRDA:221,31,1,1
BRDA:222,32,0,1
BRDA:222,32,1,0
BRDA:228,33,0,1
BRDA:228,33,1,0
BRDA:230,34,0,1
BRDA:230,34,1,0
BRDA:246,35,0,0
BRDA:246,35,1,1
BRDA:252,36,0,1
BRDA:252,36,1,0
BRDA:252,37,0,1
BRDA:252,37,1,1
BRDA:256,38,0,1
BRDA:256,38,1,0
BRDA:256,39,0,1
BRDA:256,39,1,1
BRDA:260,40,0,0
BRDA:260,40,1,1
BRDA:260,41,0,1
BRDA:260,41,1,0
BRDA:264,42,0,0
BRDA:264,42,1,1
BRDA:264,43,0,1
BRDA:264,43,1,0
BRDA:271,44,0,1
BRDA:271,44,1,0
BRDA:274,45,0,1
BRDA:274,45,1,0
BRDA:275,46,0,1
BRDA:275,46,1,0
BRDA:293,47,0,0
BRDA:293,47,1,0
BRDA:310,48,0,0
BRDA:310,48,1,0
BRDA:310,49,0,0
BRDA:310,49,1,0
BRF:98
BRH:37
end_of_record
TN:
SF:src\controllers\playbookController.js
FN:3,(anonymous_0)
FN:12,(anonymous_1)
FN:22,(anonymous_2)
FNF:3
FNH:2
FNDA:1,(anonymous_0)
FNDA:1,(anonymous_1)
FNDA:0,(anonymous_2)
DA:3,1
DA:4,1
DA:5,1
DA:6,1
DA:8,0
DA:12,1
DA:13,1
DA:14,1
DA:15,1
DA:16,1
DA:18,0
DA:22,1
DA:23,0
DA:24,0
DA:25,0
DA:27,0
LF:16
LH:10
BRF:0
BRH:0
end_of_record
TN:
SF:src\controllers\ruleController.js
FN:5,(anonymous_0)
FN:47,(anonymous_1)
FN:63,(anonymous_2)
FN:92,(anonymous_3)
FN:132,(anonymous_4)
FN:147,(anonymous_5)
FNF:6
FNH:3
FNDA:1,(anonymous_0)
FNDA:1,(anonymous_1)
FNDA:1,(anonymous_2)
FNDA:0,(anonymous_3)
FNDA:0,(anonymous_4)
FNDA:0,(anonymous_5)
DA:5,1
DA:6,1
DA:7,1
DA:9,1
DA:10,1
DA:11,0
DA:12,0
DA:18,1
DA:19,0
DA:20,0
DA:23,1
DA:24,0
DA:27,1
DA:28,1
DA:29,1
DA:31,1
DA:37,1
DA:38,1
DA:40,1
DA:42,0
DA:43,0
DA:47,1
DA:48,1
DA:49,1
DA:52,1
DA:53,1
DA:56,0
DA:58,0
DA:59,0
DA:63,1
DA:64,1
DA:65,1
DA:67,1
DA:68,1
DA:69,1
DA:72,0
DA:85,0
DA:87,0
DA:88,0
DA:92,1
DA:93,0
DA:94,0
DA:96,0
DA:97,0
DA:98,0
DA:99,0
DA:103,0
DA:121,0
DA:122,0
DA:125,0
DA:127,0
DA:128,0
DA:132,1
DA:133,0
DA:134,0
DA:136,0
DA:137,0
DA:140,0
DA:142,0
DA:143,0
DA:147,1
DA:148,0
DA:149,0
DA:150,0
DA:151,0
DA:154,0
DA:155,0
DA:157,0
DA:158,0
LF:69
LH:28
BRDA:7,0,0,1
BRDA:7,1,0,1
BRDA:10,2,0,0
BRDA:10,2,1,1
BRDA:18,3,0,0
BRDA:18,3,1,1
BRDA:19,4,0,0
BRDA:19,4,1,0
BRDA:19,5,0,0
BRDA:19,5,1,0
BRDA:20,6,0,0
BRDA:20,6,1,0
BRDA:20,7,0,0
BRDA:20,7,1,0
BRDA:23,8,0,0
BRDA:23,8,1,1
BRDA:27,9,0,0
BRDA:27,9,1,1
BRDA:52,10,0,1
BRDA:52,10,1,0
BRDA:68,11,0,1
BRDA:68,11,1,0
BRDA:75,12,0,0
BRDA:75,12,1,0
BRDA:76,13,0,0
BRDA:76,13,1,0
BRDA:79,14,0,0
BRDA:79,14,1,0
BRDA:80,15,0,0
BRDA:80,15,1,0
BRDA:81,16,0,0
BRDA:81,16,1,0
BRDA:82,17,0,0
BRDA:82,17,1,0
BRDA:96,18,0,0
BRDA:96,18,1,0
BRDA:98,19,0,0
BRDA:98,19,1,0
BRDA:121,20,0,0
BRDA:121,20,1,0
BRDA:136,21,0,0
BRDA:136,21,1,0
BRDA:150,22,0,0
BRDA:150,22,1,0
BRDA:150,23,0,0
BRDA:150,23,1,0
BRDA:150,23,2,0
BRF:47
BRH:8
end_of_record
TN:
SF:src\controllers\telemetryController.js
FN:12,(anonymous_0)
FN:26,(anonymous_1)
FN:41,(anonymous_2)
FN:104,(anonymous_3)
FN:171,(anonymous_4)
FN:179,(anonymous_5)
FN:186,(anonymous_6)
FN:196,(anonymous_7)
FN:235,(anonymous_8)
FN:244,(anonymous_9)
FN:267,(anonymous_10)
FN:333,(anonymous_11)
FN:385,(anonymous_12)
FN:391,(anonymous_13)
FN:398,(anonymous_14)
FN:402,(anonymous_15)
FN:423,(anonymous_16)
FNF:17
FNH:5
FNDA:1,(anonymous_0)
FNDA:0,(anonymous_1)
FNDA:11,(anonymous_2)
FNDA:0,(anonymous_3)
FNDA:0,(anonymous_4)
FNDA:0,(anonymous_5)
FNDA:0,(anonymous_6)
FNDA:1,(anonymous_7)
FNDA:1,(anonymous_8)
FNDA:0,(anonymous_9)
FNDA:0,(anonymous_10)
FNDA:0,(anonymous_11)
FNDA:0,(anonymous_12)
FNDA:0,(anonymous_13)
FNDA:0,(anonymous_14)
FNDA:1,(anonymous_15)
FNDA:0,(anonymous_16)
DA:12,2
DA:13,1
DA:14,1
DA:15,1
DA:17,0
DA:18,0
DA:24,2
DA:26,2
DA:27,0
DA:28,0
DA:29,0
DA:30,0
DA:41,2
DA:42,11
DA:45,11
DA:46,3
DA:49,8
DA:50,1
DA:53,7
DA:54,1
DA:57,6
DA:58,1
DA:61,5
DA:62,1
DA:66,4
DA:67,3
DA:68,0
DA:71,3
DA:72,3
DA:73,1
DA:76,2
DA:77,2
DA:79,2
DA:80,1
DA:81,1
DA:88,2
DA:90,2
DA:91,2
DA:93,2
DA:94,0
DA:95,0
DA:96,0
DA:98,0
DA:99,0
DA:103,0
DA:104,0
DA:106,0
DA:107,0
DA:109,0
DA:111,0
DA:114,0
DA:115,0
DA:119,0
DA:131,0
DA:139,0
DA:140,0
DA:143,0
DA:152,0
DA:153,0
DA:156,0
DA:157,0
DA:158,0
DA:159,0
DA:166,0
DA:167,0
DA:169,0
DA:171,0
DA:173,0
DA:179,0
DA:185,2
DA:186,2
DA:189,2
DA:191,0
DA:192,0
DA:196,2
DA:197,1
DA:199,1
DA:200,0
DA:203,1
DA:204,0
DA:207,1
DA:208,1
DA:211,1
DA:213,1
DA:214,0
DA:219,1
DA:220,1
DA:222,0
DA:225,1
DA:227,0
DA:228,0
DA:235,2
DA:236,1
DA:237,1
DA:240,1
DA:241,1
DA:242,1
DA:243,0
DA:244,0
DA:246,0
DA:250,1
DA:251,1
DA:252,0
DA:253,1
DA:254,0
DA:257,1
DA:267,0
DA:271,1
DA:272,1
DA:273,1
DA:275,1
DA:276,1
DA:278,1
DA:290,1
DA:291,1
DA:292,1
DA:299,1
DA:306,0
DA:307,0
DA:310,1
DA:311,1
DA:314,1
DA:315,1
DA:318,0
DA:323,1
DA:324,0
DA:325,0
DA:326,0
DA:328,0
DA:329,0
DA:332,0
DA:333,0
DA:335,0
DA:336,0
DA:338,0
DA:339,0
DA:341,0
DA:342,0
DA:345,0
DA:356,0
DA:364,0
DA:365,0
DA:367,0
DA:375,0
DA:376,0
DA:378,0
DA:379,0
DA:380,0
DA:382,0
DA:383,0
DA:387,0
DA:397,1
DA:398,1
DA:402,2
DA:403,1
DA:404,1
DA:405,1
DA:406,0
DA:409,1
DA:410,1
DA:411,0
DA:414,1
DA:416,1
DA:418,0
DA:419,0
DA:423,2
DA:424,0
DA:425,0
DA:426,0
DA:427,0
DA:430,0
DA:431,0
DA:432,0
DA:435,0
DA:436,0
DA:439,0
DA:441,0
DA:442,0
LF:178
LH:82
BRDA:27,0,0,0
BRDA:27,0,1,0
BRDA:28,1,0,0
BRDA:28,1,1,0
BRDA:45,2,0,3
BRDA:45,2,1,8
BRDA:45,3,0,11
BRDA:45,3,1,9
BRDA:45,3,2,9
BRDA:49,4,0,1
BRDA:49,4,1,7
BRDA:49,5,0,8
BRDA:49,5,1,2
BRDA:53,6,0,1
BRDA:53,6,1,6
BRDA:53,7,0,7
BRDA:53,7,1,2
BRDA:57,8,0,1
BRDA:57,8,1,5
BRDA:57,9,0,6
BRDA:57,9,1,2
BRDA:61,10,0,1
BRDA:61,10,1,4
BRDA:61,11,0,5
BRDA:61,11,1,2
BRDA:66,12,0,3
BRDA:66,12,1,1
BRDA:67,13,0,0
BRDA:67,13,1,3
BRDA:72,14,0,1
BRDA:72,14,1,2
BRDA:79,15,0,1
BRDA:79,15,1,1
BRDA:91,16,0,2
BRDA:91,16,1,0
BRDA:93,17,0,0
BRDA:93,17,1,2
BRDA:93,18,0,2
BRDA:93,18,1,0
BRDA:95,19,0,0
BRDA:95,19,1,0
BRDA:98,20,0,0
BRDA:98,20,1,0
BRDA:109,21,0,0
BRDA:109,21,1,0
BRDA:114,22,0,0
BRDA:114,22,1,0
BRDA:133,23,0,0
BRDA:133,23,1,0
BRDA:147,24,0,0
BRDA:147,24,1,0
BRDA:157,25,0,0
BRDA:157,25,1,0
BRDA:167,26,0,0
BRDA:167,26,1,0
BRDA:185,27,0,2
BRDA:185,27,1,0
BRDA:199,28,0,0
BRDA:199,28,1,1
BRDA:199,29,0,1
BRDA:199,29,1,1
BRDA:203,30,0,0
BRDA:203,30,1,1
BRDA:203,31,0,1
BRDA:203,31,1,1
BRDA:213,32,0,0
BRDA:213,32,1,1
BRDA:219,33,0,1
BRDA:219,33,1,0
BRDA:237,34,0,1
BRDA:237,34,1,0
BRDA:240,35,0,1
BRDA:240,35,1,0
BRDA:240,36,0,1
BRDA:240,36,1,1
BRDA:240,36,2,1
BRDA:242,37,0,0
BRDA:242,37,1,1
BRDA:243,38,0,0
BRDA:243,38,1,0
BRDA:246,39,0,0
BRDA:246,39,1,0
BRDA:250,40,0,1
BRDA:250,40,1,1
BRDA:251,41,0,0
BRDA:251,41,1,1
BRDA:251,42,0,1
BRDA:251,42,1,1
BRDA:251,42,2,1
BRDA:251,42,3,1
BRDA:251,42,4,1
BRDA:251,42,5,1
BRDA:253,43,0,0
BRDA:253,43,1,1
BRDA:253,44,0,1
BRDA:253,44,1,1
BRDA:253,44,2,1
BRDA:253,44,3,1
BRDA:260,45,0,1
BRDA:260,45,1,0
BRDA:261,46,0,1
BRDA:261,46,1,0
BRDA:266,47,0,1
BRDA:266,47,1,0
BRDA:271,48,0,1
BRDA:271,48,1,0
BRDA:271,49,0,1
BRDA:271,49,1,1
BRDA:273,50,0,1
BRDA:273,50,1,0
BRDA:286,51,0,1
BRDA:286,51,1,0
BRDA:291,52,0,1
BRDA:291,52,1,0
BRDA:323,53,0,0
BRDA:323,53,1,1
BRDA:323,54,0,1
BRDA:323,54,1,0
BRDA:325,55,0,0
BRDA:325,55,1,0
BRDA:328,56,0,0
BRDA:328,56,1,0
BRDA:338,57,0,0
BRDA:338,57,1,0
BRDA:341,58,0,0
BRDA:341,58,1,0
BRDA:358,59,0,0
BRDA:358,59,1,0
BRDA:371,60,0,0
BRDA:371,60,1,0
BRDA:379,61,0,0
BRDA:379,61,1,0
BRDA:382,62,0,0
BRDA:382,62,1,0
BRDA:397,63,0,1
BRDA:397,63,1,0
BRDA:404,64,0,1
BRDA:404,64,1,0
BRDA:404,64,2,0
BRDA:404,65,0,0
BRDA:404,65,1,0
BRDA:405,66,0,0
BRDA:405,66,1,1
BRDA:410,67,0,0
BRDA:410,67,1,1
BRDA:425,68,0,0
BRDA:425,68,1,0
BRDA:425,69,0,0
BRDA:425,69,1,0
BRDA:426,70,0,0
BRDA:426,70,1,0
BRDA:431,71,0,0
BRDA:431,71,1,0
BRF:153
BRH:75
end_of_record
TN:
SF:src\controllers\userController.js
FN:8,(anonymous_0)
FN:64,(anonymous_1)
FN:78,(anonymous_2)
FN:172,(anonymous_3)
FN:231,(anonymous_4)
FN:276,(anonymous_5)
FN:297,(anonymous_6)
FNF:7
FNH:3
FNDA:1,(anonymous_0)
FNDA:1,(anonymous_1)
FNDA:1,(anonymous_2)
FNDA:0,(anonymous_3)
FNDA:0,(anonymous_4)
FNDA:0,(anonymous_5)
FNDA:0,(anonymous_6)
DA:8,1
DA:9,1
DA:10,1
DA:12,1
DA:13,1
DA:14,1
DA:16,1
DA:17,0
DA:18,0
DA:25,1
DA:26,0
DA:27,0
DA:28,0
DA:29,0
DA:33,1
DA:34,0
DA:37,1
DA:38,1
DA:39,0
DA:41,1
DA:44,1
DA:45,1
DA:46,1
DA:48,1
DA:49,1
DA:54,1
DA:55,1
DA:57,1
DA:59,0
DA:60,0
DA:64,1
DA:65,1
DA:66,1
DA:67,1
DA:68,1
DA:69,1
DA:71,0
DA:73,0
DA:74,0
DA:78,1
DA:79,1
DA:81,1
DA:82,1
DA:85,0
DA:87,0
DA:88,0
DA:89,0
DA:92,0
DA:93,0
DA:97,0
DA:98,0
DA:99,0
DA:100,0
DA:101,0
DA:102,0
DA:103,0
DA:104,0
DA:107,0
DA:108,0
DA:109,0
DA:114,0
DA:115,0
DA:116,0
DA:118,0
DA:119,0
DA:120,0
DA:121,0
DA:122,0
DA:124,0
DA:126,0
DA:129,0
DA:130,0
DA:143,0
DA:144,0
DA:145,0
DA:148,0
DA:161,0
DA:162,0
DA:165,0
DA:167,0
DA:168,0
DA:172,1
DA:173,0
DA:174,0
DA:176,0
DA:177,0
DA:178,0
DA:179,0
DA:182,0
DA:183,0
DA:184,0
DA:186,0
DA:189,0
DA:190,0
DA:191,0
DA:192,0
DA:196,0
DA:197,0
DA:198,0
DA:199,0
DA:201,0
DA:204,0
DA:205,0
DA:206,0
DA:207,0
DA:208,0
DA:210,0
DA:211,0
DA:214,0
DA:216,0
DA:219,0
DA:220,0
DA:221,0
DA:224,0
DA:226,0
DA:227,0
DA:231,1
DA:232,0
DA:234,0
DA:235,0
DA:236,0
DA:237,0
DA:241,0
DA:242,0
DA:246,0
DA:249,0
DA:252,0
DA:253,0
DA:254,0
DA:258,0
DA:259,0
DA:261,0
DA:262,0
DA:263,0
DA:266,0
DA:269,0
DA:271,0
DA:272,0
DA:276,1
DA:277,0
DA:279,0
DA:280,0
DA:283,0
DA:285,0
DA:286,0
DA:289,0
DA:290,0
DA:292,0
DA:293,0
DA:297,1
DA:298,0
DA:299,0
DA:301,0
DA:302,0
DA:303,0
DA:304,0
DA:307,0
DA:308,0
DA:309,0
DA:311,0
DA:312,0
DA:315,0
DA:317,0
DA:318,0
DA:320,0
DA:321,0
LF:166
LH:34
BRDA:10,0,0,1
BRDA:10,1,0,1
BRDA:13,2,0,1
BRDA:13,2,1,0
BRDA:13,3,0,1
BRDA:13,3,1,1
BRDA:16,4,0,0
BRDA:16,4,1,1
BRDA:25,5,0,0
BRDA:25,5,1,1
BRDA:26,6,0,0
BRDA:26,6,1,0
BRDA:26,7,0,0
BRDA:26,7,1,0
BRDA:28,8,0,0
BRDA:28,8,1,0
BRDA:28,9,0,0
BRDA:28,9,1,0
BRDA:33,10,0,0
BRDA:33,10,1,1
BRDA:38,11,0,0
BRDA:38,11,1,1
BRDA:54,12,0,1
BRDA:54,12,1,1
BRDA:68,13,0,1
BRDA:68,13,1,0
BRDA:81,14,0,1
BRDA:81,14,1,0
BRDA:81,15,0,1
BRDA:81,15,1,0
BRDA:88,16,0,0
BRDA:88,16,1,0
BRDA:92,17,0,0
BRDA:92,17,1,0
BRDA:98,18,0,0
BRDA:98,18,1,0
BRDA:108,19,0,0
BRDA:108,19,1,0
BRDA:118,20,0,0
BRDA:118,20,1,0
BRDA:134,21,0,0
BRDA:134,21,1,0
BRDA:138,22,0,0
BRDA:138,22,1,0
BRDA:139,23,0,0
BRDA:139,23,1,0
BRDA:144,24,0,0
BRDA:144,24,1,0
BRDA:161,25,0,0
BRDA:161,25,1,0
BRDA:178,26,0,0
BRDA:178,26,1,0
BRDA:182,27,0,0
BRDA:182,27,1,0
BRDA:183,28,0,0
BRDA:183,28,1,0
BRDA:189,29,0,0
BRDA:189,29,1,0
BRDA:191,30,0,0
BRDA:191,30,1,0
BRDA:196,31,0,0
BRDA:196,31,1,0
BRDA:196,32,0,0
BRDA:196,32,1,0
BRDA:198,33,0,0
BRDA:198,33,1,0
BRDA:204,34,0,0
BRDA:204,34,1,0
BRDA:205,35,0,0
BRDA:205,35,1,0
BRDA:206,36,0,0
BRDA:206,36,1,0
BRDA:207,37,0,0
BRDA:207,37,1,0
BRDA:208,38,0,0
BRDA:208,38,1,0
BRDA:210,39,0,0
BRDA:210,39,1,0
BRDA:220,40,0,0
BRDA:220,40,1,0
BRDA:236,41,0,0
BRDA:236,41,1,0
BRDA:241,42,0,0
BRDA:241,42,1,0
BRDA:241,43,0,0
BRDA:241,43,1,0
BRDA:253,44,0,0
BRDA:253,44,1,0
BRDA:259,45,0,0
BRDA:259,45,1,0
BRDA:261,46,0,0
BRDA:261,46,1,0
BRDA:262,47,0,0
BRDA:262,47,1,0
BRDA:262,48,0,0
BRDA:262,48,1,0
BRDA:279,49,0,0
BRDA:279,49,1,0
BRDA:279,50,0,0
BRDA:279,50,1,0
BRDA:285,51,0,0
BRDA:285,51,1,0
BRDA:285,52,0,0
BRDA:285,52,1,0
BRDA:303,53,0,0
BRDA:303,53,1,0
BRDA:307,54,0,0
BRDA:307,54,1,0
BRDA:308,55,0,0
BRDA:308,55,1,0
BRDA:309,56,0,0
BRDA:309,56,1,0
BRDA:311,57,0,0
BRDA:311,57,1,0
BRF:114
BRH:14
end_of_record
TN:
SF:src\middlewares\attackAuthMiddleware.js
FN:4,(anonymous_0)
FNF:1
FNH:1
FNDA:11,(anonymous_0)
DA:4,3
DA:6,11
DA:7,11
DA:9,11
DA:10,4
DA:11,2
DA:16,9
DA:17,9
DA:18,3
DA:24,6
DA:25,6
DA:26,6
DA:27,6
DA:29,6
DA:30,0
DA:37,6
DA:38,6
DA:39,2
DA:45,4
DA:46,4
DA:48,0
LF:21
LH:19
BRDA:9,0,0,4
BRDA:9,0,1,7
BRDA:9,1,0,11
BRDA:9,1,1,11
BRDA:10,2,0,2
BRDA:10,2,1,2
BRDA:17,3,0,3
BRDA:17,3,1,6
BRDA:17,4,0,9
BRDA:17,4,1,6
BRDA:29,5,0,0
BRDA:29,5,1,6
BRDA:38,6,0,2
BRDA:38,6,1,4
BRF:14
BRH:13
end_of_record
TN:
SF:src\middlewares\authMiddleware.js
FN:5,(anonymous_0)
FNF:1
FNH:1
FNDA:4,(anonymous_0)
DA:5,2
DA:6,4
DA:8,4
DA:9,1
DA:15,3
DA:17,3
DA:18,3
DA:20,3
DA:22,3
DA:23,0
DA:29,3
DA:30,0
DA:37,3
DA:40,3
DA:41,3
DA:43,0
DA:44,0
DA:45,0
DA:47,0
LF:19
LH:13
BRDA:8,0,0,1
BRDA:8,0,1,3
BRDA:8,1,0,4
BRDA:8,1,1,3
BRDA:22,2,0,0
BRDA:22,2,1,3
BRDA:29,3,0,0
BRDA:29,3,1,3
BRDA:29,4,0,3
BRDA:29,4,1,3
BRDA:29,4,2,0
BRDA:44,5,0,0
BRDA:44,5,1,0
BRF:13
BRH:8
end_of_record
TN:
SF:src\middlewares\deviceAuthMiddleware.js
FN:1,(anonymous_0)
FNF:1
FNH:1
FNDA:20,(anonymous_0)
DA:1,3
DA:2,20
DA:3,20
DA:5,20
DA:6,1
DA:12,19
DA:13,7
DA:19,12
LF:8
LH:8
BRDA:5,0,0,1
BRDA:5,0,1,19
BRDA:12,1,0,7
BRDA:12,1,1,12
BRDA:12,2,0,19
BRDA:12,2,1,14
BRF:6
BRH:6
end_of_record
TN:
SF:src\middlewares\rbacMiddleware.js
FN:3,(anonymous_0)
FN:12,(anonymous_1)
FNF:2
FNH:1
FNDA:2,(anonymous_0)
FNDA:0,(anonymous_1)
DA:3,1
DA:5,2
DA:6,0
DA:10,2
DA:12,2
DA:13,0
DA:14,0
DA:20,0
DA:22,0
DA:23,0
DA:31,0
LF:11
LH:4
BRDA:3,0,0,0
BRDA:5,1,0,0
BRDA:5,1,1,2
BRDA:13,2,0,0
BRDA:13,2,1,0
BRDA:22,3,0,0
BRDA:22,3,1,0
BRDA:22,4,0,0
BRDA:22,4,1,0
BRF:9
BRH:1
end_of_record
TN:
SF:src\middlewares\simulatorAuthMiddleware.js
FN:1,(anonymous_0)
FNF:1
FNH:1
FNDA:3,(anonymous_0)
DA:1,1
DA:2,3
DA:3,3
DA:5,3
DA:6,1
DA:12,2
DA:13,1
DA:19,1
LF:8
LH:8
BRDA:5,0,0,1
BRDA:5,0,1,2
BRDA:12,1,0,1
BRDA:12,1,1,1
BRDA:12,2,0,2
BRDA:12,2,1,2
BRF:6
BRH:6
end_of_record
TN:
SF:src\middlewares\simulatorOrUserAuthMiddleware.js
FN:4,(anonymous_0)
FNF:1
FNH:1
FNDA:4,(anonymous_0)
DA:4,1
DA:6,4
DA:7,4
DA:9,4
DA:10,1
DA:14,3
DA:15,3
DA:16,1
DA:22,2
DA:23,2
DA:24,2
DA:25,1
DA:27,1
DA:28,0
DA:34,1
DA:35,1
DA:37,1
LF:17
LH:16
BRDA:9,0,0,1
BRDA:9,0,1,3
BRDA:9,1,0,4
BRDA:9,1,1,4
BRDA:15,2,0,1
BRDA:15,2,1,2
BRDA:15,3,0,3
BRDA:15,3,1,2
BRDA:27,4,0,0
BRDA:27,4,1,1
BRF:10
BRH:9
end_of_record
TN:
SF:src\models\alert.js
FNF:0
FNH:0
DA:4,19
DA:75,19
DA:77,19
LF:3
LH:3
BRF:0
BRH:0
end_of_record
TN:
SF:src\models\auditLog.js
FN:52,(anonymous_0)
FNF:1
FNH:0
FNDA:0,(anonymous_0)
DA:3,19
DA:52,19
DA:53,0
DA:54,0
DA:55,0
DA:56,0
DA:57,0
DA:61,19
DA:63,19
LF:9
LH:4
BRDA:53,0,0,0
BRDA:53,0,1,0
BRDA:53,1,0,0
BRDA:53,1,1,0
BRDA:54,2,0,0
BRDA:54,2,1,0
BRDA:54,3,0,0
BRDA:54,3,1,0
BRDA:55,4,0,0
BRDA:55,4,1,0
BRDA:55,5,0,0
BRDA:55,5,1,0
BRDA:56,6,0,0
BRDA:56,6,1,0
BRDA:56,7,0,0
BRDA:56,7,1,0
BRF:16
BRH:0
end_of_record
TN:
SF:src\models\blockedIp.js
FNF:0
FNH:0
DA:3,19
DA:26,19
LF:2
LH:2
BRF:0
BRH:0
end_of_record
TN:
SF:src\models\device.js
FN:93,(anonymous_0)
FNF:1
FNH:0
FNDA:0,(anonymous_0)
DA:3,19
DA:93,19
DA:94,0
DA:95,0
DA:96,0
DA:97,0
DA:98,0
DA:101,19
LF:8
LH:3
BRDA:94,0,0,0
BRDA:94,0,1,0
BRDA:94,1,0,0
BRDA:94,1,1,0
BRDA:95,2,0,0
BRDA:95,2,1,0
BRDA:95,3,0,0
BRDA:95,3,1,0
BRDA:96,4,0,0
BRDA:96,4,1,0
BRDA:96,5,0,0
BRDA:96,5,1,0
BRDA:97,6,0,0
BRDA:97,6,1,0
BRDA:97,7,0,0
BRDA:97,7,1,0
BRF:16
BRH:0
end_of_record
TN:
SF:src\models\incident.js
FNF:0
FNH:0
DA:3,19
DA:37,19
DA:39,19
LF:3
LH:3
BRF:0
BRH:0
end_of_record
TN:
SF:src\models\incidentTimeline.js
FNF:0
FNH:0
DA:3,19
DA:36,19
LF:2
LH:2
BRF:0
BRH:0
end_of_record
TN:
SF:src\models\index.js
FNF:0
FNH:0
DA:13,19
LF:1
LH:1
BRF:0
BRH:0
end_of_record
TN:
SF:src\models\playbook.js
FNF:0
FNH:0
DA:3,19
LF:1
LH:1
BRF:0
BRH:0
end_of_record
TN:
SF:src\models\refreshToken.js
FNF:0
FNH:0
DA:3,19
DA:26,19
LF:2
LH:2
BRF:0
BRH:0
end_of_record
TN:
SF:src\models\rule.js
FNF:0
FNH:0
DA:3,19
DA:54,19
LF:2
LH:2
BRF:0
BRH:0
end_of_record
TN:
SF:src\models\user.js
FNF:0
FNH:0
DA:3,19
DA:76,19
LF:2
LH:2
BRF:0
BRH:0
end_of_record
TN:
SF:src\routes\aiRoutes.js
FN:13,(anonymous_0)
FN:21,(anonymous_1)
FNF:2
FNH:2
FNDA:3,(anonymous_0)
FNDA:5,(anonymous_1)
DA:8,1
DA:10,1
DA:14,3
DA:21,5
DA:25,1
LF:5
LH:5
BRDA:14,0,0,3
BRDA:14,0,1,0
BRDA:14,1,0,0
BRDA:14,1,1,0
BRF:4
BRH:1
end_of_record
TN:
SF:src\routes\attackRoutes.js
FNF:0
FNH:0
DA:7,1
DA:41,1
DA:68,1
DA:93,1
DA:113,1
LF:5
LH:5
BRF:0
BRH:0
end_of_record
TN:
SF:src\routes\telemetryRoutes.js
FNF:0
FNH:0
DA:6,2
DA:9,2
DA:12,2
DA:15,2
DA:18,2
DA:21,2
LF:6
LH:6
BRF:0
BRH:0
end_of_record
TN:
SF:src\services\aiService.js
FN:2,(anonymous_0)
FN:6,(anonymous_1)
FN:37,(anonymous_2)
FNF:3
FNH:1
FNDA:1,(anonymous_0)
FNDA:0,(anonymous_1)
FNDA:0,(anonymous_2)
DA:3,1
DA:7,0
DA:8,0
DA:17,0
DA:25,0
DA:26,0
DA:29,0
DA:30,0
DA:32,0
DA:33,0
DA:38,0
DA:39,0
DA:40,0
DA:41,0
DA:43,0
DA:44,0
DA:45,0
DA:46,0
DA:49,0
LF:19
LH:1
BRDA:3,0,0,1
BRDA:3,0,1,1
BRDA:12,1,0,0
BRDA:12,1,1,0
BRDA:25,2,0,0
BRDA:25,2,1,0
BRDA:30,3,0,0
BRDA:30,3,1,0
BRDA:43,4,0,0
BRDA:43,4,1,0
BRDA:43,5,0,0
BRDA:43,5,1,0
BRDA:56,6,0,0
BRDA:56,6,1,0
BRDA:56,7,0,0
BRDA:56,7,1,0
BRDA:56,7,2,0
BRF:17
BRH:2
end_of_record
TN:
SF:src\services\cveService.js
FN:9,(anonymous_0)
FN:15,(anonymous_1)
FN:24,(anonymous_2)
FN:39,(anonymous_3)
FN:49,(anonymous_4)
FNF:5
FNH:1
FNDA:6,(anonymous_0)
FNDA:0,(anonymous_1)
FNDA:0,(anonymous_2)
FNDA:0,(anonymous_3)
FNDA:0,(anonymous_4)
DA:5,6
DA:6,6
DA:10,6
DA:11,6
DA:12,6
DA:16,0
DA:19,0
DA:20,0
DA:21,0
DA:22,0
DA:23,0
DA:24,0
DA:27,0
DA:31,0
DA:32,0
DA:33,0
DA:36,0
DA:37,0
DA:38,0
DA:39,0
DA:40,0
DA:41,0
DA:49,0
DA:50,0
DA:51,0
DA:52,0
DA:58,0
DA:61,0
LF:28
LH:5
BRDA:20,0,0,0
BRDA:20,0,1,0
BRDA:31,1,0,0
BRDA:31,1,1,0
BRDA:36,2,0,0
BRDA:36,2,1,0
BRDA:38,3,0,0
BRDA:38,3,1,0
BRDA:43,4,0,0
BRDA:43,4,1,0
BRDA:44,5,0,0
BRDA:44,5,1,0
BRDA:45,6,0,0
BRDA:45,6,1,0
BRDA:51,7,0,0
BRDA:51,7,1,0
BRF:16
BRH:0
end_of_record
TN:
SF:src\services\emailService.js
FN:7,(anonymous_0)
FN:41,(anonymous_1)
FN:64,(anonymous_2)
FN:69,(anonymous_3)
FN:83,(anonymous_4)
FNF:5
FNH:0
FNDA:0,(anonymous_0)
FNDA:0,(anonymous_1)
FNDA:0,(anonymous_2)
FNDA:0,(anonymous_3)
FNDA:0,(anonymous_4)
DA:4,6
DA:7,6
DA:8,0
DA:10,0
DA:11,0
DA:12,0
DA:13,0
DA:15,0
DA:16,0
DA:17,0
DA:24,0
DA:25,0
DA:26,0
DA:27,0
DA:28,0
DA:38,0
DA:40,0
DA:42,0
DA:43,0
DA:44,0
DA:45,0
DA:46,0
DA:47,0
DA:49,0
DA:50,0
DA:52,0
DA:53,0
DA:59,0
DA:62,6
DA:65,0
DA:69,6
DA:70,0
DA:71,0
DA:72,0
DA:75,0
DA:76,0
DA:77,0
DA:80,0
DA:81,0
DA:82,0
DA:83,0
DA:85,0
DA:88,0
DA:89,0
DA:90,0
DA:93,0
DA:95,0
DA:103,0
DA:106,0
DA:107,0
DA:108,0
DA:109,0
DA:112,0
DA:114,0
LF:54
LH:4
BRDA:8,0,0,0
BRDA:8,0,1,0
BRDA:10,1,0,0
BRDA:10,1,1,0
BRDA:11,2,0,0
BRDA:11,2,1,0
BRDA:15,3,0,0
BRDA:15,3,1,0
BRDA:15,4,0,0
BRDA:15,4,1,0
BRDA:46,5,0,0
BRDA:46,5,1,0
BRDA:70,6,0,0
BRDA:70,6,1,0
BRDA:77,7,0,0
BRDA:77,7,1,0
BRDA:88,8,0,0
BRDA:88,8,1,0
BRDA:89,9,0,0
BRDA:89,9,1,0
BRDA:107,10,0,0
BRDA:107,10,1,0
BRF:22
BRH:0
end_of_record
TN:
SF:src\services\influxService.js
FN:13,(anonymous_0)
FN:41,(anonymous_1)
FN:79,(anonymous_2)
FN:92,(anonymous_3)
FN:94,(anonymous_4)
FN:107,(anonymous_5)
FN:116,(anonymous_6)
FN:135,(anonymous_7)
FN:156,(anonymous_8)
FN:163,(anonymous_9)
FN:166,(anonymous_10)
FN:198,(anonymous_11)
FN:218,(anonymous_12)
FN:220,(anonymous_13)
FN:236,(anonymous_14)
FNF:15
FNH:0
FNDA:0,(anonymous_0)
FNDA:0,(anonymous_1)
FNDA:0,(anonymous_2)
FNDA:0,(anonymous_3)
FNDA:0,(anonymous_4)
FNDA:0,(anonymous_5)
FNDA:0,(anonymous_6)
FNDA:0,(anonymous_7)
FNDA:0,(anonymous_8)
FNDA:0,(anonymous_9)
FNDA:0,(anonymous_10)
FNDA:0,(anonymous_11)
FNDA:0,(anonymous_12)
FNDA:0,(anonymous_13)
FNDA:0,(anonymous_14)
DA:3,5
DA:4,5
DA:6,5
DA:8,5
DA:13,5
DA:14,0
DA:15,0
DA:18,0
DA:19,0
DA:22,0
DA:25,0
DA:26,0
DA:29,0
DA:30,0
DA:32,0
DA:33,0
DA:41,5
DA:42,0
DA:44,0
DA:45,0
DA:47,0
DA:50,0
DA:51,0
DA:53,0
DA:54,0
DA:55,0
DA:56,0
DA:58,0
DA:59,0
DA:62,0
DA:64,0
DA:65,0
DA:66,0
DA:72,0
DA:79,5
DA:80,0
DA:81,0
DA:82,0
DA:84,0
DA:86,0
DA:87,0
DA:88,0
DA:89,0
DA:92,0
DA:93,0
DA:94,0
DA:95,0
DA:97,0
DA:100,0
DA:102,0
DA:103,0
DA:107,5
DA:108,0
DA:109,0
DA:110,0
DA:111,0
DA:112,0
DA:114,0
DA:115,0
DA:116,0
DA:117,0
DA:118,0
DA:119,0
DA:120,0
DA:126,0
DA:128,0
DA:130,0
DA:131,0
DA:135,5
DA:136,0
DA:137,0
DA:138,0
DA:140,0
DA:141,0
DA:142,0
DA:143,0
DA:145,0
DA:147,0
DA:148,0
DA:150,0
DA:156,5
DA:157,0
DA:158,0
DA:159,0
DA:161,0
DA:163,0
DA:164,0
DA:166,0
DA:167,0
DA:168,0
DA:171,0
DA:178,0
DA:179,0
DA:181,0
DA:182,0
DA:184,0
DA:185,0
DA:186,0
DA:191,0
DA:198,5
DA:199,0
DA:200,0
DA:201,0
DA:202,0
DA:203,0
DA:204,0
DA:206,0
DA:207,0
DA:209,0
DA:210,0
DA:211,0
DA:213,0
DA:214,0
DA:215,0
DA:216,0
DA:218,0
DA:219,0
DA:220,0
DA:221,0
DA:223,0
DA:226,0
DA:228,0
DA:229,0
DA:236,5
DA:237,0
DA:239,0
DA:245,0
DA:246,0
DA:247,0
DA:248,0
DA:249,0
DA:251,0
DA:252,0
DA:254,0
DA:255,0
DA:256,0
DA:258,0
DA:264,0
DA:266,0
DA:267,0
LF:140
LH:12
BRDA:3,0,0,5
BRDA:3,0,1,5
BRDA:4,1,0,5
BRDA:4,1,1,5
BRDA:42,2,0,0
BRDA:42,2,1,0
BRDA:45,3,0,0
BRDA:45,3,1,0
BRDA:45,4,0,0
BRDA:45,4,1,0
BRDA:51,5,0,0
BRDA:51,5,1,0
BRDA:51,6,0,0
BRDA:51,6,1,0
BRDA:54,7,0,0
BRDA:54,7,1,0
BRDA:55,8,0,0
BRDA:55,8,1,0
BRDA:56,9,0,0
BRDA:56,9,1,0
BRDA:58,10,0,0
BRDA:58,10,1,0
BRDA:79,11,0,0
BRDA:86,12,0,0
BRDA:86,12,1,0
BRDA:86,13,0,0
BRDA:86,13,1,0
BRDA:86,13,2,0
BRDA:86,13,3,0
BRDA:108,14,0,0
BRDA:108,14,1,0
BRDA:114,15,0,0
BRDA:114,15,1,0
BRDA:119,16,0,0
BRDA:119,16,1,0
BRDA:122,17,0,0
BRDA:122,17,1,0
BRDA:123,18,0,0
BRDA:123,18,1,0
BRDA:141,19,0,0
BRDA:141,19,1,0
BRDA:147,20,0,0
BRDA:147,20,1,0
BRDA:148,21,0,0
BRDA:148,21,1,0
BRDA:157,22,0,0
BRDA:157,22,1,0
BRDA:159,23,0,0
BRDA:159,23,1,0
BRDA:159,24,0,0
BRDA:159,24,1,0
BRDA:163,25,0,0
BRDA:163,25,1,0
BRDA:167,26,0,0
BRDA:167,26,1,0
BRDA:167,27,0,0
BRDA:167,27,1,0
BRDA:175,28,0,0
BRDA:175,28,1,0
BRDA:178,29,0,0
BRDA:178,29,1,0
BRDA:179,30,0,0
BRDA:179,30,1,0
BRDA:198,31,0,0
BRDA:198,32,0,0
BRDA:199,33,0,0
BRDA:199,33,1,0
BRDA:203,34,0,0
BRDA:203,34,1,0
BRDA:206,35,0,0
BRDA:206,35,1,0
BRDA:213,36,0,0
BRDA:213,36,1,0
BRDA:236,37,0,0
BRDA:236,38,0,0
BRDA:237,39,0,0
BRDA:237,39,1,0
BRDA:248,40,0,0
BRDA:248,40,1,0
BRDA:254,41,0,0
BRDA:254,41,1,0
BRDA:259,42,0,0
BRDA:259,42,1,0
BRDA:260,43,0,0
BRDA:260,43,1,0
BRDA:261,44,0,0
BRDA:261,44,1,0
BRF:87
BRH:4
end_of_record
TN:
SF:src\services\mqttService.js
FN:25,decryptPayload
FN:55,(anonymous_1)
FN:85,(anonymous_2)
FN:87,(anonymous_3)
FN:96,(anonymous_4)
FN:119,(anonymous_5)
FN:126,(anonymous_6)
FN:131,(anonymous_7)
FN:158,(anonymous_8)
FN:252,(anonymous_9)
FN:321,(anonymous_10)
FN:338,(anonymous_11)
FN:431,(anonymous_12)
FN:441,(anonymous_13)
FNF:14
FNH:2
FNDA:3,decryptPayload
FNDA:0,(anonymous_1)
FNDA:0,(anonymous_2)
FNDA:0,(anonymous_3)
FNDA:0,(anonymous_4)
FNDA:0,(anonymous_5)
FNDA:0,(anonymous_6)
FNDA:1,(anonymous_7)
FNDA:0,(anonymous_8)
FNDA:0,(anonymous_9)
FNDA:0,(anonymous_10)
FNDA:0,(anonymous_11)
FNDA:0,(anonymous_12)
FNDA:0,(anonymous_13)
DA:17,4
DA:18,4
DA:20,4
DA:22,4
DA:26,3
DA:27,3
DA:28,3
DA:29,3
DA:30,3
DA:31,3
DA:33,3
DA:34,2
DA:39,2
DA:40,1
DA:41,1
DA:42,1
DA:44,1
DA:49,1
DA:50,1
DA:51,1
DA:55,4
DA:56,0
DA:62,0
DA:63,0
DA:65,0
DA:66,0
DA:68,0
DA:71,0
DA:72,0
DA:73,0
DA:76,0
DA:77,0
DA:81,0
DA:82,0
DA:83,0
DA:85,0
DA:86,0
DA:87,0
DA:88,0
DA:89,0
DA:91,0
DA:96,0
DA:97,0
DA:98,0
DA:101,0
DA:102,0
DA:106,0
DA:109,0
DA:112,0
DA:115,0
DA:118,0
DA:119,0
DA:126,0
DA:127,0
DA:131,4
DA:132,1
DA:133,0
DA:136,0
DA:137,0
DA:138,0
DA:139,0
DA:140,0
DA:141,0
DA:143,0
DA:150,0
DA:151,0
DA:152,0
DA:154,1
DA:155,1
DA:158,4
DA:159,0
DA:160,0
DA:163,0
DA:164,0
DA:165,0
DA:167,0
DA:168,0
DA:169,0
DA:170,0
DA:171,0
DA:175,0
DA:179,0
DA:181,0
DA:182,0
DA:183,0
DA:184,0
DA:187,0
DA:188,0
DA:190,0
DA:192,0
DA:202,0
DA:210,0
DA:211,0
DA:213,0
DA:222,0
DA:223,0
DA:226,0
DA:227,0
DA:228,0
DA:229,0
DA:236,0
DA:237,0
DA:238,0
DA:239,0
DA:247,0
DA:252,4
DA:253,0
DA:254,0
DA:256,0
DA:257,0
DA:259,0
DA:265,0
DA:266,0
DA:268,0
DA:269,0
DA:271,0
DA:276,0
DA:277,0
DA:279,0
DA:289,0
DA:297,0
DA:298,0
DA:300,0
DA:308,0
DA:309,0
DA:312,0
DA:321,4
DA:322,0
DA:323,0
DA:325,0
DA:326,0
DA:329,0
DA:338,0
DA:341,0
DA:344,0
DA:345,0
DA:346,0
DA:348,0
DA:349,0
DA:350,0
DA:351,0
DA:352,0
DA:353,0
DA:354,0
DA:355,0
DA:356,0
DA:357,0
DA:358,0
DA:359,0
DA:360,0
DA:361,0
DA:362,0
DA:363,0
DA:364,0
DA:365,0
DA:366,0
DA:367,0
DA:368,0
DA:369,0
DA:370,0
DA:371,0
DA:372,0
DA:373,0
DA:374,0
DA:375,0
DA:376,0
DA:377,0
DA:378,0
DA:379,0
DA:382,0
DA:383,0
DA:384,0
DA:388,0
DA:389,0
DA:396,0
DA:397,0
DA:399,0
DA:410,0
DA:418,0
DA:419,0
DA:421,0
DA:430,0
DA:431,0
DA:432,0
DA:441,0
DA:444,0
LF:186
LH:28
BRDA:20,0,0,4
BRDA:20,0,1,4
BRDA:28,1,0,0
BRDA:28,1,1,3
BRDA:29,2,0,3
BRDA:29,2,1,3
BRDA:30,3,0,3
BRDA:30,3,1,3
BRDA:31,4,0,3
BRDA:31,4,1,3
BRDA:33,5,0,2
BRDA:33,5,1,1
BRDA:33,6,0,3
BRDA:33,6,1,1
BRDA:33,6,2,0
BRDA:63,7,0,0
BRDA:63,7,1,0
BRDA:63,7,2,0
BRDA:65,8,0,0
BRDA:65,8,1,0
BRDA:66,9,0,0
BRDA:66,9,1,0
BRDA:76,10,0,0
BRDA:76,10,1,0
BRDA:88,11,0,0
BRDA:88,11,1,0
BRDA:101,12,0,0
BRDA:101,12,1,0
BRDA:118,13,0,0
BRDA:118,13,1,0
BRDA:132,14,0,0
BRDA:132,14,1,1
BRDA:132,15,0,1
BRDA:132,15,1,0
BRDA:133,16,0,0
BRDA:133,16,1,0
BRDA:160,17,0,0
BRDA:160,17,1,0
BRDA:165,18,0,0
BRDA:165,18,1,0
BRDA:165,19,0,0
BRDA:165,19,1,0
BRDA:167,20,0,0
BRDA:167,20,1,0
BRDA:169,21,0,0
BRDA:169,21,1,0
BRDA:171,22,0,0
BRDA:171,22,1,0
BRDA:171,23,0,0
BRDA:171,23,1,0
BRDA:187,24,0,0
BRDA:187,24,1,0
BRDA:188,25,0,0
BRDA:188,25,1,0
BRDA:196,26,0,0
BRDA:196,26,1,0
BRDA:197,27,0,0
BRDA:197,27,1,0
BRDA:204,28,0,0
BRDA:204,28,1,0
BRDA:205,29,0,0
BRDA:205,29,1,0
BRDA:227,30,0,0
BRDA:227,30,1,0
BRDA:237,31,0,0
BRDA:237,31,1,0
BRDA:237,32,0,0
BRDA:237,32,1,0
BRDA:254,33,0,0
BRDA:254,33,1,0
BRDA:254,34,0,0
BRDA:254,34,1,0
BRDA:257,35,0,0
BRDA:257,35,1,0
BRDA:265,36,0,0
BRDA:265,36,1,0
BRDA:268,37,0,0
BRDA:268,37,1,0
BRDA:268,38,0,0
BRDA:268,38,1,0
BRDA:268,38,2,0
BRDA:268,38,3,0
BRDA:276,39,0,0
BRDA:276,39,1,0
BRDA:323,40,0,0
BRDA:323,40,1,0
BRDA:323,41,0,0
BRDA:323,41,1,0
BRDA:323,41,2,0
BRDA:323,41,3,0
BRDA:331,42,0,0
BRDA:331,42,1,0
BRDA:333,43,0,0
BRDA:333,43,1,0
BRDA:334,44,0,0
BRDA:334,44,1,0
BRDA:336,45,0,0
BRDA:336,45,1,0
BRDA:336,46,0,0
BRDA:336,46,1,0
BRDA:341,47,0,0
BRDA:341,47,1,0
BRDA:348,48,0,0
BRDA:348,48,1,0
BRDA:352,49,0,0
BRDA:352,49,1,0
BRDA:356,50,0,0
BRDA:356,50,1,0
BRDA:360,51,0,0
BRDA:360,51,1,0
BRDA:364,52,0,0
BRDA:364,52,1,0
BRDA:368,53,0,0
BRDA:368,53,1,0
BRDA:368,54,0,0
BRDA:368,54,1,0
BRDA:372,55,0,0
BRDA:372,55,1,0
BRDA:376,56,0,0
BRDA:376,56,1,0
BRDA:383,57,0,0
BRDA:383,57,1,0
BRDA:396,58,0,0
BRDA:396,58,1,0
BRDA:406,59,0,0
BRDA:406,59,1,0
BRDA:412,60,0,0
BRDA:412,60,1,0
BRDA:430,61,0,0
BRDA:430,61,1,0
BRDA:437,62,0,0
BRDA:437,62,1,0
BRF:132
BRH:15
end_of_record
TN:
SF:src\services\playbookService.js
FN:4,(anonymous_0)
FNF:1
FNH:0
FNDA:0,(anonymous_0)
DA:4,4
DA:5,0
DA:6,0
DA:7,0
DA:9,0
DA:11,0
DA:12,0
DA:13,0
DA:14,0
DA:15,0
DA:16,0
DA:17,0
DA:18,0
DA:22,0
DA:24,0
DA:25,0
LF:16
LH:1
BRDA:4,0,0,0
BRDA:7,1,0,0
BRDA:7,1,1,0
BRDA:13,2,0,0
BRDA:13,2,1,0
BRDA:17,3,0,0
BRDA:17,3,1,0
BRF:7
BRH:0
end_of_record
TN:
SF:src\services\riskService.js
FN:12,(anonymous_0)
FN:26,(anonymous_1)
FN:48,(anonymous_2)
FN:66,(anonymous_3)
FN:140,(anonymous_4)
FNF:5
FNH:4
FNDA:2,(anonymous_0)
FNDA:2,(anonymous_1)
FNDA:2,(anonymous_2)
FNDA:0,(anonymous_3)
FNDA:1,(anonymous_4)
DA:5,5
DA:12,5
DA:13,2
DA:15,2
DA:16,2
DA:17,0
DA:18,0
DA:22,2
DA:23,2
DA:26,2
DA:27,2
DA:28,2
DA:30,2
DA:42,2
DA:48,2
DA:49,2
DA:50,2
DA:52,2
DA:53,2
DA:55,2
DA:66,0
DA:76,2
DA:77,2
DA:78,0
DA:81,2
DA:82,2
DA:83,2
DA:84,2
DA:85,0
DA:88,2
DA:109,2
DA:115,2
DA:116,2
DA:118,2
DA:119,2
DA:125,1
DA:126,1
DA:127,1
DA:128,1
DA:130,0
DA:133,1
DA:136,2
DA:138,1
DA:139,1
DA:140,1
DA:142,1
DA:143,1
DA:144,1
DA:145,1
DA:146,1
DA:147,0
DA:148,0
DA:150,1
DA:154,2
DA:155,2
DA:157,2
DA:160,2
DA:161,2
DA:162,2
DA:164,2
DA:167,2
DA:169,0
DA:170,0
LF:63
LH:53
BRDA:5,0,0,5
BRDA:5,0,1,5
BRDA:16,1,0,0
BRDA:16,1,1,2
BRDA:22,2,0,2
BRDA:22,2,1,2
BRDA:22,2,2,2
BRDA:22,2,3,2
BRDA:22,2,4,2
BRDA:27,3,0,2
BRDA:27,3,1,0
BRDA:28,4,0,0
BRDA:28,4,1,2
BRDA:33,5,0,2
BRDA:33,5,1,0
BRDA:33,5,2,0
BRDA:34,6,0,2
BRDA:34,6,1,0
BRDA:49,7,0,2
BRDA:49,7,1,0
BRDA:50,8,0,0
BRDA:50,8,1,2
BRDA:52,9,0,2
BRDA:52,9,1,0
BRDA:53,10,0,0
BRDA:53,10,1,2
BRDA:57,11,0,2
BRDA:57,11,1,0
BRDA:59,12,0,2
BRDA:59,12,1,2
BRDA:60,13,0,2
BRDA:60,13,1,2
BRDA:63,14,0,2
BRDA:63,14,1,2
BRDA:64,15,0,2
BRDA:64,15,1,2
BRDA:65,16,0,2
BRDA:65,16,1,2
BRDA:66,17,0,2
BRDA:66,17,1,2
BRDA:67,18,0,0
BRDA:67,18,1,0
BRDA:68,19,0,0
BRDA:68,19,1,0
BRDA:70,20,0,2
BRDA:70,20,1,2
BRDA:70,20,2,2
BRDA:71,21,0,0
BRDA:71,21,1,2
BRDA:76,22,0,2
BRDA:76,22,1,2
BRDA:76,22,2,2
BRDA:77,23,0,0
BRDA:77,23,1,2
BRDA:81,24,0,2
BRDA:81,24,1,0
BRDA:82,25,0,0
BRDA:82,25,1,2
BRDA:83,26,0,2
BRDA:83,26,1,0
BRDA:84,27,0,0
BRDA:84,27,1,2
BRDA:92,28,0,2
BRDA:92,28,1,2
BRDA:93,29,0,2
BRDA:93,29,1,2
BRDA:93,29,2,2
BRDA:94,30,0,2
BRDA:94,30,1,2
BRDA:94,30,2,2
BRDA:96,31,0,2
BRDA:96,31,1,2
BRDA:97,32,0,2
BRDA:97,32,1,2
BRDA:99,33,0,2
BRDA:99,33,1,2
BRDA:100,34,0,2
BRDA:100,34,1,2
BRDA:102,35,0,2
BRDA:102,35,1,2
BRDA:103,36,0,2
BRDA:103,36,1,2
BRDA:104,37,0,2
BRDA:104,37,1,2
BRDA:105,38,0,2
BRDA:105,38,1,2
BRDA:125,39,0,1
BRDA:125,39,1,0
BRDA:127,40,0,1
BRDA:127,40,1,0
BRDA:136,41,0,1
BRDA:136,41,1,1
BRDA:138,42,0,1
BRDA:138,42,1,0
BRDA:138,43,0,0
BRDA:138,43,1,0
BRDA:139,44,0,1
BRDA:139,44,1,0
BRDA:140,45,0,1
BRDA:140,45,1,0
BRDA:144,46,0,1
BRDA:144,46,1,0
BRDA:145,47,0,0
BRDA:145,47,1,1
BRDA:146,48,0,1
BRDA:146,48,1,0
BRDA:147,49,0,0
BRDA:147,49,1,0
BRDA:148,50,0,0
BRDA:148,50,1,0
BRDA:157,51,0,1
BRDA:157,51,1,1
BRDA:161,52,0,2
BRDA:161,52,1,0
BRF:114
BRH:78
end_of_record
TN:
SF:src\services\ruleEngineService.js
FN:5,(anonymous_0)
FN:11,(anonymous_1)
FN:20,(anonymous_2)
FN:49,(anonymous_3)
FN:65,(anonymous_4)
FNF:5
FNH:4
FNDA:5,(anonymous_0)
FNDA:6,(anonymous_1)
FNDA:0,(anonymous_2)
FNDA:22,(anonymous_3)
FNDA:6,(anonymous_4)
DA:6,5
DA:7,5
DA:8,5
DA:12,6
DA:13,6
DA:14,2
DA:17,4
DA:19,0
DA:20,0
DA:22,0
DA:25,4
DA:26,4
DA:27,4
DA:28,4
DA:29,4
DA:30,4
DA:31,4
DA:34,0
DA:36,0
DA:37,0
DA:38,0
DA:39,0
DA:40,0
DA:41,0
DA:45,4
DA:50,22
DA:51,20
DA:52,20
DA:54,20
DA:55,7
DA:56,2
DA:57,3
DA:58,3
DA:59,2
DA:60,2
DA:61,1
DA:66,6
DA:67,6
DA:69,6
DA:70,6
DA:71,6
DA:73,6
DA:74,5
DA:77,5
DA:78,5
DA:79,5
DA:80,5
DA:81,5
DA:82,0
DA:83,0
DA:87,5
DA:88,5
DA:89,5
DA:90,5
DA:92,5
DA:94,5
DA:95,5
DA:98,4
DA:99,4
DA:102,4
DA:103,4
DA:105,4
DA:107,4
DA:108,2
DA:110,2
DA:113,1
DA:115,1
DA:120,6
DA:124,5
LF:69
LH:57
BRDA:13,0,0,2
BRDA:13,0,1,4
BRDA:13,1,0,6
BRDA:13,1,1,2
BRDA:17,2,0,0
BRDA:17,2,1,4
BRDA:38,3,0,0
BRDA:38,3,1,0
BRDA:50,4,0,2
BRDA:50,4,1,20
BRDA:50,5,0,22
BRDA:50,5,1,21
BRDA:54,6,0,7
BRDA:54,6,1,2
BRDA:54,6,2,3
BRDA:54,6,3,3
BRDA:54,6,4,2
BRDA:54,6,5,2
BRDA:54,6,6,1
BRDA:67,7,0,0
BRDA:67,7,1,6
BRDA:67,8,0,6
BRDA:67,8,1,6
BRDA:74,9,0,0
BRDA:74,9,1,5
BRDA:74,10,0,5
BRDA:74,10,1,5
BRDA:81,11,0,0
BRDA:81,11,1,5
BRDA:87,12,0,5
BRDA:87,12,1,0
BRDA:89,13,0,5
BRDA:89,13,1,0
BRDA:90,14,0,5
BRDA:90,14,1,0
BRDA:103,15,0,4
BRDA:103,15,1,0
BRDA:107,16,0,2
BRDA:107,16,1,2
BRF:39
BRH:29
end_of_record
TN:
SF:src\services\securityService.js
FN:10,(anonymous_0)
FN:22,(anonymous_1)
FN:71,(anonymous_2)
FN:118,(anonymous_3)
FN:128,(anonymous_4)
FNF:5
FNH:3
FNDA:1,(anonymous_0)
FNDA:1,(anonymous_1)
FNDA:1,(anonymous_2)
FNDA:0,(anonymous_3)
FNDA:0,(anonymous_4)
DA:8,3
DA:10,3
DA:11,1
DA:12,1
DA:13,1
DA:14,1
DA:16,1
DA:17,1
DA:21,1
DA:22,1
DA:24,1
DA:26,1
DA:28,0
DA:29,0
DA:31,0
DA:32,0
DA:39,0
DA:42,0
DA:52,0
DA:53,0
DA:61,0
DA:62,0
DA:64,0
DA:66,0
DA:71,3
DA:72,1
DA:73,1
DA:75,1
DA:76,0
DA:79,1
DA:80,1
DA:82,1
DA:83,0
DA:86,0
DA:96,0
DA:97,0
DA:99,0
DA:107,0
DA:115,1
DA:118,3
DA:119,0
DA:120,0
DA:121,0
DA:122,0
DA:128,3
DA:129,0
DA:131,0
DA:132,0
DA:135,0
DA:136,0
DA:137,0
DA:138,0
DA:139,0
DA:142,0
DA:146,0
DA:147,0
DA:149,0
DA:153,0
DA:162,0
DA:163,0
DA:165,0
DA:173,0
LF:62
LH:22
BRDA:12,0,0,1
BRDA:12,0,1,1
BRDA:14,1,0,1
BRDA:14,1,1,1
BRDA:16,2,0,1
BRDA:16,2,1,0
BRDA:26,3,0,0
BRDA:26,3,1,1
BRDA:72,4,0,1
BRDA:72,4,1,1
BRDA:73,5,0,1
BRDA:73,5,1,1
BRDA:75,6,0,0
BRDA:75,6,1,1
BRDA:82,7,0,0
BRDA:82,7,1,1
BRDA:119,8,0,0
BRDA:119,8,1,0
BRDA:119,9,0,0
BRDA:119,9,1,0
BRDA:119,9,2,0
BRDA:128,10,0,0
BRDA:128,11,0,0
BRDA:129,12,0,0
BRDA:129,12,1,0
BRDA:138,13,0,0
BRDA:138,13,1,0
BRF:27
BRH:12
end_of_record
TN:
SF:src\services\sessionRegistry.js
FN:5,(anonymous_0)
FN:9,(anonymous_1)
FN:24,(anonymous_2)
FN:32,(anonymous_3)
FN:35,(anonymous_4)
FNF:5
FNH:0
FNDA:0,(anonymous_0)
FNDA:0,(anonymous_1)
FNDA:0,(anonymous_2)
FNDA:0,(anonymous_3)
FNDA:0,(anonymous_4)
DA:2,6
DA:3,6
DA:5,6
DA:6,0
DA:9,6
DA:10,0
DA:11,0
DA:12,0
DA:14,0
DA:15,0
DA:16,0
DA:18,0
DA:21,0
DA:24,6
DA:25,0
DA:32,6
DA:33,0
DA:35,0
DA:36,0
LF:19
LH:6
BRDA:15,0,0,0
BRDA:15,0,1,0
BRF:2
BRH:0
end_of_record
TN:
SF:src\services\socketService.js
FN:5,(anonymous_0)
FN:13,(anonymous_1)
FN:16,(anonymous_2)
FN:25,(anonymous_3)
FN:30,(anonymous_4)
FN:38,(anonymous_5)
FN:46,(anonymous_6)
FNF:7
FNH:1
FNDA:0,(anonymous_0)
FNDA:0,(anonymous_1)
FNDA:0,(anonymous_2)
FNDA:1,(anonymous_3)
FNDA:0,(anonymous_4)
FNDA:0,(anonymous_5)
FNDA:0,(anonymous_6)
DA:3,7
DA:5,7
DA:6,0
DA:13,0
DA:14,0
DA:16,0
DA:17,0
DA:21,0
DA:22,0
DA:25,7
DA:26,1
DA:30,7
DA:31,0
DA:32,0
DA:33,0
DA:38,7
DA:39,0
DA:40,0
DA:41,0
DA:46,7
DA:47,0
DA:48,0
DA:49,0
LF:23
LH:7
BRDA:31,0,0,0
BRDA:31,0,1,0
BRDA:39,1,0,0
BRDA:39,1,1,0
BRDA:47,2,0,0
BRDA:47,2,1,0
BRF:6
BRH:0
end_of_record
TN:
SF:src\services\telegramService.js
FN:7,(anonymous_0)
FN:9,(anonymous_1)
FN:22,(anonymous_2)
FN:31,(anonymous_3)
FN:32,(anonymous_4)
FN:40,(anonymous_5)
FN:50,(anonymous_6)
FN:57,(anonymous_7)
FN:64,(anonymous_8)
FN:174,(anonymous_9)
FN:179,(anonymous_10)
FN:201,(anonymous_11)
FN:207,(anonymous_12)
FN:277,(anonymous_13)
FNF:14
FNH:0
FNDA:0,(anonymous_0)
FNDA:0,(anonymous_1)
FNDA:0,(anonymous_2)
FNDA:0,(anonymous_3)
FNDA:0,(anonymous_4)
FNDA:0,(anonymous_5)
FNDA:0,(anonymous_6)
FNDA:0,(anonymous_7)
FNDA:0,(anonymous_8)
FNDA:0,(anonymous_9)
FNDA:0,(anonymous_10)
FNDA:0,(anonymous_11)
FNDA:0,(anonymous_12)
FNDA:0,(anonymous_13)
DA:5,7
DA:7,7
DA:8,0
DA:9,0
DA:10,0
DA:14,7
DA:15,7
DA:16,7
DA:17,7
DA:18,7
DA:21,7
DA:23,0
DA:24,0
DA:25,0
DA:26,0
DA:28,0
DA:29,0
DA:30,0
DA:31,0
DA:32,0
DA:33,0
DA:37,0
DA:38,0
DA:41,0
DA:42,0
DA:43,0
DA:44,0
DA:46,0
DA:47,0
DA:48,0
DA:51,0
DA:52,0
DA:57,7
DA:58,0
DA:59,0
DA:60,0
DA:61,0
DA:64,0
DA:65,0
DA:66,0
DA:67,0
DA:69,0
DA:70,0
DA:72,0
DA:73,0
DA:74,0
DA:76,0
DA:77,0
DA:78,0
DA:79,0
DA:80,0
DA:81,0
DA:82,0
DA:84,0
DA:85,0
DA:88,0
DA:97,0
DA:99,0
DA:100,0
DA:101,0
DA:103,0
DA:104,0
DA:106,0
DA:107,0
DA:109,0
DA:116,0
DA:125,0
DA:127,0
DA:128,0
DA:129,0
DA:131,0
DA:132,0
DA:135,0
DA:136,0
DA:139,0
DA:140,0
DA:141,0
DA:145,0
DA:154,0
DA:157,0
DA:161,0
DA:164,0
DA:165,0
DA:167,0
DA:173,0
DA:174,0
DA:179,0
DA:181,0
DA:182,0
DA:184,0
DA:189,0
DA:190,0
DA:193,0
DA:194,0
DA:195,0
DA:199,7
DA:202,0
DA:207,7
DA:208,0
DA:209,0
DA:210,0
DA:213,0
DA:215,0
DA:218,0
DA:219,0
DA:220,0
DA:226,0
DA:227,0
DA:228,0
DA:229,0
DA:231,0
DA:232,0
DA:237,0
DA:238,0
DA:244,0
DA:245,0
DA:246,0
DA:247,0
DA:248,0
DA:249,0
DA:250,0
DA:252,0
DA:255,0
DA:258,0
DA:259,0
DA:260,0
DA:261,0
DA:264,0
DA:266,0
DA:267,0
DA:268,0
DA:269,0
DA:271,0
DA:277,7
DA:278,0
DA:281,0
DA:289,0
DA:290,0
DA:291,0
DA:293,0
DA:294,0
DA:295,0
DA:296,0
DA:297,0
DA:299,0
DA:300,0
DA:302,0
DA:311,0
DA:313,0
DA:314,0
DA:315,0
DA:316,0
DA:318,0
DA:324,0
DA:333,0
DA:336,0
DA:337,0
LF:157
LH:12
BRDA:17,0,0,7
BRDA:17,0,1,0
BRDA:25,1,0,0
BRDA:25,1,1,0
BRDA:29,2,0,0
BRDA:29,2,1,0
BRDA:29,3,0,0
BRDA:29,3,1,0
BRDA:43,4,0,0
BRDA:43,4,1,0
BRDA:51,5,0,0
BRDA:51,5,1,0
BRDA:58,6,0,0
BRDA:58,6,1,0
BRDA:58,7,0,0
BRDA:58,7,1,0
BRDA:76,8,0,0
BRDA:76,8,1,0
BRDA:79,9,0,0
BRDA:79,9,1,0
BRDA:81,10,0,0
BRDA:81,10,1,0
BRDA:99,11,0,0
BRDA:99,11,1,0
BRDA:103,12,0,0
BRDA:103,12,1,0
BRDA:103,13,0,0
BRDA:103,13,1,0
BRDA:127,14,0,0
BRDA:127,14,1,0
BRDA:131,15,0,0
BRDA:131,15,1,0
BRDA:140,16,0,0
BRDA:140,16,1,0
BRDA:181,17,0,0
BRDA:181,17,1,0
BRDA:193,18,0,0
BRDA:193,18,1,0
BRDA:207,19,0,0
BRDA:207,20,0,0
BRDA:208,21,0,0
BRDA:208,21,1,0
BRDA:213,22,0,0
BRDA:213,22,1,0
BRDA:219,23,0,0
BRDA:219,23,1,0
BRDA:219,24,0,0
BRDA:219,24,1,0
BRDA:226,25,0,0
BRDA:226,25,1,0
BRDA:244,26,0,0
BRDA:244,26,1,0
BRDA:244,27,0,0
BRDA:244,27,1,0
BRDA:258,28,0,0
BRDA:258,28,1,0
BRDA:266,29,0,0
BRDA:266,29,1,0
BRDA:277,30,0,0
BRDA:293,31,0,0
BRDA:293,31,1,0
BRDA:296,32,0,0
BRDA:296,32,1,0
BRDA:313,33,0,0
BRDA:313,33,1,0
BRF:65
BRH:1
end_of_record
TN:
SF:src\utils\logParser.js
FN:10,(anonymous_0)
FN:110,(anonymous_1)
FN:113,(anonymous_2)
FN:118,(anonymous_3)
FN:122,(anonymous_4)
FN:129,(anonymous_5)
FNF:6
FNH:1
FNDA:1,(anonymous_0)
FNDA:0,(anonymous_1)
FNDA:0,(anonymous_2)
FNDA:0,(anonymous_3)
FNDA:0,(anonymous_4)
FNDA:0,(anonymous_5)
DA:10,2
DA:11,1
DA:13,1
DA:15,1
DA:16,1
DA:17,1
DA:18,1
DA:19,1
DA:20,1
DA:24,1
DA:28,1
DA:30,1
DA:31,1
DA:32,1
DA:33,1
DA:35,1
DA:36,0
DA:37,0
DA:38,0
DA:39,0
DA:40,0
DA:44,1
DA:45,1
DA:46,1
DA:47,1
DA:48,1
DA:49,1
DA:54,1
DA:55,1
DA:56,1
DA:58,1
DA:59,0
DA:60,0
DA:61,1
DA:62,0
DA:63,0
DA:64,1
DA:65,1
DA:66,1
DA:70,1
DA:75,1
DA:77,1
DA:78,1
DA:79,1
DA:80,1
DA:81,1
DA:82,0
DA:83,0
DA:84,0
DA:85,0
DA:86,0
DA:90,1
DA:100,0
DA:101,0
DA:110,2
DA:111,0
DA:113,0
DA:114,0
DA:116,0
DA:118,0
DA:119,0
DA:121,0
DA:122,0
DA:123,0
DA:125,0
DA:129,0
DA:130,0
DA:131,0
DA:134,0
DA:135,0
DA:136,0
DA:137,0
DA:138,0
DA:139,0
DA:140,0
DA:141,0
DA:142,0
DA:143,0
DA:146,0
DA:147,0
DA:148,0
DA:149,0
DA:151,0
DA:158,0
DA:159,0
DA:160,0
DA:161,0
DA:164,0
DA:165,0
DA:167,0
DA:170,0
DA:172,0
DA:173,0
LF:93
LH:39
BRDA:11,0,0,0
BRDA:11,0,1,1
BRDA:11,1,0,1
BRDA:11,1,1,1
BRDA:18,2,0,1
BRDA:18,2,1,0
BRDA:35,3,0,0
BRDA:35,3,1,1
BRDA:37,4,0,0
BRDA:37,4,1,0
BRDA:38,5,0,0
BRDA:38,5,1,0
BRDA:39,6,0,0
BRDA:39,6,1,0
BRDA:40,7,0,0
BRDA:40,7,1,0
BRDA:45,8,0,1
BRDA:45,8,1,0
BRDA:58,9,0,0
BRDA:58,9,1,1
BRDA:58,10,0,1
BRDA:58,10,1,1
BRDA:58,10,2,1
BRDA:58,10,3,1
BRDA:61,11,0,0
BRDA:61,11,1,1
BRDA:61,12,0,1
BRDA:61,12,1,1
BRDA:61,12,2,1
BRDA:64,13,0,1
BRDA:64,13,1,0
BRDA:64,14,0,1
BRDA:64,14,1,1
BRDA:64,14,2,1
BRDA:64,14,3,1
BRDA:80,15,0,1
BRDA:80,15,1,0
BRDA:81,16,0,1
BRDA:81,16,1,0
BRDA:82,17,0,0
BRDA:82,17,1,0
BRDA:83,18,0,0
BRDA:83,18,1,0
BRDA:84,19,0,0
BRDA:84,19,1,0
BRDA:85,20,0,0
BRDA:85,20,1,0
BRDA:111,21,0,0
BRDA:111,21,1,0
BRDA:111,22,0,0
BRDA:111,22,1,0
BRDA:114,23,0,0
BRDA:114,23,1,0
BRDA:123,24,0,0
BRDA:123,24,1,0
BRDA:131,25,0,0
BRDA:131,25,1,0
BRDA:134,26,0,0
BRDA:134,26,1,0
BRDA:134,27,0,0
BRDA:134,27,1,0
BRDA:136,28,0,0
BRDA:136,28,1,0
BRDA:138,29,0,0
BRDA:138,29,1,0
BRDA:138,30,0,0
BRDA:138,30,1,0
BRDA:140,31,0,0
BRDA:140,31,1,0
BRDA:142,32,0,0
BRDA:142,32,1,0
BRDA:142,33,0,0
BRDA:142,33,1,0
BRDA:147,34,0,0
BRDA:147,34,1,0
BRDA:148,35,0,0
BRDA:148,35,1,0
BRDA:158,36,0,0
BRDA:158,36,1,0
BRDA:159,37,0,0
BRDA:159,37,1,0
BRDA:160,38,0,0
BRDA:160,38,1,0
BRDA:161,39,0,0
BRDA:161,39,1,0
BRDA:164,40,0,0
BRDA:164,40,1,0
BRDA:165,41,0,0
BRDA:165,41,1,0
BRF:89
BRH:22
end_of_record
TN:
SF:src\utils\pagination.js
FN:1,(anonymous_0)
FN:6,(anonymous_1)
FNF:2
FNH:2
FNDA:6,(anonymous_0)
FNDA:18,(anonymous_1)
DA:1,8
DA:2,6
DA:3,6
DA:4,6
DA:6,18
DA:8,6
DA:11,6
DA:19,6
DA:20,6
DA:29,6
DA:36,6
LF:11
LH:11
BRDA:1,0,0,2
BRDA:3,1,0,6
BRDA:3,1,1,0
BRDA:4,2,0,6
BRDA:4,2,1,0
BRDA:6,3,0,18
BRDA:6,3,1,0
BRDA:12,4,0,0
BRDA:12,4,1,6
BRDA:14,5,0,0
BRDA:14,5,1,6
BRDA:30,6,0,0
BRDA:30,6,1,6
BRDA:32,7,0,0
BRDA:32,7,1,6
BRDA:45,8,0,0
BRDA:45,8,1,6
BRDA:48,9,0,0
BRDA:48,9,1,6
BRF:19
BRH:10
end_of_record
TN:
SF:src\utils\response.js
FN:1,(anonymous_0)
FN:10,(anonymous_1)
FN:19,(anonymous_2)
FNF:3
FNH:3
FNDA:11,(anonymous_0)
FNDA:9,(anonymous_1)
FNDA:6,(anonymous_2)
DA:1,9
DA:2,11
DA:7,11
DA:10,9
DA:11,9
DA:16,9
DA:19,9
DA:20,6
DA:26,6
LF:9
LH:9
BRDA:1,0,0,0
BRDA:1,1,0,9
BRDA:10,2,0,0
BRDA:10,3,0,0
BRDA:10,4,0,0
BRDA:19,5,0,0
BRDA:19,6,0,6
BRF:7
BRH:2
end_of_record
TN:
SF:src\utils\roles.js
FN:19,(anonymous_0)
FN:25,(anonymous_1)
FNF:2
FNH:1
FNDA:6,(anonymous_0)
FNDA:0,(anonymous_1)
DA:1,4
DA:8,4
DA:10,4
DA:19,4
DA:20,6
DA:21,6
DA:22,6
DA:25,4
LF:8
LH:8
BRDA:20,0,0,0
BRDA:20,0,1,6
BRDA:22,1,0,6
BRDA:22,1,1,6
BRF:4
BRH:3
end_of_record
